<?xml version="1.0" encoding="UTF-8"?>
<robot generator="Robot 5.0.1 (Python 3.10.6 on linux)" generated="20230317 14:48:48.322" rpa="false" schemaversion="3">
<suite id="s1" name="Test" source="/home/procesor/Dokumenty/GitHub/RobotFrameWorkAmazon/RobotFramework/test/test.robot">
<kw name="Init" type="SETUP">
<msg timestamp="20230317 14:48:48.337" level="FAIL">No keyword with name 'Init' found.</msg>
<status status="FAIL" starttime="20230317 14:48:48.337" endtime="20230317 14:48:48.337"/>
</kw>
<test id="s1-t1" name="TC1 :: Find Product" line="7">
<doc>done</doc>
<tag>2</tag>
<status status="FAIL" starttime="20230317 14:48:48.337" endtime="20230317 14:48:48.338">Parent suite setup failed:
No keyword with name 'Init' found.</status>
</test>
<test id="s1-t2" name="TC2 ::Adding goods to the shopping cart" line="15">
<doc>done</doc>
<status status="FAIL" starttime="20230317 14:48:48.338" endtime="20230317 14:48:48.338">Parent suite setup failed:
No keyword with name 'Init' found.</status>
</test>
<test id="s1-t3" name="TC3 :: Filter" line="28">
<doc>Done</doc>
<status status="FAIL" starttime="20230317 14:48:48.339" endtime="20230317 14:48:48.339">Parent suite setup failed:
No keyword with name 'Init' found.</status>
</test>
<test id="s1-t4" name="TC4 :: Category - Video Sports" line="40">
<status status="FAIL" starttime="20230317 14:48:48.339" endtime="20230317 14:48:48.339">Parent suite setup failed:
No keyword with name 'Init' found.</status>
</test>
<test id="s1-t5" name="TC5 :: Login" line="48">
<status status="FAIL" starttime="20230317 14:48:48.339" endtime="20230317 14:48:48.340">Parent suite setup failed:
No keyword with name 'Init' found.</status>
</test>
<doc>Common TC</doc>
<status status="FAIL" starttime="20230317 14:48:48.323" endtime="20230317 14:48:48.340">Suite setup failed:
No keyword with name 'Init' found.</status>
</suite>
<statistics>
<total>
<stat pass="0" fail="5" skip="0">All Tests</stat>
</total>
<tag>
<stat pass="0" fail="1" skip="0">2</stat>
</tag>
<suite>
<stat pass="0" fail="5" skip="0" id="s1" name="Test">Test</stat>
</suite>
</statistics>
<errors>
<msg timestamp="20230317 14:48:48.336" level="ERROR">Error in file '/home/procesor/Dokumenty/GitHub/RobotFrameWorkAmazon/RobotFramework/test/test.robot' on line 3: Resource file '/home/procesor/Dokumenty/GitHub/RobotFrameWorkAmazon/RobotFramework/test/__init.robot' does not exist.</msg>
</errors>
</robot>
