<?xml version="1.0" encoding="UTF-8"?>
<robot generator="Robot 5.0.1 (Python 3.10.6 on linux)" generated="20221013 06:28:21.466" rpa="false" schemaversion="3">
<suite id="s1" name="Test" source="/home/procesor/Dokumenty/GitHub/RobotFrameWorkAmazon/test/test.robot">
<kw name="Init" library="__init" type="SETUP">
<doc>Most important file in folder. There you set up path, platform, language etc.
Every resource or robot file must be here under Import resource.</doc>
<kw name="Set Global Variable" library="BuiltIn">
<arg>${ROOT}</arg>
<arg>/home/procesor/Dokumenty/GitHub/RobotFrameWorkAmazon</arg>
<doc>Makes a variable available globally in all tests and suites.</doc>
<msg timestamp="20221013 06:28:21.542" level="INFO">${ROOT} = /home/procesor/Dokumenty/GitHub/RobotFrameWorkAmazon</msg>
<status status="PASS" starttime="20221013 06:28:21.542" endtime="20221013 06:28:21.542"/>
</kw>
<kw name="Set Global Variable" library="BuiltIn">
<arg>${ROOT_KEYWORDS_MOBILE}</arg>
<arg>${ROOT}${/}resource${/}page_object_model${/}keywords</arg>
<doc>Makes a variable available globally in all tests and suites.</doc>
<msg timestamp="20221013 06:28:21.543" level="INFO">${ROOT_KEYWORDS_MOBILE} = /home/procesor/Dokumenty/GitHub/RobotFrameWorkAmazon/resource/page_object_model/keywords</msg>
<status status="PASS" starttime="20221013 06:28:21.542" endtime="20221013 06:28:21.543"/>
</kw>
<kw name="Set Global Variable" library="BuiltIn">
<arg>${ROOT_USERS}</arg>
<arg>${ROOT}${/}resource${/}test_data${/}users</arg>
<doc>Makes a variable available globally in all tests and suites.</doc>
<msg timestamp="20221013 06:28:21.543" level="INFO">${ROOT_USERS} = /home/procesor/Dokumenty/GitHub/RobotFrameWorkAmazon/resource/test_data/users</msg>
<status status="PASS" starttime="20221013 06:28:21.543" endtime="20221013 06:28:21.543"/>
</kw>
<kw name="Set Global Variable" library="BuiltIn">
<arg>${ROOT_VARIABLES_MOBILE}</arg>
<arg>${ROOT}${/}resource${/}page_object_model${/}variables</arg>
<doc>Makes a variable available globally in all tests and suites.</doc>
<msg timestamp="20221013 06:28:21.544" level="INFO">${ROOT_VARIABLES_MOBILE} = /home/procesor/Dokumenty/GitHub/RobotFrameWorkAmazon/resource/page_object_model/variables</msg>
<status status="PASS" starttime="20221013 06:28:21.544" endtime="20221013 06:28:21.544"/>
</kw>
<kw name="Set Global Variable" library="BuiltIn">
<arg>${APK_NAME}</arg>
<arg>amazon-shopping.apk</arg>
<doc>Makes a variable available globally in all tests and suites.</doc>
<msg timestamp="20221013 06:28:21.545" level="INFO">${APK_NAME} = amazon-shopping.apk</msg>
<status status="PASS" starttime="20221013 06:28:21.544" endtime="20221013 06:28:21.545"/>
</kw>
<kw name="Set Global Variable" library="BuiltIn">
<arg>${APP_LOCATION}</arg>
<arg>${ROOT}${/}resource${/}test_data${/}application${/}</arg>
<doc>Makes a variable available globally in all tests and suites.</doc>
<msg timestamp="20221013 06:28:21.545" level="INFO">${APP_LOCATION} = /home/procesor/Dokumenty/GitHub/RobotFrameWorkAmazon/resource/test_data/application/</msg>
<status status="PASS" starttime="20221013 06:28:21.545" endtime="20221013 06:28:21.545"/>
</kw>
<kw name="Import Resource" library="BuiltIn">
<arg>${ROOT_KEYWORDS_MOBILE}${/}common.robot</arg>
<doc>Imports a resource file with the given path.</doc>
<status status="PASS" starttime="20221013 06:28:21.545" endtime="20221013 06:28:21.552"/>
</kw>
<kw name="Import Resource" library="BuiltIn">
<arg>${ROOT_KEYWORDS_MOBILE}${/}page${/}login.robot</arg>
<doc>Imports a resource file with the given path.</doc>
<status status="PASS" starttime="20221013 06:28:21.552" endtime="20221013 06:28:21.553"/>
</kw>
<kw name="Import Resource" library="BuiltIn">
<arg>${ROOT_KEYWORDS_MOBILE}${/}page${/}dashboard.robot</arg>
<doc>Imports a resource file with the given path.</doc>
<status status="PASS" starttime="20221013 06:28:21.553" endtime="20221013 06:28:21.554"/>
</kw>
<kw name="Import Resource" library="BuiltIn">
<arg>${ROOT_KEYWORDS_MOBILE}${/}page${/}search_result.robot</arg>
<doc>Imports a resource file with the given path.</doc>
<status status="PASS" starttime="20221013 06:28:21.554" endtime="20221013 06:28:21.556"/>
</kw>
<kw name="Import Resource" library="BuiltIn">
<arg>${ROOT_KEYWORDS_MOBILE}${/}page${/}cart.robot</arg>
<doc>Imports a resource file with the given path.</doc>
<status status="PASS" starttime="20221013 06:28:21.556" endtime="20221013 06:28:21.556"/>
</kw>
<kw name="Import Resource" library="BuiltIn">
<arg>${ROOT_KEYWORDS_MOBILE}${/}page${/}video.robot</arg>
<doc>Imports a resource file with the given path.</doc>
<status status="PASS" starttime="20221013 06:28:21.557" endtime="20221013 06:28:21.557"/>
</kw>
<kw name="Import Resource" library="BuiltIn">
<arg>${ROOT_KEYWORDS_MOBILE}${/}page${/}sign_up.robot</arg>
<doc>Imports a resource file with the given path.</doc>
<status status="PASS" starttime="20221013 06:28:21.557" endtime="20221013 06:28:21.558"/>
</kw>
<kw name="Import Resource" library="BuiltIn">
<arg>${ROOT_KEYWORDS_MOBILE}${/}components${/}search_bar.robot</arg>
<doc>Imports a resource file with the given path.</doc>
<status status="PASS" starttime="20221013 06:28:21.558" endtime="20221013 06:28:21.559"/>
</kw>
<kw name="Import Resource" library="BuiltIn">
<arg>${ROOT_KEYWORDS_MOBILE}${/}components${/}menu.robot</arg>
<doc>Imports a resource file with the given path.</doc>
<status status="PASS" starttime="20221013 06:28:21.559" endtime="20221013 06:28:21.561"/>
</kw>
<kw name="Import Resource" library="BuiltIn">
<arg>${ROOT_KEYWORDS_MOBILE}${/}components${/}modal_cart.robot</arg>
<doc>Imports a resource file with the given path.</doc>
<status status="PASS" starttime="20221013 06:28:21.561" endtime="20221013 06:28:21.562"/>
</kw>
<kw name="Import Resource" library="BuiltIn">
<arg>${ROOT_KEYWORDS_MOBILE}${/}components${/}modal_filter_search.robot</arg>
<doc>Imports a resource file with the given path.</doc>
<status status="PASS" starttime="20221013 06:28:21.562" endtime="20221013 06:28:21.564"/>
</kw>
<kw name="Import Resource" library="BuiltIn">
<arg>${ROOT_VARIABLES_MOBILE}${/}common.resource</arg>
<doc>Imports a resource file with the given path.</doc>
<status status="PASS" starttime="20221013 06:28:21.564" endtime="20221013 06:28:21.565"/>
</kw>
<kw name="Import Resource" library="BuiltIn">
<arg>${ROOT_VARIABLES_MOBILE}${/}page${/}login.resource</arg>
<doc>Imports a resource file with the given path.</doc>
<status status="PASS" starttime="20221013 06:28:21.565" endtime="20221013 06:28:21.566"/>
</kw>
<kw name="Import Resource" library="BuiltIn">
<arg>${ROOT_VARIABLES_MOBILE}${/}page${/}dashboard.resource</arg>
<doc>Imports a resource file with the given path.</doc>
<status status="PASS" starttime="20221013 06:28:21.566" endtime="20221013 06:28:21.566"/>
</kw>
<kw name="Import Resource" library="BuiltIn">
<arg>${ROOT_VARIABLES_MOBILE}${/}page${/}search_result.resource</arg>
<doc>Imports a resource file with the given path.</doc>
<status status="PASS" starttime="20221013 06:28:21.567" endtime="20221013 06:28:21.567"/>
</kw>
<kw name="Import Resource" library="BuiltIn">
<arg>${ROOT_VARIABLES_MOBILE}${/}page${/}cart.resource</arg>
<doc>Imports a resource file with the given path.</doc>
<status status="PASS" starttime="20221013 06:28:21.567" endtime="20221013 06:28:21.568"/>
</kw>
<kw name="Import Resource" library="BuiltIn">
<arg>${ROOT_VARIABLES_MOBILE}${/}page${/}video.resource</arg>
<doc>Imports a resource file with the given path.</doc>
<status status="PASS" starttime="20221013 06:28:21.568" endtime="20221013 06:28:21.568"/>
</kw>
<kw name="Import Resource" library="BuiltIn">
<arg>${ROOT_VARIABLES_MOBILE}${/}page${/}sign_up.resource</arg>
<doc>Imports a resource file with the given path.</doc>
<status status="PASS" starttime="20221013 06:28:21.569" endtime="20221013 06:28:21.569"/>
</kw>
<kw name="Import Resource" library="BuiltIn">
<arg>${ROOT_VARIABLES_MOBILE}${/}components${/}search_bar.resource</arg>
<doc>Imports a resource file with the given path.</doc>
<status status="PASS" starttime="20221013 06:28:21.569" endtime="20221013 06:28:21.570"/>
</kw>
<kw name="Import Resource" library="BuiltIn">
<arg>${ROOT_VARIABLES_MOBILE}${/}components${/}menu.resource</arg>
<doc>Imports a resource file with the given path.</doc>
<status status="PASS" starttime="20221013 06:28:21.570" endtime="20221013 06:28:21.571"/>
</kw>
<kw name="Import Resource" library="BuiltIn">
<arg>${ROOT_VARIABLES_MOBILE}${/}components${/}modal_cart.resource</arg>
<doc>Imports a resource file with the given path.</doc>
<status status="PASS" starttime="20221013 06:28:21.571" endtime="20221013 06:28:21.571"/>
</kw>
<kw name="Import Resource" library="BuiltIn">
<arg>${ROOT_VARIABLES_MOBILE}${/}components${/}modal_filter_search.resource</arg>
<doc>Imports a resource file with the given path.</doc>
<status status="PASS" starttime="20221013 06:28:21.571" endtime="20221013 06:28:21.572"/>
</kw>
<status status="PASS" starttime="20221013 06:28:21.542" endtime="20221013 06:28:21.572"/>
</kw>
<test id="s1-t1" name="TC5 :: Login" line="40">
<kw name="Connect to Emulator" library="common">
<doc>Basic connections to android emulator</doc>
<kw name="Set Appium Timeout" library="AppiumLibrary">
<arg>10 seconds</arg>
<doc>Sets the timeout in seconds used by various keywords.</doc>
<status status="PASS" starttime="20221013 06:28:21.573" endtime="20221013 06:28:21.573"/>
</kw>
<kw name="Open Application" library="AppiumLibrary">
<arg>${APPIUM_SERVER}</arg>
<arg>platformName=${PLATFORM}</arg>
<arg>app=${APP_LOCATION}${APK_NAME}</arg>
<arg>appPackage=${PACKAGE_NAME}</arg>
<arg>appActivity=${APP_MAIN_ACTIVITY}</arg>
<arg>noReset=${RESET_OFF}</arg>
<arg>fullReset=${FULL_RESET_ON}</arg>
<arg>newCommandTimeout=${NEW_COMMAND_TIMEOUT}</arg>
<doc>Opens a new application to given Appium server.
Capabilities of appium server, Android and iOS,
Please check https://github.com/appium/appium/blob/master/docs/en/writing-running-appium/server-args.md
| *Option*            | *Man.* | *Description*     |
| remote_url          | Yes    | Appium server url |
| alias               | no     | alias             |</doc>
<status status="PASS" starttime="20221013 06:28:21.573" endtime="20221013 06:28:30.507"/>
</kw>
<status status="PASS" starttime="20221013 06:28:21.572" endtime="20221013 06:28:30.508"/>
</kw>
<kw name="Set user" library="common">
<arg>login_user</arg>
<doc>We set up user for test. After we try to find him in database and delete it.</doc>
<kw name="Import Resource" library="BuiltIn">
<arg>${ROOT_USERS}${/}${user_name}.resource</arg>
<doc>Imports a resource file with the given path.</doc>
<status status="PASS" starttime="20221013 06:28:30.508" endtime="20221013 06:28:30.509"/>
</kw>
<status status="PASS" starttime="20221013 06:28:30.508" endtime="20221013 06:28:30.509"/>
</kw>
<kw name="Click To Login" library="login">
<kw name="Click to Element" library="common">
<arg>${LOGIN_LOGIN_BUTTON}</arg>
<doc>Support keyword. Keyword combine two basic keyword to one.</doc>
<kw name="Wait Until Element Is Visible" library="AppiumLibrary">
<arg>${element_andr}</arg>
<arg>${wait_time}</arg>
<doc>Waits until element specified with `locator` is visible.</doc>
<status status="PASS" starttime="20221013 06:28:30.510" endtime="20221013 06:28:32.400"/>
</kw>
<kw name="Click Element" library="AppiumLibrary">
<arg>${element_andr}</arg>
<doc>Click element identified by `locator`.</doc>
<msg timestamp="20221013 06:28:32.401" level="INFO">Clicking element 'com.amazon.mShop.android.shopping:id/sign_in_button'.</msg>
<status status="PASS" starttime="20221013 06:28:32.400" endtime="20221013 06:28:32.453"/>
</kw>
<status status="PASS" starttime="20221013 06:28:30.510" endtime="20221013 06:28:32.453"/>
</kw>
<status status="PASS" starttime="20221013 06:28:30.509" endtime="20221013 06:28:32.453"/>
</kw>
<kw name="Sign Up User" library="sign_up">
<kw name="Sign Up Enter Email" library="sign_up">
<kw name="Input text to Element" library="common">
<arg>${SIGNUP_EMAIL}</arg>
<arg>${USER_EMAIL}</arg>
<kw name="Wait Until Element Is Visible" library="AppiumLibrary">
<arg>${element}</arg>
<doc>Waits until element specified with `locator` is visible.</doc>
<status status="PASS" starttime="20221013 06:28:32.454" endtime="20221013 06:28:34.403"/>
</kw>
<kw name="Input Text" library="AppiumLibrary">
<arg>${element}</arg>
<arg>${text}</arg>
<doc>Types the given `text` into text field identified by `locator`.</doc>
<msg timestamp="20221013 06:28:34.405" level="INFO">Typing text 'automation.test.tesena.101@gmail.com' into text field 'xpath=//android.widget.EditText[@resource-id='ap_email_login']'</msg>
<status status="PASS" starttime="20221013 06:28:34.403" endtime="20221013 06:28:34.735"/>
</kw>
<status status="PASS" starttime="20221013 06:28:32.454" endtime="20221013 06:28:34.735"/>
</kw>
<status status="PASS" starttime="20221013 06:28:32.453" endtime="20221013 06:28:34.735"/>
</kw>
<kw name="Sign Up Click To Continue" library="sign_up">
<kw name="Click to Element" library="common">
<arg>${SIGNUP_CONTINUE_BUTTON}</arg>
<doc>Support keyword. Keyword combine two basic keyword to one.</doc>
<kw name="Wait Until Element Is Visible" library="AppiumLibrary">
<arg>${element_andr}</arg>
<arg>${wait_time}</arg>
<doc>Waits until element specified with `locator` is visible.</doc>
<status status="PASS" starttime="20221013 06:28:34.736" endtime="20221013 06:28:35.355"/>
</kw>
<kw name="Click Element" library="AppiumLibrary">
<arg>${element_andr}</arg>
<doc>Click element identified by `locator`.</doc>
<msg timestamp="20221013 06:28:35.356" level="INFO">Clicking element 'xpath=//android.widget.Button[@resource-id='continue']'.</msg>
<status status="PASS" starttime="20221013 06:28:35.355" endtime="20221013 06:28:35.452"/>
</kw>
<status status="PASS" starttime="20221013 06:28:34.735" endtime="20221013 06:28:35.452"/>
</kw>
<status status="PASS" starttime="20221013 06:28:34.735" endtime="20221013 06:28:35.452"/>
</kw>
<status status="PASS" starttime="20221013 06:28:32.453" endtime="20221013 06:28:35.452"/>
</kw>
<tag>2</tag>
<status status="PASS" starttime="20221013 06:28:21.572" endtime="20221013 06:28:35.452"/>
</test>
<doc>Common TC</doc>
<status status="PASS" starttime="20221013 06:28:21.467" endtime="20221013 06:28:35.453"/>
</suite>
<statistics>
<total>
<stat pass="1" fail="0" skip="0">All Tests</stat>
</total>
<tag>
<stat pass="1" fail="0" skip="0">2</stat>
</tag>
<suite>
<stat pass="1" fail="0" skip="0" id="s1" name="Test">Test</stat>
</suite>
</statistics>
<errors>
</errors>
</robot>
