<?xml version="1.0" encoding="UTF-8"?>
<robot generator="Robot 5.0.1 (Python 3.10.6 on linux)" generated="20230414 17:30:37.755" rpa="false" schemaversion="3">
<suite id="s1" name="Test" source="/home/procesor/Dokumenty/GitHub/RobotFrameWorkAmazon/RobotFramework/test/test.robot">
<kw name="Init" library="__init" type="SETUP">
<doc>Most important file in folder. There you set up path, platform, language etc.
Every resource or robot file must be here under Import resource.</doc>
<kw name="Set Global Variable" library="BuiltIn">
<arg>${ROOT}</arg>
<arg>/home/procesor/Dokumenty/GitHub/RobotFrameWorkAmazon/RobotFramework</arg>
<doc>Makes a variable available globally in all tests and suites.</doc>
<msg timestamp="20230414 17:30:38.554" level="INFO">${ROOT} = /home/procesor/Dokumenty/GitHub/RobotFrameWorkAmazon/RobotFramework</msg>
<status status="PASS" starttime="20230414 17:30:38.490" endtime="20230414 17:30:38.555"/>
</kw>
<kw name="Set Global Variable" library="BuiltIn">
<arg>${ROOT_KEYWORDS_MOBILE}</arg>
<arg>${ROOT}${/}resource${/}page_object_model${/}keywords</arg>
<doc>Makes a variable available globally in all tests and suites.</doc>
<msg timestamp="20230414 17:30:38.681" level="INFO">${ROOT_KEYWORDS_MOBILE} = /home/procesor/Dokumenty/GitHub/RobotFrameWorkAmazon/RobotFramework/resource/page_object_model/keywords</msg>
<status status="PASS" starttime="20230414 17:30:38.617" endtime="20230414 17:30:38.681"/>
</kw>
<kw name="Set Global Variable" library="BuiltIn">
<arg>${ROOT_USERS}</arg>
<arg>${ROOT}${/}resource${/}test_data${/}users</arg>
<doc>Makes a variable available globally in all tests and suites.</doc>
<msg timestamp="20230414 17:30:38.806" level="INFO">${ROOT_USERS} = /home/procesor/Dokumenty/GitHub/RobotFrameWorkAmazon/RobotFramework/resource/test_data/users</msg>
<status status="PASS" starttime="20230414 17:30:38.743" endtime="20230414 17:30:38.806"/>
</kw>
<kw name="Set Global Variable" library="BuiltIn">
<arg>${ROOT_VARIABLES_MOBILE}</arg>
<arg>${ROOT}${/}resource${/}page_object_model${/}variables</arg>
<doc>Makes a variable available globally in all tests and suites.</doc>
<msg timestamp="20230414 17:30:38.928" level="INFO">${ROOT_VARIABLES_MOBILE} = /home/procesor/Dokumenty/GitHub/RobotFrameWorkAmazon/RobotFramework/resource/page_object_model/variables</msg>
<status status="PASS" starttime="20230414 17:30:38.869" endtime="20230414 17:30:38.928"/>
</kw>
<kw name="Set Global Variable" library="BuiltIn">
<arg>${APK_NAME}</arg>
<arg>amazon-shopping.apk</arg>
<doc>Makes a variable available globally in all tests and suites.</doc>
<msg timestamp="20230414 17:30:39.051" level="INFO">${APK_NAME} = amazon-shopping.apk</msg>
<status status="PASS" starttime="20230414 17:30:38.987" endtime="20230414 17:30:39.051"/>
</kw>
<kw name="Set Global Variable" library="BuiltIn">
<arg>${APP_LOCATION}</arg>
<arg>${ROOT}${/}resource${/}test_data${/}application${/}</arg>
<doc>Makes a variable available globally in all tests and suites.</doc>
<msg timestamp="20230414 17:30:39.176" level="INFO">${APP_LOCATION} = /home/procesor/Dokumenty/GitHub/RobotFrameWorkAmazon/RobotFramework/resource/test_data/application/</msg>
<status status="PASS" starttime="20230414 17:30:39.112" endtime="20230414 17:30:39.176"/>
</kw>
<kw name="Import Resource" library="BuiltIn">
<arg>${ROOT_KEYWORDS_MOBILE}${/}common.robot</arg>
<doc>Imports a resource file with the given path.</doc>
<status status="PASS" starttime="20230414 17:30:39.238" endtime="20230414 17:30:39.307"/>
</kw>
<kw name="Import Resource" library="BuiltIn">
<arg>${ROOT_KEYWORDS_MOBILE}${/}page${/}login.robot</arg>
<doc>Imports a resource file with the given path.</doc>
<status status="PASS" starttime="20230414 17:30:39.368" endtime="20230414 17:30:39.433"/>
</kw>
<kw name="Import Resource" library="BuiltIn">
<arg>${ROOT_KEYWORDS_MOBILE}${/}page${/}dashboard.robot</arg>
<doc>Imports a resource file with the given path.</doc>
<status status="PASS" starttime="20230414 17:30:39.494" endtime="20230414 17:30:39.557"/>
</kw>
<kw name="Import Resource" library="BuiltIn">
<arg>${ROOT_KEYWORDS_MOBILE}${/}page${/}search_result.robot</arg>
<doc>Imports a resource file with the given path.</doc>
<status status="PASS" starttime="20230414 17:30:39.619" endtime="20230414 17:30:39.687"/>
</kw>
<kw name="Import Resource" library="BuiltIn">
<arg>${ROOT_KEYWORDS_MOBILE}${/}page${/}cart.robot</arg>
<doc>Imports a resource file with the given path.</doc>
<status status="PASS" starttime="20230414 17:30:39.748" endtime="20230414 17:30:39.810"/>
</kw>
<kw name="Import Resource" library="BuiltIn">
<arg>${ROOT_KEYWORDS_MOBILE}${/}page${/}video.robot</arg>
<doc>Imports a resource file with the given path.</doc>
<status status="PASS" starttime="20230414 17:30:39.870" endtime="20230414 17:30:39.933"/>
</kw>
<kw name="Import Resource" library="BuiltIn">
<arg>${ROOT_KEYWORDS_MOBILE}${/}page${/}sign_up.robot</arg>
<doc>Imports a resource file with the given path.</doc>
<status status="PASS" starttime="20230414 17:30:39.994" endtime="20230414 17:30:40.066"/>
</kw>
<kw name="Import Resource" library="BuiltIn">
<arg>${ROOT_KEYWORDS_MOBILE}${/}components${/}search_bar.robot</arg>
<doc>Imports a resource file with the given path.</doc>
<status status="PASS" starttime="20230414 17:30:40.133" endtime="20230414 17:30:40.195"/>
</kw>
<kw name="Import Resource" library="BuiltIn">
<arg>${ROOT_KEYWORDS_MOBILE}${/}components${/}menu.robot</arg>
<doc>Imports a resource file with the given path.</doc>
<status status="PASS" starttime="20230414 17:30:40.256" endtime="20230414 17:30:40.324"/>
</kw>
<kw name="Import Resource" library="BuiltIn">
<arg>${ROOT_KEYWORDS_MOBILE}${/}components${/}modal_cart.robot</arg>
<doc>Imports a resource file with the given path.</doc>
<status status="PASS" starttime="20230414 17:30:40.387" endtime="20230414 17:30:40.450"/>
</kw>
<kw name="Import Resource" library="BuiltIn">
<arg>${ROOT_KEYWORDS_MOBILE}${/}components${/}modal_filter_search.robot</arg>
<doc>Imports a resource file with the given path.</doc>
<status status="PASS" starttime="20230414 17:30:40.515" endtime="20230414 17:30:40.580"/>
</kw>
<kw name="Import Resource" library="BuiltIn">
<arg>${ROOT_VARIABLES_MOBILE}${/}common.resource</arg>
<doc>Imports a resource file with the given path.</doc>
<status status="PASS" starttime="20230414 17:30:40.640" endtime="20230414 17:30:40.706"/>
</kw>
<kw name="Import Resource" library="BuiltIn">
<arg>${ROOT_VARIABLES_MOBILE}${/}page${/}login.resource</arg>
<doc>Imports a resource file with the given path.</doc>
<status status="PASS" starttime="20230414 17:30:40.776" endtime="20230414 17:30:40.838"/>
</kw>
<kw name="Import Resource" library="BuiltIn">
<arg>${ROOT_VARIABLES_MOBILE}${/}page${/}dashboard.resource</arg>
<doc>Imports a resource file with the given path.</doc>
<status status="PASS" starttime="20230414 17:30:40.898" endtime="20230414 17:30:40.963"/>
</kw>
<kw name="Import Resource" library="BuiltIn">
<arg>${ROOT_VARIABLES_MOBILE}${/}page${/}search_result.resource</arg>
<doc>Imports a resource file with the given path.</doc>
<status status="PASS" starttime="20230414 17:30:41.031" endtime="20230414 17:30:41.095"/>
</kw>
<kw name="Import Resource" library="BuiltIn">
<arg>${ROOT_VARIABLES_MOBILE}${/}page${/}cart.resource</arg>
<doc>Imports a resource file with the given path.</doc>
<status status="PASS" starttime="20230414 17:30:41.157" endtime="20230414 17:30:41.221"/>
</kw>
<kw name="Import Resource" library="BuiltIn">
<arg>${ROOT_VARIABLES_MOBILE}${/}page${/}video.resource</arg>
<doc>Imports a resource file with the given path.</doc>
<status status="PASS" starttime="20230414 17:30:41.281" endtime="20230414 17:30:41.343"/>
</kw>
<kw name="Import Resource" library="BuiltIn">
<arg>${ROOT_VARIABLES_MOBILE}${/}page${/}sign_up.resource</arg>
<doc>Imports a resource file with the given path.</doc>
<status status="PASS" starttime="20230414 17:30:41.405" endtime="20230414 17:30:41.468"/>
</kw>
<kw name="Import Resource" library="BuiltIn">
<arg>${ROOT_VARIABLES_MOBILE}${/}components${/}search_bar.resource</arg>
<doc>Imports a resource file with the given path.</doc>
<status status="PASS" starttime="20230414 17:30:41.531" endtime="20230414 17:30:41.594"/>
</kw>
<kw name="Import Resource" library="BuiltIn">
<arg>${ROOT_VARIABLES_MOBILE}${/}components${/}menu.resource</arg>
<doc>Imports a resource file with the given path.</doc>
<status status="PASS" starttime="20230414 17:30:41.656" endtime="20230414 17:30:41.719"/>
</kw>
<kw name="Import Resource" library="BuiltIn">
<arg>${ROOT_VARIABLES_MOBILE}${/}components${/}modal_cart.resource</arg>
<doc>Imports a resource file with the given path.</doc>
<status status="PASS" starttime="20230414 17:30:41.781" endtime="20230414 17:30:41.846"/>
</kw>
<kw name="Import Resource" library="BuiltIn">
<arg>${ROOT_VARIABLES_MOBILE}${/}components${/}modal_filter_search.resource</arg>
<doc>Imports a resource file with the given path.</doc>
<status status="PASS" starttime="20230414 17:30:41.907" endtime="20230414 17:30:41.970"/>
</kw>
<status status="PASS" starttime="20230414 17:30:38.426" endtime="20230414 17:30:42.031"/>
</kw>
<test id="s1-t1" name="TC1 :: Find Product" line="7">
<kw name="Connect to Emulator 2" library="common">
<kw name="Set Appium Timeout" library="AppiumLibrary">
<arg>10 seconds</arg>
<doc>Sets the timeout in seconds used by various keywords.</doc>
<status status="PASS" starttime="20230414 17:30:42.212" endtime="20230414 17:30:42.277"/>
</kw>
<kw name="Open Application" library="AppiumLibrary">
<arg>${APPIUM_SERVER}</arg>
<arg>platformName=${PLATFORM}</arg>
<arg>app=${APP_LOCATION}${APK_NAME}</arg>
<arg>appPackage=${PACKAGE_NAME}</arg>
<arg>appActivity=${APP_MAIN_ACTIVITY}</arg>
<arg>newCommandTimeout=${NEW_COMMAND_TIMEOUT}</arg>
<arg>skipDeviceInitialization=${skipDeviceInitialization}</arg>
<arg>skipServerInstallation=${skipServerInstallation}</arg>
<arg>noReset=${RESET_ON}</arg>
<doc>Opens a new application to given Appium server.
Capabilities of appium server, Android and iOS,
Please check https://github.com/appium/appium/blob/master/docs/en/writing-running-appium/server-args.md
| *Option*            | *Man.* | *Description*     |
| remote_url          | Yes    | Appium server url |
| alias               | no     | alias             |</doc>
<status status="PASS" starttime="20230414 17:30:42.339" endtime="20230414 17:30:47.332"/>
</kw>
<kw name="Reset Application" library="AppiumLibrary">
<doc>Reset application. Open Application can be reset while Appium session is kept alive.</doc>
<status status="PASS" starttime="20230414 17:30:47.433" endtime="20230414 17:30:48.925"/>
</kw>
<status status="PASS" starttime="20230414 17:30:42.152" endtime="20230414 17:30:48.987"/>
</kw>
<kw name="Set user" library="common">
<arg>common_user</arg>
<doc>We set up user for test. After we try to find him in database and delete it.</doc>
<kw name="Import Resource" library="BuiltIn">
<arg>${ROOT_USERS}${/}${user_name}.resource</arg>
<doc>Imports a resource file with the given path.</doc>
<status status="PASS" starttime="20230414 17:30:49.110" endtime="20230414 17:30:49.191"/>
</kw>
<status status="PASS" starttime="20230414 17:30:49.049" endtime="20230414 17:30:49.249"/>
</kw>
<kw name="Skip Login" library="login">
<kw name="Click to Element" library="common">
<arg>${LOGIN_SKIP_LOGIN_BUTTON}</arg>
<doc>Support keyword. Keyword combine two basic keyword to one.</doc>
<kw name="Wait Until Element Is Visible" library="AppiumLibrary">
<arg>${element_andr}</arg>
<arg>${wait_time}</arg>
<doc>Waits until element specified with `locator` is visible.</doc>
<status status="PASS" starttime="20230414 17:30:49.427" endtime="20230414 17:30:50.502"/>
</kw>
<kw name="Click Element" library="AppiumLibrary">
<arg>${element_andr}</arg>
<doc>Click element identified by `locator`.</doc>
<msg timestamp="20230414 17:30:50.694" level="INFO">Clicking element 'com.amazon.mShop.android.shopping:id/skip_sign_in_button'.</msg>
<status status="PASS" starttime="20230414 17:30:50.601" endtime="20230414 17:30:50.743"/>
</kw>
<status status="PASS" starttime="20230414 17:30:49.368" endtime="20230414 17:30:50.818"/>
</kw>
<status status="PASS" starttime="20230414 17:30:49.309" endtime="20230414 17:30:50.884"/>
</kw>
<kw name="Dashboard - Find My Product" library="dashboard">
<kw name="Find Product" library="search_bar">
<arg>${USER_WHICH_PRODUCT_WE_WANT}</arg>
<kw name="Click to Element" library="common">
<arg>${SEARCH_BAR_HINT_VIEW}</arg>
<doc>Support keyword. Keyword combine two basic keyword to one.</doc>
<kw name="Wait Until Element Is Visible" library="AppiumLibrary">
<arg>${element_andr}</arg>
<arg>${wait_time}</arg>
<doc>Waits until element specified with `locator` is visible.</doc>
<status status="PASS" starttime="20230414 17:30:51.154" endtime="20230414 17:30:52.423"/>
</kw>
<kw name="Click Element" library="AppiumLibrary">
<arg>${element_andr}</arg>
<doc>Click element identified by `locator`.</doc>
<msg timestamp="20230414 17:30:52.558" level="INFO">Clicking element 'com.amazon.mShop.android.shopping:id/chrome_search_hint_view'.</msg>
<status status="PASS" starttime="20230414 17:30:52.496" endtime="20230414 17:30:54.540"/>
</kw>
<status status="PASS" starttime="20230414 17:30:51.094" endtime="20230414 17:30:54.599"/>
</kw>
<kw name="Input text to Element" library="common">
<arg>${SEARCH_BAR_INPUT}</arg>
<arg>${product}</arg>
<kw name="Wait Until Element Is Visible" library="AppiumLibrary">
<arg>${element}</arg>
<doc>Waits until element specified with `locator` is visible.</doc>
<status status="PASS" starttime="20230414 17:30:54.720" endtime="20230414 17:30:55.781"/>
</kw>
<kw name="Input Text" library="AppiumLibrary">
<arg>${element}</arg>
<arg>${text}</arg>
<doc>Types the given `text` into text field identified by `locator`.</doc>
<msg timestamp="20230414 17:30:55.913" level="INFO">Typing text 'Samsung' into text field 'com.amazon.mShop.android.shopping:id/rs_search_src_text'</msg>
<status status="PASS" starttime="20230414 17:30:55.843" endtime="20230414 17:30:55.962"/>
</kw>
<status status="PASS" starttime="20230414 17:30:54.659" endtime="20230414 17:30:56.021"/>
</kw>
<kw name="Press Keycode" library="AppiumLibrary">
<arg>66</arg>
<doc>Sends a press of keycode to the device.</doc>
<status status="PASS" starttime="20230414 17:30:56.081" endtime="20230414 17:30:56.807"/>
</kw>
<kw name="Log" library="BuiltIn">
<arg>Tapnuto</arg>
<doc>Logs the given message with the given level.</doc>
<msg timestamp="20230414 17:30:56.931" level="INFO">Tapnuto</msg>
<status status="PASS" starttime="20230414 17:30:56.869" endtime="20230414 17:30:56.931"/>
</kw>
<status status="PASS" starttime="20230414 17:30:51.033" endtime="20230414 17:30:56.993"/>
</kw>
<status status="PASS" starttime="20230414 17:30:50.953" endtime="20230414 17:30:57.063"/>
</kw>
<doc>done</doc>
<tag>0</tag>
<status status="PASS" starttime="20230414 17:30:42.092" endtime="20230414 17:30:57.122"/>
</test>
<test id="s1-t2" name="TC2 ::Adding goods to the shopping cart" line="15">
<kw name="Connect to Emulator" library="common">
<doc>Basic connections to android emulator</doc>
<kw name="Set Appium Timeout" library="AppiumLibrary">
<arg>10 seconds</arg>
<doc>Sets the timeout in seconds used by various keywords.</doc>
<status status="PASS" starttime="20230414 17:30:57.323" endtime="20230414 17:30:57.383"/>
</kw>
<kw name="Open Application" library="AppiumLibrary">
<arg>${APPIUM_SERVER}</arg>
<arg>platformName=${PLATFORM}</arg>
<arg>app=${APP_LOCATION}${APK_NAME}</arg>
<arg>appPackage=${PACKAGE_NAME}</arg>
<arg>appActivity=${APP_MAIN_ACTIVITY}</arg>
<arg>fullReset=${FULL_RESET_ON}</arg>
<arg>noReset=${RESET_OFF}</arg>
<arg>newCommandTimeout=${NEW_COMMAND_TIMEOUT}</arg>
<arg>platformVersion=${platformVersion}</arg>
<arg>deviceName=${deviceName}</arg>
<arg>automationName=${automationName}</arg>
<arg>unicodeKeyboard=${unicodeKeyboard}</arg>
<arg>resetKeyboard=${resetKeyboard}</arg>
<arg>udid=${udid}</arg>
<doc>Opens a new application to given Appium server.
Capabilities of appium server, Android and iOS,
Please check https://github.com/appium/appium/blob/master/docs/en/writing-running-appium/server-args.md
| *Option*            | *Man.* | *Description*     |
| remote_url          | Yes    | Appium server url |
| alias               | no     | alias             |</doc>
<status status="PASS" starttime="20230414 17:30:57.441" endtime="20230414 17:31:07.703"/>
</kw>
<status status="PASS" starttime="20230414 17:30:57.255" endtime="20230414 17:31:07.762"/>
</kw>
<kw name="Set user" library="common">
<arg>common_user</arg>
<doc>We set up user for test. After we try to find him in database and delete it.</doc>
<kw name="Import Resource" library="BuiltIn">
<arg>${ROOT_USERS}${/}${user_name}.resource</arg>
<doc>Imports a resource file with the given path.</doc>
<status status="PASS" starttime="20230414 17:31:07.881" endtime="20230414 17:31:07.940"/>
</kw>
<status status="PASS" starttime="20230414 17:31:07.822" endtime="20230414 17:31:07.999"/>
</kw>
<kw name="Skip Login" library="login">
<kw name="Click to Element" library="common">
<arg>${LOGIN_SKIP_LOGIN_BUTTON}</arg>
<doc>Support keyword. Keyword combine two basic keyword to one.</doc>
<kw name="Wait Until Element Is Visible" library="AppiumLibrary">
<arg>${element_andr}</arg>
<arg>${wait_time}</arg>
<doc>Waits until element specified with `locator` is visible.</doc>
<status status="PASS" starttime="20230414 17:31:08.180" endtime="20230414 17:31:09.075"/>
</kw>
<kw name="Click Element" library="AppiumLibrary">
<arg>${element_andr}</arg>
<doc>Click element identified by `locator`.</doc>
<msg timestamp="20230414 17:31:09.203" level="INFO">Clicking element 'com.amazon.mShop.android.shopping:id/skip_sign_in_button'.</msg>
<status status="PASS" starttime="20230414 17:31:09.141" endtime="20230414 17:31:09.255"/>
</kw>
<status status="PASS" starttime="20230414 17:31:08.121" endtime="20230414 17:31:09.341"/>
</kw>
<status status="PASS" starttime="20230414 17:31:08.058" endtime="20230414 17:31:09.440"/>
</kw>
<kw name="Dashboard - Find My Product" library="dashboard">
<kw name="Find Product" library="search_bar">
<arg>${USER_WHICH_PRODUCT_WE_WANT}</arg>
<kw name="Click to Element" library="common">
<arg>${SEARCH_BAR_HINT_VIEW}</arg>
<doc>Support keyword. Keyword combine two basic keyword to one.</doc>
<kw name="Wait Until Element Is Visible" library="AppiumLibrary">
<arg>${element_andr}</arg>
<arg>${wait_time}</arg>
<doc>Waits until element specified with `locator` is visible.</doc>
<status status="PASS" starttime="20230414 17:31:09.723" endtime="20230414 17:31:13.114"/>
</kw>
<kw name="Click Element" library="AppiumLibrary">
<arg>${element_andr}</arg>
<doc>Click element identified by `locator`.</doc>
<msg timestamp="20230414 17:31:13.250" level="INFO">Clicking element 'com.amazon.mShop.android.shopping:id/chrome_search_hint_view'.</msg>
<status status="PASS" starttime="20230414 17:31:13.175" endtime="20230414 17:31:14.471"/>
</kw>
<status status="PASS" starttime="20230414 17:31:09.662" endtime="20230414 17:31:14.532"/>
</kw>
<kw name="Input text to Element" library="common">
<arg>${SEARCH_BAR_INPUT}</arg>
<arg>${product}</arg>
<kw name="Wait Until Element Is Visible" library="AppiumLibrary">
<arg>${element}</arg>
<doc>Waits until element specified with `locator` is visible.</doc>
<status status="PASS" starttime="20230414 17:31:14.654" endtime="20230414 17:31:14.748"/>
</kw>
<kw name="Input Text" library="AppiumLibrary">
<arg>${element}</arg>
<arg>${text}</arg>
<doc>Types the given `text` into text field identified by `locator`.</doc>
<msg timestamp="20230414 17:31:14.873" level="INFO">Typing text 'Samsung' into text field 'com.amazon.mShop.android.shopping:id/rs_search_src_text'</msg>
<status status="PASS" starttime="20230414 17:31:14.808" endtime="20230414 17:31:15.578"/>
</kw>
<status status="PASS" starttime="20230414 17:31:14.594" endtime="20230414 17:31:15.640"/>
</kw>
<kw name="Press Keycode" library="AppiumLibrary">
<arg>66</arg>
<doc>Sends a press of keycode to the device.</doc>
<status status="PASS" starttime="20230414 17:31:15.698" endtime="20230414 17:31:16.407"/>
</kw>
<kw name="Log" library="BuiltIn">
<arg>Tapnuto</arg>
<doc>Logs the given message with the given level.</doc>
<msg timestamp="20230414 17:31:16.524" level="INFO">Tapnuto</msg>
<status status="PASS" starttime="20230414 17:31:16.466" endtime="20230414 17:31:16.524"/>
</kw>
<status status="PASS" starttime="20230414 17:31:09.558" endtime="20230414 17:31:16.582"/>
</kw>
<status status="PASS" starttime="20230414 17:31:09.499" endtime="20230414 17:31:16.641"/>
</kw>
<kw name="Sleep" library="BuiltIn">
<arg>3</arg>
<doc>Pauses the test executed for the given time.</doc>
<msg timestamp="20230414 17:31:19.761" level="INFO">Slept 3 seconds</msg>
<status status="PASS" starttime="20230414 17:31:16.700" endtime="20230414 17:31:19.761"/>
</kw>
<kw name="Dashboard - Find My Product" library="dashboard">
<kw name="Find Product" library="search_bar">
<arg>${USER_WHICH_PRODUCT_WE_WANT}</arg>
<kw name="Click to Element" library="common">
<arg>${SEARCH_BAR_HINT_VIEW}</arg>
<doc>Support keyword. Keyword combine two basic keyword to one.</doc>
<kw name="Wait Until Element Is Visible" library="AppiumLibrary">
<arg>${element_andr}</arg>
<arg>${wait_time}</arg>
<doc>Waits until element specified with `locator` is visible.</doc>
<status status="PASS" starttime="20230414 17:31:20.021" endtime="20230414 17:31:21.194"/>
</kw>
<kw name="Click Element" library="AppiumLibrary">
<arg>${element_andr}</arg>
<doc>Click element identified by `locator`.</doc>
<msg timestamp="20230414 17:31:21.315" level="INFO">Clicking element 'com.amazon.mShop.android.shopping:id/chrome_search_hint_view'.</msg>
<status status="PASS" starttime="20230414 17:31:21.252" endtime="20230414 17:31:22.375"/>
</kw>
<status status="PASS" starttime="20230414 17:31:19.962" endtime="20230414 17:31:22.439"/>
</kw>
<kw name="Input text to Element" library="common">
<arg>${SEARCH_BAR_INPUT}</arg>
<arg>${product}</arg>
<kw name="Wait Until Element Is Visible" library="AppiumLibrary">
<arg>${element}</arg>
<doc>Waits until element specified with `locator` is visible.</doc>
<status status="PASS" starttime="20230414 17:31:22.561" endtime="20230414 17:31:22.655"/>
</kw>
<kw name="Input Text" library="AppiumLibrary">
<arg>${element}</arg>
<arg>${text}</arg>
<doc>Types the given `text` into text field identified by `locator`.</doc>
<msg timestamp="20230414 17:31:22.781" level="INFO">Typing text 'Samsung' into text field 'com.amazon.mShop.android.shopping:id/rs_search_src_text'</msg>
<status status="PASS" starttime="20230414 17:31:22.714" endtime="20230414 17:31:22.826"/>
</kw>
<status status="PASS" starttime="20230414 17:31:22.501" endtime="20230414 17:31:22.885"/>
</kw>
<kw name="Press Keycode" library="AppiumLibrary">
<arg>66</arg>
<doc>Sends a press of keycode to the device.</doc>
<status status="PASS" starttime="20230414 17:31:22.948" endtime="20230414 17:31:23.679"/>
</kw>
<kw name="Log" library="BuiltIn">
<arg>Tapnuto</arg>
<doc>Logs the given message with the given level.</doc>
<msg timestamp="20230414 17:31:23.796" level="INFO">Tapnuto</msg>
<status status="PASS" starttime="20230414 17:31:23.739" endtime="20230414 17:31:23.796"/>
</kw>
<status status="PASS" starttime="20230414 17:31:19.892" endtime="20230414 17:31:23.855"/>
</kw>
<status status="PASS" starttime="20230414 17:31:19.832" endtime="20230414 17:31:23.918"/>
</kw>
<kw name="Find Product in Search result" library="search_result">
<kw name="Sleep" library="BuiltIn">
<arg>5</arg>
<doc>Pauses the test executed for the given time.</doc>
<msg timestamp="20230414 17:31:29.120" level="INFO">Slept 5 seconds</msg>
<status status="PASS" starttime="20230414 17:31:24.050" endtime="20230414 17:31:29.121"/>
</kw>
<kw name="Swipe Down 50" library="common">
<kw name="Swipe By Percent" library="AppiumLibrary">
<arg>50</arg>
<arg>50</arg>
<arg>50</arg>
<arg>0</arg>
<doc>Swipe from one percent of the screen to another percent, for an optional duration.
Normal swipe fails to scale for different screen resolutions, this can be avoided using percent.</doc>
<status status="PASS" starttime="20230414 17:31:29.240" endtime="20230414 17:31:30.608"/>
</kw>
<status status="PASS" starttime="20230414 17:31:29.180" endtime="20230414 17:31:30.666"/>
</kw>
<kw name="Get Webelements" library="AppiumLibrary">
<var>@{elements}</var>
<arg>${id_elements}</arg>
<doc>Returns list of [http://selenium-python.readthedocs.io/api.html#module-selenium.webdriver.remote.webelement|WebElement] objects matching ``locator``.</doc>
<msg timestamp="20230414 17:31:30.960" level="INFO">@{elements} = [ &lt;appium.webdriver.webelement.WebElement (session="1a14c38e-0126-4611-8d6f-7968040ea3a9", element="00000000-0000-00e9-0000-11570000019a")&gt; | &lt;appium.webdriver.webelement.WebElement (session="1a14c38e...</msg>
<status status="PASS" starttime="20230414 17:31:30.724" endtime="20230414 17:31:30.960"/>
</kw>
<for flavor="IN">
<var>${i}</var>
<value>@{elements}</value>
<iter>
<var name="${i}">&lt;appium.webdriver.webelement.WebElement (session="1a14c38e-0126-4611-8d6f-7968040ea3a9", element="00000000-0000-00e9-0000-11570000019a")&gt;</var>
<kw name="Get Element Attribute" library="AppiumLibrary">
<var>${element_atr}</var>
<arg>${i}</arg>
<arg>contentDescription</arg>
<doc>Get element attribute using given attribute: name, value,...</doc>
<msg timestamp="20230414 17:31:31.554" level="INFO">Element '&lt;appium.webdriver.webelement.WebElement (session="1a14c38e-0126-4611-8d6f-7968040ea3a9", element="00000000-0000-00e9-0000-11570000019a")&gt;' attribute 'contentDescription' value 'None' </msg>
<msg timestamp="20230414 17:31:31.554" level="INFO">${element_atr} = None</msg>
<status status="PASS" starttime="20230414 17:31:31.141" endtime="20230414 17:31:31.554"/>
</kw>
<kw name="Set Variable If" library="BuiltIn">
<var>${element_atr}</var>
<arg>"""${element_atr}""" == """None"""</arg>
<arg>${EMPTY}</arg>
<arg>${element_atr}</arg>
<doc>Sets variable based on the given condition.</doc>
<msg timestamp="20230414 17:31:31.674" level="INFO">${element_atr} = </msg>
<status status="PASS" starttime="20230414 17:31:31.614" endtime="20230414 17:31:31.674"/>
</kw>
<kw name="Set Variable If" library="BuiltIn">
<var>${element_atr}</var>
<arg>"""${element_atr}""" == """NoneType"""</arg>
<arg>${EMPTY}</arg>
<arg>${element_atr}</arg>
<doc>Sets variable based on the given condition.</doc>
<msg timestamp="20230414 17:31:31.791" level="INFO">${element_atr} = </msg>
<status status="PASS" starttime="20230414 17:31:31.731" endtime="20230414 17:31:31.791"/>
</kw>
<if>
<branch type="IF" condition="&quot;&quot;&quot;${element_atr}&quot;&quot;&quot; != &quot;&quot;&quot;&quot;&quot;&quot;">
<kw name="Run Keyword And Return Status" library="BuiltIn">
<var>${element_is_ok}</var>
<arg>Element Text Must Contain</arg>
<arg>${element_atr}</arg>
<arg>${content_which_must_have}</arg>
<doc>Runs the given keyword with given arguments and returns the status as a Boolean value.</doc>
<status status="NOT RUN" starttime="20230414 17:31:32.060" endtime="20230414 17:31:32.118"/>
</kw>
<if>
<branch type="IF" condition="${element_is_ok} == ${TRUE}">
<kw name="Click to Element" library="common">
<arg>${i}</arg>
<doc>Support keyword. Keyword combine two basic keyword to one.</doc>
<status status="NOT RUN" starttime="20230414 17:31:32.237" endtime="20230414 17:31:32.302"/>
</kw>
<status status="NOT RUN" starttime="20230414 17:31:32.178" endtime="20230414 17:31:32.361"/>
</branch>
<status status="NOT RUN" starttime="20230414 17:31:32.178" endtime="20230414 17:31:32.418"/>
</if>
<kw name="Exit For Loop If" library="BuiltIn">
<arg>${element_is_ok} == ${TRUE}</arg>
<doc>Stops executing the enclosing FOR loop if the ``condition`` is true.</doc>
<status status="NOT RUN" starttime="20230414 17:31:32.418" endtime="20230414 17:31:32.476"/>
</kw>
<status status="NOT RUN" starttime="20230414 17:31:31.858" endtime="20230414 17:31:32.534"/>
</branch>
<status status="PASS" starttime="20230414 17:31:31.858" endtime="20230414 17:31:32.594"/>
</if>
<status status="PASS" starttime="20230414 17:31:31.082" endtime="20230414 17:31:32.594"/>
</iter>
<iter>
<var name="${i}">&lt;appium.webdriver.webelement.WebElement (session="1a14c38e-0126-4611-8d6f-7968040ea3a9", element="00000000-0000-00e9-0000-11560000019a")&gt;</var>
<kw name="Get Element Attribute" library="AppiumLibrary">
<var>${element_atr}</var>
<arg>${i}</arg>
<arg>contentDescription</arg>
<doc>Get element attribute using given attribute: name, value,...</doc>
<msg timestamp="20230414 17:31:32.969" level="INFO">Element '&lt;appium.webdriver.webelement.WebElement (session="1a14c38e-0126-4611-8d6f-7968040ea3a9", element="00000000-0000-00e9-0000-11560000019a")&gt;' attribute 'contentDescription' value 'None' </msg>
<msg timestamp="20230414 17:31:32.969" level="INFO">${element_atr} = None</msg>
<status status="PASS" starttime="20230414 17:31:32.711" endtime="20230414 17:31:32.969"/>
</kw>
<kw name="Set Variable If" library="BuiltIn">
<var>${element_atr}</var>
<arg>"""${element_atr}""" == """None"""</arg>
<arg>${EMPTY}</arg>
<arg>${element_atr}</arg>
<doc>Sets variable based on the given condition.</doc>
<msg timestamp="20230414 17:31:33.091" level="INFO">${element_atr} = </msg>
<status status="PASS" starttime="20230414 17:31:33.029" endtime="20230414 17:31:33.091"/>
</kw>
<kw name="Set Variable If" library="BuiltIn">
<var>${element_atr}</var>
<arg>"""${element_atr}""" == """NoneType"""</arg>
<arg>${EMPTY}</arg>
<arg>${element_atr}</arg>
<doc>Sets variable based on the given condition.</doc>
<msg timestamp="20230414 17:31:33.207" level="INFO">${element_atr} = </msg>
<status status="PASS" starttime="20230414 17:31:33.149" endtime="20230414 17:31:33.207"/>
</kw>
<if>
<branch type="IF" condition="&quot;&quot;&quot;${element_atr}&quot;&quot;&quot; != &quot;&quot;&quot;&quot;&quot;&quot;">
<kw name="Run Keyword And Return Status" library="BuiltIn">
<var>${element_is_ok}</var>
<arg>Element Text Must Contain</arg>
<arg>${element_atr}</arg>
<arg>${content_which_must_have}</arg>
<doc>Runs the given keyword with given arguments and returns the status as a Boolean value.</doc>
<status status="NOT RUN" starttime="20230414 17:31:33.323" endtime="20230414 17:31:33.382"/>
</kw>
<if>
<branch type="IF" condition="${element_is_ok} == ${TRUE}">
<kw name="Click to Element" library="common">
<arg>${i}</arg>
<doc>Support keyword. Keyword combine two basic keyword to one.</doc>
<status status="NOT RUN" starttime="20230414 17:31:33.500" endtime="20230414 17:31:33.561"/>
</kw>
<status status="NOT RUN" starttime="20230414 17:31:33.442" endtime="20230414 17:31:33.620"/>
</branch>
<status status="NOT RUN" starttime="20230414 17:31:33.442" endtime="20230414 17:31:33.678"/>
</if>
<kw name="Exit For Loop If" library="BuiltIn">
<arg>${element_is_ok} == ${TRUE}</arg>
<doc>Stops executing the enclosing FOR loop if the ``condition`` is true.</doc>
<status status="NOT RUN" starttime="20230414 17:31:33.678" endtime="20230414 17:31:33.738"/>
</kw>
<status status="NOT RUN" starttime="20230414 17:31:33.265" endtime="20230414 17:31:33.797"/>
</branch>
<status status="PASS" starttime="20230414 17:31:33.265" endtime="20230414 17:31:33.858"/>
</if>
<status status="PASS" starttime="20230414 17:31:32.653" endtime="20230414 17:31:33.858"/>
</iter>
<iter>
<var name="${i}">&lt;appium.webdriver.webelement.WebElement (session="1a14c38e-0126-4611-8d6f-7968040ea3a9", element="00000000-0000-00e9-0000-11520000019a")&gt;</var>
<kw name="Get Element Attribute" library="AppiumLibrary">
<var>${element_atr}</var>
<arg>${i}</arg>
<arg>contentDescription</arg>
<doc>Get element attribute using given attribute: name, value,...</doc>
<msg timestamp="20230414 17:31:34.101" level="INFO">Element '&lt;appium.webdriver.webelement.WebElement (session="1a14c38e-0126-4611-8d6f-7968040ea3a9", element="00000000-0000-00e9-0000-11520000019a")&gt;' attribute 'contentDescription' value 'None' </msg>
<msg timestamp="20230414 17:31:34.102" level="INFO">${element_atr} = None</msg>
<status status="PASS" starttime="20230414 17:31:33.977" endtime="20230414 17:31:34.102"/>
</kw>
<kw name="Set Variable If" library="BuiltIn">
<var>${element_atr}</var>
<arg>"""${element_atr}""" == """None"""</arg>
<arg>${EMPTY}</arg>
<arg>${element_atr}</arg>
<doc>Sets variable based on the given condition.</doc>
<msg timestamp="20230414 17:31:34.224" level="INFO">${element_atr} = </msg>
<status status="PASS" starttime="20230414 17:31:34.164" endtime="20230414 17:31:34.224"/>
</kw>
<kw name="Set Variable If" library="BuiltIn">
<var>${element_atr}</var>
<arg>"""${element_atr}""" == """NoneType"""</arg>
<arg>${EMPTY}</arg>
<arg>${element_atr}</arg>
<doc>Sets variable based on the given condition.</doc>
<msg timestamp="20230414 17:31:34.345" level="INFO">${element_atr} = </msg>
<status status="PASS" starttime="20230414 17:31:34.285" endtime="20230414 17:31:34.345"/>
</kw>
<if>
<branch type="IF" condition="&quot;&quot;&quot;${element_atr}&quot;&quot;&quot; != &quot;&quot;&quot;&quot;&quot;&quot;">
<kw name="Run Keyword And Return Status" library="BuiltIn">
<var>${element_is_ok}</var>
<arg>Element Text Must Contain</arg>
<arg>${element_atr}</arg>
<arg>${content_which_must_have}</arg>
<doc>Runs the given keyword with given arguments and returns the status as a Boolean value.</doc>
<status status="NOT RUN" starttime="20230414 17:31:34.467" endtime="20230414 17:31:34.526"/>
</kw>
<if>
<branch type="IF" condition="${element_is_ok} == ${TRUE}">
<kw name="Click to Element" library="common">
<arg>${i}</arg>
<doc>Support keyword. Keyword combine two basic keyword to one.</doc>
<status status="NOT RUN" starttime="20230414 17:31:34.642" endtime="20230414 17:31:34.699"/>
</kw>
<status status="NOT RUN" starttime="20230414 17:31:34.584" endtime="20230414 17:31:34.757"/>
</branch>
<status status="NOT RUN" starttime="20230414 17:31:34.584" endtime="20230414 17:31:34.818"/>
</if>
<kw name="Exit For Loop If" library="BuiltIn">
<arg>${element_is_ok} == ${TRUE}</arg>
<doc>Stops executing the enclosing FOR loop if the ``condition`` is true.</doc>
<status status="NOT RUN" starttime="20230414 17:31:34.818" endtime="20230414 17:31:34.877"/>
</kw>
<status status="NOT RUN" starttime="20230414 17:31:34.404" endtime="20230414 17:31:34.934"/>
</branch>
<status status="PASS" starttime="20230414 17:31:34.404" endtime="20230414 17:31:34.992"/>
</if>
<status status="PASS" starttime="20230414 17:31:33.918" endtime="20230414 17:31:34.992"/>
</iter>
<iter>
<var name="${i}">&lt;appium.webdriver.webelement.WebElement (session="1a14c38e-0126-4611-8d6f-7968040ea3a9", element="00000000-0000-00e9-0000-11530000019a")&gt;</var>
<kw name="Get Element Attribute" library="AppiumLibrary">
<var>${element_atr}</var>
<arg>${i}</arg>
<arg>contentDescription</arg>
<doc>Get element attribute using given attribute: name, value,...</doc>
<msg timestamp="20230414 17:31:35.226" level="INFO">Element '&lt;appium.webdriver.webelement.WebElement (session="1a14c38e-0126-4611-8d6f-7968040ea3a9", element="00000000-0000-00e9-0000-11530000019a")&gt;' attribute 'contentDescription' value 'None' </msg>
<msg timestamp="20230414 17:31:35.227" level="INFO">${element_atr} = None</msg>
<status status="PASS" starttime="20230414 17:31:35.113" endtime="20230414 17:31:35.227"/>
</kw>
<kw name="Set Variable If" library="BuiltIn">
<var>${element_atr}</var>
<arg>"""${element_atr}""" == """None"""</arg>
<arg>${EMPTY}</arg>
<arg>${element_atr}</arg>
<doc>Sets variable based on the given condition.</doc>
<msg timestamp="20230414 17:31:35.346" level="INFO">${element_atr} = </msg>
<status status="PASS" starttime="20230414 17:31:35.285" endtime="20230414 17:31:35.346"/>
</kw>
<kw name="Set Variable If" library="BuiltIn">
<var>${element_atr}</var>
<arg>"""${element_atr}""" == """NoneType"""</arg>
<arg>${EMPTY}</arg>
<arg>${element_atr}</arg>
<doc>Sets variable based on the given condition.</doc>
<msg timestamp="20230414 17:31:35.465" level="INFO">${element_atr} = </msg>
<status status="PASS" starttime="20230414 17:31:35.404" endtime="20230414 17:31:35.465"/>
</kw>
<if>
<branch type="IF" condition="&quot;&quot;&quot;${element_atr}&quot;&quot;&quot; != &quot;&quot;&quot;&quot;&quot;&quot;">
<kw name="Run Keyword And Return Status" library="BuiltIn">
<var>${element_is_ok}</var>
<arg>Element Text Must Contain</arg>
<arg>${element_atr}</arg>
<arg>${content_which_must_have}</arg>
<doc>Runs the given keyword with given arguments and returns the status as a Boolean value.</doc>
<status status="NOT RUN" starttime="20230414 17:31:35.584" endtime="20230414 17:31:35.643"/>
</kw>
<if>
<branch type="IF" condition="${element_is_ok} == ${TRUE}">
<kw name="Click to Element" library="common">
<arg>${i}</arg>
<doc>Support keyword. Keyword combine two basic keyword to one.</doc>
<status status="NOT RUN" starttime="20230414 17:31:35.764" endtime="20230414 17:31:35.825"/>
</kw>
<status status="NOT RUN" starttime="20230414 17:31:35.703" endtime="20230414 17:31:35.886"/>
</branch>
<status status="NOT RUN" starttime="20230414 17:31:35.703" endtime="20230414 17:31:35.944"/>
</if>
<kw name="Exit For Loop If" library="BuiltIn">
<arg>${element_is_ok} == ${TRUE}</arg>
<doc>Stops executing the enclosing FOR loop if the ``condition`` is true.</doc>
<status status="NOT RUN" starttime="20230414 17:31:35.944" endtime="20230414 17:31:36.002"/>
</kw>
<status status="NOT RUN" starttime="20230414 17:31:35.524" endtime="20230414 17:31:36.061"/>
</branch>
<status status="PASS" starttime="20230414 17:31:35.523" endtime="20230414 17:31:36.120"/>
</if>
<status status="PASS" starttime="20230414 17:31:35.052" endtime="20230414 17:31:36.120"/>
</iter>
<iter>
<var name="${i}">&lt;appium.webdriver.webelement.WebElement (session="1a14c38e-0126-4611-8d6f-7968040ea3a9", element="00000000-0000-00e9-0000-114e0000019a")&gt;</var>
<kw name="Get Element Attribute" library="AppiumLibrary">
<var>${element_atr}</var>
<arg>${i}</arg>
<arg>contentDescription</arg>
<doc>Get element attribute using given attribute: name, value,...</doc>
<msg timestamp="20230414 17:31:36.504" level="INFO">Element '&lt;appium.webdriver.webelement.WebElement (session="1a14c38e-0126-4611-8d6f-7968040ea3a9", element="00000000-0000-00e9-0000-114e0000019a")&gt;' attribute 'contentDescription' value 'Sponsored Ad - SAMSUNG Galaxy S23+ Plus Cell Phone, Factory Unlocked Android Smartphone, 512GB Storage, 50MP Camera, Night...' </msg>
<msg timestamp="20230414 17:31:36.504" level="INFO">${element_atr} = Sponsored Ad - SAMSUNG Galaxy S23+ Plus Cell Phone, Factory Unlocked Android Smartphone, 512GB Storage, 50MP Camera, Night...</msg>
<status status="PASS" starttime="20230414 17:31:36.239" endtime="20230414 17:31:36.504"/>
</kw>
<kw name="Set Variable If" library="BuiltIn">
<var>${element_atr}</var>
<arg>"""${element_atr}""" == """None"""</arg>
<arg>${EMPTY}</arg>
<arg>${element_atr}</arg>
<doc>Sets variable based on the given condition.</doc>
<msg timestamp="20230414 17:31:36.766" level="INFO">${element_atr} = Sponsored Ad - SAMSUNG Galaxy S23+ Plus Cell Phone, Factory Unlocked Android Smartphone, 512GB Storage, 50MP Camera, Night...</msg>
<status status="PASS" starttime="20230414 17:31:36.707" endtime="20230414 17:31:36.766"/>
</kw>
<kw name="Set Variable If" library="BuiltIn">
<var>${element_atr}</var>
<arg>"""${element_atr}""" == """NoneType"""</arg>
<arg>${EMPTY}</arg>
<arg>${element_atr}</arg>
<doc>Sets variable based on the given condition.</doc>
<msg timestamp="20230414 17:31:36.890" level="INFO">${element_atr} = Sponsored Ad - SAMSUNG Galaxy S23+ Plus Cell Phone, Factory Unlocked Android Smartphone, 512GB Storage, 50MP Camera, Night...</msg>
<status status="PASS" starttime="20230414 17:31:36.830" endtime="20230414 17:31:36.891"/>
</kw>
<if>
<branch type="IF" condition="&quot;&quot;&quot;${element_atr}&quot;&quot;&quot; != &quot;&quot;&quot;&quot;&quot;&quot;">
<kw name="Run Keyword And Return Status" library="BuiltIn">
<var>${element_is_ok}</var>
<arg>Element Text Must Contain</arg>
<arg>${element_atr}</arg>
<arg>${content_which_must_have}</arg>
<doc>Runs the given keyword with given arguments and returns the status as a Boolean value.</doc>
<kw name="Element Text Must Contain" library="common">
<arg>${element_atr}</arg>
<arg>${content_which_must_have}</arg>
<doc>Check that element text is contain valid text
For right works u need specific element ID</doc>
<kw name="Convert To Lower Case" library="String">
<var>${element_text_lower_case}</var>
<arg>${element_text}</arg>
<doc>Converts string to lower case.</doc>
<msg timestamp="20230414 17:31:37.193" level="INFO">${element_text_lower_case} = sponsored ad - samsung galaxy s23+ plus cell phone, factory unlocked android smartphone, 512gb storage, 50mp camera, night...</msg>
<status status="PASS" starttime="20230414 17:31:37.134" endtime="20230414 17:31:37.193"/>
</kw>
<kw name="Convert To Lower Case" library="String">
<var>${text_lower_case}</var>
<arg>${text}</arg>
<doc>Converts string to lower case.</doc>
<msg timestamp="20230414 17:31:37.325" level="INFO">${text_lower_case} = samsung</msg>
<status status="PASS" starttime="20230414 17:31:37.261" endtime="20230414 17:31:37.325"/>
</kw>
<kw name="Set Test Variable" library="BuiltIn">
<arg>${clear_element_text}</arg>
<arg>${element_text_lower_case.replace("\n", " ").replace(" ", "")}</arg>
<doc>Makes a variable available everywhere within the scope of the current test.</doc>
<msg timestamp="20230414 17:31:37.443" level="INFO">${clear_element_text} = sponsoredad-samsunggalaxys23+pluscellphone,factoryunlockedandroidsmartphone,512gbstorage,50mpcamera,night...</msg>
<status status="PASS" starttime="20230414 17:31:37.383" endtime="20230414 17:31:37.443"/>
</kw>
<kw name="Set Test Variable" library="BuiltIn">
<arg>${clear_your_text}</arg>
<arg>${text_lower_case.replace("\\n", " ").replace("\n", " ").replace(" ", "")}</arg>
<doc>Makes a variable available everywhere within the scope of the current test.</doc>
<msg timestamp="20230414 17:31:37.566" level="INFO">${clear_your_text} = samsung</msg>
<status status="PASS" starttime="20230414 17:31:37.506" endtime="20230414 17:31:37.567"/>
</kw>
<kw name="Should Contain" library="BuiltIn">
<arg>${clear_element_text}</arg>
<arg>${clear_your_text}</arg>
<doc>Fails if ``container`` does not contain ``item`` one or more times.</doc>
<status status="PASS" starttime="20230414 17:31:37.628" endtime="20230414 17:31:37.688"/>
</kw>
<status status="PASS" starttime="20230414 17:31:37.074" endtime="20230414 17:31:37.746"/>
</kw>
<msg timestamp="20230414 17:31:37.804" level="INFO">${element_is_ok} = True</msg>
<status status="PASS" starttime="20230414 17:31:37.014" endtime="20230414 17:31:37.804"/>
</kw>
<if>
<branch type="IF" condition="${element_is_ok} == ${TRUE}">
<kw name="Click to Element" library="common">
<arg>${i}</arg>
<doc>Support keyword. Keyword combine two basic keyword to one.</doc>
<kw name="Wait Until Element Is Visible" library="AppiumLibrary">
<arg>${element_andr}</arg>
<arg>${wait_time}</arg>
<doc>Waits until element specified with `locator` is visible.</doc>
<status status="PASS" starttime="20230414 17:31:37.982" endtime="20230414 17:31:38.054"/>
</kw>
<kw name="Click Element" library="AppiumLibrary">
<arg>${element_andr}</arg>
<doc>Click element identified by `locator`.</doc>
<msg timestamp="20230414 17:31:38.174" level="INFO">Clicking element '&lt;appium.webdriver.webelement.WebElement (session="1a14c38e-0126-4611-8d6f-7968040ea3a9", element="00000000-0000-00e9-0000-114e0000019a")&gt;'.</msg>
<status status="PASS" starttime="20230414 17:31:38.113" endtime="20230414 17:31:38.222"/>
</kw>
<status status="PASS" starttime="20230414 17:31:37.924" endtime="20230414 17:31:38.282"/>
</kw>
<status status="PASS" starttime="20230414 17:31:37.864" endtime="20230414 17:31:38.340"/>
</branch>
<status status="PASS" starttime="20230414 17:31:37.863" endtime="20230414 17:31:38.397"/>
</if>
<kw name="Exit For Loop If" library="BuiltIn">
<arg>${element_is_ok} == ${TRUE}</arg>
<doc>Stops executing the enclosing FOR loop if the ``condition`` is true.</doc>
<msg timestamp="20230414 17:31:38.457" level="INFO">Exiting for loop altogether.</msg>
<status status="PASS" starttime="20230414 17:31:38.397" endtime="20230414 17:31:38.457"/>
</kw>
<status status="PASS" starttime="20230414 17:31:36.957" endtime="20230414 17:31:38.516"/>
</branch>
<status status="PASS" starttime="20230414 17:31:36.957" endtime="20230414 17:31:38.575"/>
</if>
<status status="PASS" starttime="20230414 17:31:36.178" endtime="20230414 17:31:38.575"/>
</iter>
<status status="PASS" starttime="20230414 17:31:31.021" endtime="20230414 17:31:38.641"/>
</for>
<if>
<branch type="IF" condition="${element_is_ok} == ${FALSE}">
<kw name="Fail" library="BuiltIn">
<doc>Fails the test with the given message and optionally alters its tags.</doc>
<status status="NOT RUN" starttime="20230414 17:31:38.761" endtime="20230414 17:31:38.832"/>
</kw>
<status status="NOT RUN" starttime="20230414 17:31:38.703" endtime="20230414 17:31:38.910"/>
</branch>
<status status="PASS" starttime="20230414 17:31:38.702" endtime="20230414 17:31:38.969"/>
</if>
<status status="PASS" starttime="20230414 17:31:23.992" endtime="20230414 17:31:38.969"/>
</kw>
<kw name="Add to Cart" library="cart">
<kw name="Sleep" library="BuiltIn">
<arg>2</arg>
<doc>Pauses the test executed for the given time.</doc>
<msg timestamp="20230414 17:31:41.150" level="INFO">Slept 2 seconds</msg>
<status status="PASS" starttime="20230414 17:31:39.091" endtime="20230414 17:31:41.150"/>
</kw>
<kw name="Swipe down Find Element" library="common">
<arg>${CART_BUTTON_ADD_TO_CART}</arg>
<arg>${CART_TEXT}</arg>
<kw name="Set Variable" library="BuiltIn">
<var>${m_counter}</var>
<arg>0</arg>
<doc>Returns the given values which can then be assigned to a variables.</doc>
<msg timestamp="20230414 17:31:41.496" level="INFO">${m_counter} = 0</msg>
<status status="PASS" starttime="20230414 17:31:41.294" endtime="20230414 17:31:41.496"/>
</kw>
<while condition="${m_counter}&lt;${how_wanna_scroll_down}">
<iter>
<kw name="Sleep" library="BuiltIn">
<arg>5</arg>
<doc>Pauses the test executed for the given time.</doc>
<msg timestamp="20230414 17:31:46.860" level="INFO">Slept 5 seconds</msg>
<status status="PASS" starttime="20230414 17:31:41.787" endtime="20230414 17:31:46.861"/>
</kw>
<kw name="Run Keyword And Return Status" library="BuiltIn">
<var>${element_find}</var>
<arg>Get Webelements</arg>
<arg>${id_elements}</arg>
<doc>Runs the given keyword with given arguments and returns the status as a Boolean value.</doc>
<kw name="Get Webelements" library="AppiumLibrary">
<arg>${id_elements}</arg>
<doc>Returns list of [http://selenium-python.readthedocs.io/api.html#module-selenium.webdriver.remote.webelement|WebElement] objects matching ``locator``.</doc>
<kw name="Capture Page Screenshot" library="AppiumLibrary">
<doc>Takes a screenshot of the current page and embeds it into the log.</doc>
<msg timestamp="20230414 17:31:47.536" level="INFO" html="true">&lt;/td&gt;&lt;/tr&gt;&lt;tr&gt;&lt;td colspan="3"&gt;&lt;a href="appium-screenshot-1.png"&gt;&lt;img src="appium-screenshot-1.png" width="800px"&gt;&lt;/a&gt;</msg>
<status status="PASS" starttime="20230414 17:31:47.119" endtime="20230414 17:31:47.536"/>
</kw>
<msg timestamp="20230414 17:31:47.597" level="FAIL">ValueError: Element locator 'class=android.widget.Button' did not match any elements.</msg>
<status status="FAIL" starttime="20230414 17:31:46.978" endtime="20230414 17:31:47.598"/>
</kw>
<msg timestamp="20230414 17:31:47.663" level="INFO">${element_find} = False</msg>
<status status="PASS" starttime="20230414 17:31:46.919" endtime="20230414 17:31:47.663"/>
</kw>
<if>
<branch type="IF" condition="${element_find}==${TRUE}">
<kw name="Get Webelements" library="AppiumLibrary">
<var>@{elements}</var>
<arg>${id_elements}</arg>
<doc>Returns list of [http://selenium-python.readthedocs.io/api.html#module-selenium.webdriver.remote.webelement|WebElement] objects matching ``locator``.</doc>
<status status="NOT RUN" starttime="20230414 17:31:47.778" endtime="20230414 17:31:47.836"/>
</kw>
<for flavor="IN">
<var>${i}</var>
<value>@{elements}</value>
<iter>
<var name="${i}"/>
<kw name="Get Text" library="AppiumLibrary">
<var>${element_text}</var>
<arg>${i}</arg>
<doc>Get element text (for hybrid and mobile browser use `xpath` locator, others might cause problem)</doc>
<status status="NOT RUN" starttime="20230414 17:31:48.014" endtime="20230414 17:31:48.074"/>
</kw>
<kw name="Run Keyword And Return Status" library="BuiltIn">
<var>${element_is_ok}</var>
<arg>Should Be Equal As Strings</arg>
<arg>${element_text}</arg>
<arg>${text_should_contain}</arg>
<doc>Runs the given keyword with given arguments and returns the status as a Boolean value.</doc>
<status status="NOT RUN" starttime="20230414 17:31:48.134" endtime="20230414 17:31:48.192"/>
</kw>
<if>
<branch type="IF" condition="${element_is_ok}==${TRUE}">
<kw name="Click to Element" library="common">
<arg>${i}</arg>
<doc>Support keyword. Keyword combine two basic keyword to one.</doc>
<status status="NOT RUN" starttime="20230414 17:31:48.313" endtime="20230414 17:31:48.372"/>
</kw>
<break>
<status status="NOT RUN" starttime="20230414 17:31:48.438" endtime="20230414 17:31:48.496"/>
</break>
<status status="NOT RUN" starttime="20230414 17:31:48.250" endtime="20230414 17:31:48.554"/>
</branch>
<status status="NOT RUN" starttime="20230414 17:31:48.250" endtime="20230414 17:31:48.622"/>
</if>
<status status="NOT RUN" starttime="20230414 17:31:47.957" endtime="20230414 17:31:48.622"/>
</iter>
<status status="NOT RUN" starttime="20230414 17:31:47.896" endtime="20230414 17:31:48.680"/>
</for>
<status status="NOT RUN" starttime="20230414 17:31:47.721" endtime="20230414 17:31:48.739"/>
</branch>
<branch type="ELSE">
<kw name="Set Test Variable" library="BuiltIn">
<arg>${element_is_ok}</arg>
<arg>${FALSE}</arg>
<doc>Makes a variable available everywhere within the scope of the current test.</doc>
<msg timestamp="20230414 17:31:48.929" level="INFO">${element_is_ok} = False</msg>
<status status="PASS" starttime="20230414 17:31:48.856" endtime="20230414 17:31:48.929"/>
</kw>
<status status="PASS" starttime="20230414 17:31:48.798" endtime="20230414 17:31:48.987"/>
</branch>
<status status="PASS" starttime="20230414 17:31:47.720" endtime="20230414 17:31:49.047"/>
</if>
<if>
<branch type="IF" condition="${element_is_ok}==${TRUE}">
<break>
<status status="NOT RUN" starttime="20230414 17:31:49.106" endtime="20230414 17:31:49.164"/>
</break>
<status status="NOT RUN" starttime="20230414 17:31:49.047" endtime="20230414 17:31:49.222"/>
</branch>
<status status="PASS" starttime="20230414 17:31:49.047" endtime="20230414 17:31:49.281"/>
</if>
<kw name="Swipe Down 50" library="common">
<kw name="Swipe By Percent" library="AppiumLibrary">
<arg>50</arg>
<arg>50</arg>
<arg>50</arg>
<arg>0</arg>
<doc>Swipe from one percent of the screen to another percent, for an optional duration.
Normal swipe fails to scale for different screen resolutions, this can be avoided using percent.</doc>
<status status="PASS" starttime="20230414 17:31:49.341" endtime="20230414 17:31:50.692"/>
</kw>
<status status="PASS" starttime="20230414 17:31:49.281" endtime="20230414 17:31:50.752"/>
</kw>
<kw name="Evaluate" library="BuiltIn">
<var>${m_counter}</var>
<arg>${m_counter}+1</arg>
<doc>Evaluates the given expression in Python and returns the result.</doc>
<msg timestamp="20230414 17:31:50.869" level="INFO">${m_counter} = 1</msg>
<status status="PASS" starttime="20230414 17:31:50.811" endtime="20230414 17:31:50.869"/>
</kw>
<if>
<branch type="IF" condition="${m_counter}&lt;${how_wanna_scroll_down}">
<kw name="Log" library="BuiltIn">
<arg>End Loop</arg>
<doc>Logs the given message with the given level.</doc>
<msg timestamp="20230414 17:31:51.047" level="INFO">End Loop</msg>
<status status="PASS" starttime="20230414 17:31:50.989" endtime="20230414 17:31:51.047"/>
</kw>
<status status="PASS" starttime="20230414 17:31:50.929" endtime="20230414 17:31:51.111"/>
</branch>
<branch type="ELSE">
<kw name="Fail" library="BuiltIn">
<arg>Element Wasn Found</arg>
<doc>Fails the test with the given message and optionally alters its tags.</doc>
<status status="NOT RUN" starttime="20230414 17:31:51.227" endtime="20230414 17:31:51.287"/>
</kw>
<status status="NOT RUN" starttime="20230414 17:31:51.169" endtime="20230414 17:31:51.345"/>
</branch>
<status status="PASS" starttime="20230414 17:31:50.929" endtime="20230414 17:31:51.403"/>
</if>
<status status="PASS" starttime="20230414 17:31:41.709" endtime="20230414 17:31:51.403"/>
</iter>
<iter>
<kw name="Sleep" library="BuiltIn">
<arg>5</arg>
<doc>Pauses the test executed for the given time.</doc>
<msg timestamp="20230414 17:31:56.578" level="INFO">Slept 5 seconds</msg>
<status status="PASS" starttime="20230414 17:31:51.520" endtime="20230414 17:31:56.578"/>
</kw>
<kw name="Run Keyword And Return Status" library="BuiltIn">
<var>${element_find}</var>
<arg>Get Webelements</arg>
<arg>${id_elements}</arg>
<doc>Runs the given keyword with given arguments and returns the status as a Boolean value.</doc>
<kw name="Get Webelements" library="AppiumLibrary">
<arg>${id_elements}</arg>
<doc>Returns list of [http://selenium-python.readthedocs.io/api.html#module-selenium.webdriver.remote.webelement|WebElement] objects matching ``locator``.</doc>
<kw name="Capture Page Screenshot" library="AppiumLibrary">
<doc>Takes a screenshot of the current page and embeds it into the log.</doc>
<msg timestamp="20230414 17:31:57.067" level="INFO" html="true">&lt;/td&gt;&lt;/tr&gt;&lt;tr&gt;&lt;td colspan="3"&gt;&lt;a href="appium-screenshot-2.png"&gt;&lt;img src="appium-screenshot-2.png" width="800px"&gt;&lt;/a&gt;</msg>
<status status="PASS" starttime="20230414 17:31:56.798" endtime="20230414 17:31:57.067"/>
</kw>
<msg timestamp="20230414 17:31:57.127" level="FAIL">ValueError: Element locator 'class=android.widget.Button' did not match any elements.</msg>
<status status="FAIL" starttime="20230414 17:31:56.698" endtime="20230414 17:31:57.127"/>
</kw>
<msg timestamp="20230414 17:31:57.186" level="INFO">${element_find} = False</msg>
<status status="PASS" starttime="20230414 17:31:56.638" endtime="20230414 17:31:57.186"/>
</kw>
<if>
<branch type="IF" condition="${element_find}==${TRUE}">
<kw name="Get Webelements" library="AppiumLibrary">
<var>@{elements}</var>
<arg>${id_elements}</arg>
<doc>Returns list of [http://selenium-python.readthedocs.io/api.html#module-selenium.webdriver.remote.webelement|WebElement] objects matching ``locator``.</doc>
<status status="NOT RUN" starttime="20230414 17:31:57.305" endtime="20230414 17:31:57.362"/>
</kw>
<for flavor="IN">
<var>${i}</var>
<value>@{elements}</value>
<iter>
<var name="${i}"/>
<kw name="Get Text" library="AppiumLibrary">
<var>${element_text}</var>
<arg>${i}</arg>
<doc>Get element text (for hybrid and mobile browser use `xpath` locator, others might cause problem)</doc>
<status status="NOT RUN" starttime="20230414 17:31:57.535" endtime="20230414 17:31:57.600"/>
</kw>
<kw name="Run Keyword And Return Status" library="BuiltIn">
<var>${element_is_ok}</var>
<arg>Should Be Equal As Strings</arg>
<arg>${element_text}</arg>
<arg>${text_should_contain}</arg>
<doc>Runs the given keyword with given arguments and returns the status as a Boolean value.</doc>
<status status="NOT RUN" starttime="20230414 17:31:57.658" endtime="20230414 17:31:57.716"/>
</kw>
<if>
<branch type="IF" condition="${element_is_ok}==${TRUE}">
<kw name="Click to Element" library="common">
<arg>${i}</arg>
<doc>Support keyword. Keyword combine two basic keyword to one.</doc>
<status status="NOT RUN" starttime="20230414 17:31:57.835" endtime="20230414 17:31:57.896"/>
</kw>
<break>
<status status="NOT RUN" starttime="20230414 17:31:57.954" endtime="20230414 17:31:58.012"/>
</break>
<status status="NOT RUN" starttime="20230414 17:31:57.776" endtime="20230414 17:31:58.071"/>
</branch>
<status status="NOT RUN" starttime="20230414 17:31:57.776" endtime="20230414 17:31:58.128"/>
</if>
<status status="NOT RUN" starttime="20230414 17:31:57.478" endtime="20230414 17:31:58.128"/>
</iter>
<status status="NOT RUN" starttime="20230414 17:31:57.419" endtime="20230414 17:31:58.187"/>
</for>
<status status="NOT RUN" starttime="20230414 17:31:57.247" endtime="20230414 17:31:58.245"/>
</branch>
<branch type="ELSE">
<kw name="Set Test Variable" library="BuiltIn">
<arg>${element_is_ok}</arg>
<arg>${FALSE}</arg>
<doc>Makes a variable available everywhere within the scope of the current test.</doc>
<msg timestamp="20230414 17:31:58.418" level="INFO">${element_is_ok} = False</msg>
<status status="PASS" starttime="20230414 17:31:58.360" endtime="20230414 17:31:58.419"/>
</kw>
<status status="PASS" starttime="20230414 17:31:58.303" endtime="20230414 17:31:58.477"/>
</branch>
<status status="PASS" starttime="20230414 17:31:57.246" endtime="20230414 17:31:58.545"/>
</if>
<if>
<branch type="IF" condition="${element_is_ok}==${TRUE}">
<break>
<status status="NOT RUN" starttime="20230414 17:31:58.604" endtime="20230414 17:31:58.662"/>
</break>
<status status="NOT RUN" starttime="20230414 17:31:58.545" endtime="20230414 17:31:58.721"/>
</branch>
<status status="PASS" starttime="20230414 17:31:58.545" endtime="20230414 17:31:58.781"/>
</if>
<kw name="Swipe Down 50" library="common">
<kw name="Swipe By Percent" library="AppiumLibrary">
<arg>50</arg>
<arg>50</arg>
<arg>50</arg>
<arg>0</arg>
<doc>Swipe from one percent of the screen to another percent, for an optional duration.
Normal swipe fails to scale for different screen resolutions, this can be avoided using percent.</doc>
<status status="PASS" starttime="20230414 17:31:58.841" endtime="20230414 17:32:00.157"/>
</kw>
<status status="PASS" starttime="20230414 17:31:58.781" endtime="20230414 17:32:00.215"/>
</kw>
<kw name="Evaluate" library="BuiltIn">
<var>${m_counter}</var>
<arg>${m_counter}+1</arg>
<doc>Evaluates the given expression in Python and returns the result.</doc>
<msg timestamp="20230414 17:32:00.335" level="INFO">${m_counter} = 2</msg>
<status status="PASS" starttime="20230414 17:32:00.277" endtime="20230414 17:32:00.335"/>
</kw>
<if>
<branch type="IF" condition="${m_counter}&lt;${how_wanna_scroll_down}">
<kw name="Log" library="BuiltIn">
<arg>End Loop</arg>
<doc>Logs the given message with the given level.</doc>
<msg timestamp="20230414 17:32:00.514" level="INFO">End Loop</msg>
<status status="PASS" starttime="20230414 17:32:00.453" endtime="20230414 17:32:00.514"/>
</kw>
<status status="PASS" starttime="20230414 17:32:00.394" endtime="20230414 17:32:00.572"/>
</branch>
<branch type="ELSE">
<kw name="Fail" library="BuiltIn">
<arg>Element Wasn Found</arg>
<doc>Fails the test with the given message and optionally alters its tags.</doc>
<status status="NOT RUN" starttime="20230414 17:32:00.688" endtime="20230414 17:32:00.747"/>
</kw>
<status status="NOT RUN" starttime="20230414 17:32:00.630" endtime="20230414 17:32:00.805"/>
</branch>
<status status="PASS" starttime="20230414 17:32:00.394" endtime="20230414 17:32:00.865"/>
</if>
<status status="PASS" starttime="20230414 17:31:51.461" endtime="20230414 17:32:00.865"/>
</iter>
<iter>
<kw name="Sleep" library="BuiltIn">
<arg>5</arg>
<doc>Pauses the test executed for the given time.</doc>
<msg timestamp="20230414 17:32:06.049" level="INFO">Slept 5 seconds</msg>
<status status="PASS" starttime="20230414 17:32:00.992" endtime="20230414 17:32:06.050"/>
</kw>
<kw name="Run Keyword And Return Status" library="BuiltIn">
<var>${element_find}</var>
<arg>Get Webelements</arg>
<arg>${id_elements}</arg>
<doc>Runs the given keyword with given arguments and returns the status as a Boolean value.</doc>
<kw name="Get Webelements" library="AppiumLibrary">
<arg>${id_elements}</arg>
<doc>Returns list of [http://selenium-python.readthedocs.io/api.html#module-selenium.webdriver.remote.webelement|WebElement] objects matching ``locator``.</doc>
<status status="PASS" starttime="20230414 17:32:06.169" endtime="20230414 17:32:06.275"/>
</kw>
<msg timestamp="20230414 17:32:06.334" level="INFO">${element_find} = True</msg>
<status status="PASS" starttime="20230414 17:32:06.112" endtime="20230414 17:32:06.334"/>
</kw>
<if>
<branch type="IF" condition="${element_find}==${TRUE}">
<kw name="Get Webelements" library="AppiumLibrary">
<var>@{elements}</var>
<arg>${id_elements}</arg>
<doc>Returns list of [http://selenium-python.readthedocs.io/api.html#module-selenium.webdriver.remote.webelement|WebElement] objects matching ``locator``.</doc>
<msg timestamp="20230414 17:32:06.567" level="INFO">@{elements} = [ &lt;appium.webdriver.webelement.WebElement (session="1a14c38e-0126-4611-8d6f-7968040ea3a9", element="00000000-0000-00e9-0000-1eaf000001ae")&gt; ]</msg>
<status status="PASS" starttime="20230414 17:32:06.455" endtime="20230414 17:32:06.567"/>
</kw>
<for flavor="IN">
<var>${i}</var>
<value>@{elements}</value>
<iter>
<var name="${i}">&lt;appium.webdriver.webelement.WebElement (session="1a14c38e-0126-4611-8d6f-7968040ea3a9", element="00000000-0000-00e9-0000-1eaf000001ae")&gt;</var>
<kw name="Get Text" library="AppiumLibrary">
<var>${element_text}</var>
<arg>${i}</arg>
<doc>Get element text (for hybrid and mobile browser use `xpath` locator, others might cause problem)</doc>
<msg timestamp="20230414 17:32:06.805" level="INFO">Element '&lt;appium.webdriver.webelement.WebElement (session="1a14c38e-0126-4611-8d6f-7968040ea3a9", element="00000000-0000-00e9-0000-1eaf000001ae")&gt;' text is 'Add to Cart' </msg>
<msg timestamp="20230414 17:32:06.805" level="INFO">${element_text} = Add to Cart</msg>
<status status="PASS" starttime="20230414 17:32:06.738" endtime="20230414 17:32:06.805"/>
</kw>
<kw name="Run Keyword And Return Status" library="BuiltIn">
<var>${element_is_ok}</var>
<arg>Should Be Equal As Strings</arg>
<arg>${element_text}</arg>
<arg>${text_should_contain}</arg>
<doc>Runs the given keyword with given arguments and returns the status as a Boolean value.</doc>
<kw name="Should Be Equal As Strings" library="BuiltIn">
<arg>${element_text}</arg>
<arg>${text_should_contain}</arg>
<doc>Fails if objects are unequal after converting them to strings.</doc>
<status status="PASS" starttime="20230414 17:32:06.920" endtime="20230414 17:32:06.977"/>
</kw>
<msg timestamp="20230414 17:32:07.034" level="INFO">${element_is_ok} = True</msg>
<status status="PASS" starttime="20230414 17:32:06.863" endtime="20230414 17:32:07.034"/>
</kw>
<if>
<branch type="IF" condition="${element_is_ok}==${TRUE}">
<kw name="Click to Element" library="common">
<arg>${i}</arg>
<doc>Support keyword. Keyword combine two basic keyword to one.</doc>
<kw name="Wait Until Element Is Visible" library="AppiumLibrary">
<arg>${element_andr}</arg>
<arg>${wait_time}</arg>
<doc>Waits until element specified with `locator` is visible.</doc>
<status status="PASS" starttime="20230414 17:32:07.211" endtime="20230414 17:32:07.280"/>
</kw>
<kw name="Click Element" library="AppiumLibrary">
<arg>${element_andr}</arg>
<doc>Click element identified by `locator`.</doc>
<msg timestamp="20230414 17:32:07.397" level="INFO">Clicking element '&lt;appium.webdriver.webelement.WebElement (session="1a14c38e-0126-4611-8d6f-7968040ea3a9", element="00000000-0000-00e9-0000-1eaf000001ae")&gt;'.</msg>
<status status="PASS" starttime="20230414 17:32:07.338" endtime="20230414 17:32:07.440"/>
</kw>
<status status="PASS" starttime="20230414 17:32:07.153" endtime="20230414 17:32:07.499"/>
</kw>
<break>
<status status="PASS" starttime="20230414 17:32:07.556" endtime="20230414 17:32:07.613"/>
</break>
<status status="PASS" starttime="20230414 17:32:07.094" endtime="20230414 17:32:07.672"/>
</branch>
<status status="PASS" starttime="20230414 17:32:07.094" endtime="20230414 17:32:07.731"/>
</if>
<status status="PASS" starttime="20230414 17:32:06.681" endtime="20230414 17:32:07.731"/>
</iter>
<status status="PASS" starttime="20230414 17:32:06.624" endtime="20230414 17:32:07.789"/>
</for>
<status status="PASS" starttime="20230414 17:32:06.393" endtime="20230414 17:32:07.847"/>
</branch>
<branch type="ELSE">
<kw name="Set Test Variable" library="BuiltIn">
<arg>${element_is_ok}</arg>
<arg>${FALSE}</arg>
<doc>Makes a variable available everywhere within the scope of the current test.</doc>
<status status="NOT RUN" starttime="20230414 17:32:07.965" endtime="20230414 17:32:08.022"/>
</kw>
<status status="NOT RUN" starttime="20230414 17:32:07.905" endtime="20230414 17:32:08.081"/>
</branch>
<status status="PASS" starttime="20230414 17:32:06.392" endtime="20230414 17:32:08.140"/>
</if>
<if>
<branch type="IF" condition="${element_is_ok}==${TRUE}">
<break>
<status status="PASS" starttime="20230414 17:32:08.198" endtime="20230414 17:32:08.255"/>
</break>
<status status="PASS" starttime="20230414 17:32:08.140" endtime="20230414 17:32:08.314"/>
</branch>
<status status="PASS" starttime="20230414 17:32:08.140" endtime="20230414 17:32:08.373"/>
</if>
<kw name="Swipe Down 50" library="common">
<status status="NOT RUN" starttime="20230414 17:32:08.373" endtime="20230414 17:32:08.431"/>
</kw>
<kw name="Evaluate" library="BuiltIn">
<var>${m_counter}</var>
<arg>${m_counter}+1</arg>
<doc>Evaluates the given expression in Python and returns the result.</doc>
<status status="NOT RUN" starttime="20230414 17:32:08.489" endtime="20230414 17:32:08.547"/>
</kw>
<if>
<branch type="IF" condition="${m_counter}&lt;${how_wanna_scroll_down}">
<kw name="Log" library="BuiltIn">
<arg>End Loop</arg>
<doc>Logs the given message with the given level.</doc>
<status status="NOT RUN" starttime="20230414 17:32:08.662" endtime="20230414 17:32:08.720"/>
</kw>
<status status="NOT RUN" starttime="20230414 17:32:08.604" endtime="20230414 17:32:08.777"/>
</branch>
<branch type="ELSE">
<kw name="Fail" library="BuiltIn">
<arg>Element Wasn Found</arg>
<doc>Fails the test with the given message and optionally alters its tags.</doc>
<status status="NOT RUN" starttime="20230414 17:32:08.892" endtime="20230414 17:32:08.951"/>
</kw>
<status status="NOT RUN" starttime="20230414 17:32:08.834" endtime="20230414 17:32:09.008"/>
</branch>
<status status="NOT RUN" starttime="20230414 17:32:08.604" endtime="20230414 17:32:09.067"/>
</if>
<status status="PASS" starttime="20230414 17:32:00.929" endtime="20230414 17:32:09.067"/>
</iter>
<status status="PASS" starttime="20230414 17:31:41.610" endtime="20230414 17:32:09.125"/>
</while>
<status status="PASS" starttime="20230414 17:31:41.210" endtime="20230414 17:32:09.183"/>
</kw>
<status status="PASS" starttime="20230414 17:31:39.034" endtime="20230414 17:32:09.242"/>
</kw>
<doc>done</doc>
<tag>1</tag>
<status status="PASS" starttime="20230414 17:30:57.187" endtime="20230414 17:32:09.301"/>
</test>
<test id="s1-t3" name="TC3 :: Filter" line="27">
<kw name="Connect to Emulator" library="common">
<doc>Basic connections to android emulator</doc>
<kw name="Set Appium Timeout" library="AppiumLibrary">
<arg>10 seconds</arg>
<doc>Sets the timeout in seconds used by various keywords.</doc>
<status status="PASS" starttime="20230414 17:32:09.478" endtime="20230414 17:32:09.536"/>
</kw>
<kw name="Open Application" library="AppiumLibrary">
<arg>${APPIUM_SERVER}</arg>
<arg>platformName=${PLATFORM}</arg>
<arg>app=${APP_LOCATION}${APK_NAME}</arg>
<arg>appPackage=${PACKAGE_NAME}</arg>
<arg>appActivity=${APP_MAIN_ACTIVITY}</arg>
<arg>fullReset=${FULL_RESET_ON}</arg>
<arg>noReset=${RESET_OFF}</arg>
<arg>newCommandTimeout=${NEW_COMMAND_TIMEOUT}</arg>
<arg>platformVersion=${platformVersion}</arg>
<arg>deviceName=${deviceName}</arg>
<arg>automationName=${automationName}</arg>
<arg>unicodeKeyboard=${unicodeKeyboard}</arg>
<arg>resetKeyboard=${resetKeyboard}</arg>
<arg>udid=${udid}</arg>
<doc>Opens a new application to given Appium server.
Capabilities of appium server, Android and iOS,
Please check https://github.com/appium/appium/blob/master/docs/en/writing-running-appium/server-args.md
| *Option*            | *Man.* | *Description*     |
| remote_url          | Yes    | Appium server url |
| alias               | no     | alias             |</doc>
<status status="PASS" starttime="20230414 17:32:09.595" endtime="20230414 17:32:19.537"/>
</kw>
<status status="PASS" starttime="20230414 17:32:09.419" endtime="20230414 17:32:19.595"/>
</kw>
<kw name="Set user" library="common">
<arg>filter_user</arg>
<doc>We set up user for test. After we try to find him in database and delete it.</doc>
<kw name="Import Resource" library="BuiltIn">
<arg>${ROOT_USERS}${/}${user_name}.resource</arg>
<doc>Imports a resource file with the given path.</doc>
<status status="PASS" starttime="20230414 17:32:19.711" endtime="20230414 17:32:19.771"/>
</kw>
<status status="PASS" starttime="20230414 17:32:19.653" endtime="20230414 17:32:19.828"/>
</kw>
<kw name="Skip Login" library="login">
<kw name="Click to Element" library="common">
<arg>${LOGIN_SKIP_LOGIN_BUTTON}</arg>
<doc>Support keyword. Keyword combine two basic keyword to one.</doc>
<kw name="Wait Until Element Is Visible" library="AppiumLibrary">
<arg>${element_andr}</arg>
<arg>${wait_time}</arg>
<doc>Waits until element specified with `locator` is visible.</doc>
<status status="PASS" starttime="20230414 17:32:20.004" endtime="20230414 17:32:21.083"/>
</kw>
<kw name="Click Element" library="AppiumLibrary">
<arg>${element_andr}</arg>
<doc>Click element identified by `locator`.</doc>
<msg timestamp="20230414 17:32:21.236" level="INFO">Clicking element 'com.amazon.mShop.android.shopping:id/skip_sign_in_button'.</msg>
<status status="PASS" starttime="20230414 17:32:21.152" endtime="20230414 17:32:21.306"/>
</kw>
<status status="PASS" starttime="20230414 17:32:19.945" endtime="20230414 17:32:21.388"/>
</kw>
<status status="PASS" starttime="20230414 17:32:19.887" endtime="20230414 17:32:21.522"/>
</kw>
<kw name="Dashboard - Find My Product" library="dashboard">
<kw name="Find Product" library="search_bar">
<arg>${USER_WHICH_PRODUCT_WE_WANT}</arg>
<kw name="Click to Element" library="common">
<arg>${SEARCH_BAR_HINT_VIEW}</arg>
<doc>Support keyword. Keyword combine two basic keyword to one.</doc>
<kw name="Wait Until Element Is Visible" library="AppiumLibrary">
<arg>${element_andr}</arg>
<arg>${wait_time}</arg>
<doc>Waits until element specified with `locator` is visible.</doc>
<status status="PASS" starttime="20230414 17:32:21.870" endtime="20230414 17:32:24.991"/>
</kw>
<kw name="Click Element" library="AppiumLibrary">
<arg>${element_andr}</arg>
<doc>Click element identified by `locator`.</doc>
<msg timestamp="20230414 17:32:25.110" level="INFO">Clicking element 'com.amazon.mShop.android.shopping:id/chrome_search_hint_view'.</msg>
<status status="PASS" starttime="20230414 17:32:25.049" endtime="20230414 17:32:26.522"/>
</kw>
<status status="PASS" starttime="20230414 17:32:21.779" endtime="20230414 17:32:26.582"/>
</kw>
<kw name="Input text to Element" library="common">
<arg>${SEARCH_BAR_INPUT}</arg>
<arg>${product}</arg>
<kw name="Wait Until Element Is Visible" library="AppiumLibrary">
<arg>${element}</arg>
<doc>Waits until element specified with `locator` is visible.</doc>
<status status="PASS" starttime="20230414 17:32:26.704" endtime="20230414 17:32:26.823"/>
</kw>
<kw name="Input Text" library="AppiumLibrary">
<arg>${element}</arg>
<arg>${text}</arg>
<doc>Types the given `text` into text field identified by `locator`.</doc>
<msg timestamp="20230414 17:32:26.951" level="INFO">Typing text 'Samsung mobile' into text field 'com.amazon.mShop.android.shopping:id/rs_search_src_text'</msg>
<status status="PASS" starttime="20230414 17:32:26.883" endtime="20230414 17:32:27.086"/>
</kw>
<status status="PASS" starttime="20230414 17:32:26.643" endtime="20230414 17:32:27.146"/>
</kw>
<kw name="Press Keycode" library="AppiumLibrary">
<arg>66</arg>
<doc>Sends a press of keycode to the device.</doc>
<status status="PASS" starttime="20230414 17:32:27.208" endtime="20230414 17:32:27.926"/>
</kw>
<kw name="Log" library="BuiltIn">
<arg>Tapnuto</arg>
<doc>Logs the given message with the given level.</doc>
<msg timestamp="20230414 17:32:28.047" level="INFO">Tapnuto</msg>
<status status="PASS" starttime="20230414 17:32:27.986" endtime="20230414 17:32:28.047"/>
</kw>
<status status="PASS" starttime="20230414 17:32:21.716" endtime="20230414 17:32:28.108"/>
</kw>
<status status="PASS" starttime="20230414 17:32:21.642" endtime="20230414 17:32:28.175"/>
</kw>
<kw name="Sleep" library="BuiltIn">
<arg>3</arg>
<doc>Pauses the test executed for the given time.</doc>
<msg timestamp="20230414 17:32:31.359" level="INFO">Slept 3 seconds</msg>
<status status="PASS" starttime="20230414 17:32:28.234" endtime="20230414 17:32:31.359"/>
</kw>
<kw name="Dashboard - Find My Product" library="dashboard">
<kw name="Find Product" library="search_bar">
<arg>${USER_WHICH_PRODUCT_WE_WANT}</arg>
<kw name="Click to Element" library="common">
<arg>${SEARCH_BAR_HINT_VIEW}</arg>
<doc>Support keyword. Keyword combine two basic keyword to one.</doc>
<kw name="Wait Until Element Is Visible" library="AppiumLibrary">
<arg>${element_andr}</arg>
<arg>${wait_time}</arg>
<doc>Waits until element specified with `locator` is visible.</doc>
<status status="PASS" starttime="20230414 17:32:31.607" endtime="20230414 17:32:32.929"/>
</kw>
<kw name="Click Element" library="AppiumLibrary">
<arg>${element_andr}</arg>
<doc>Click element identified by `locator`.</doc>
<msg timestamp="20230414 17:32:33.055" level="INFO">Clicking element 'com.amazon.mShop.android.shopping:id/chrome_search_hint_view'.</msg>
<status status="PASS" starttime="20230414 17:32:32.989" endtime="20230414 17:32:34.121"/>
</kw>
<status status="PASS" starttime="20230414 17:32:31.547" endtime="20230414 17:32:34.182"/>
</kw>
<kw name="Input text to Element" library="common">
<arg>${SEARCH_BAR_INPUT}</arg>
<arg>${product}</arg>
<kw name="Wait Until Element Is Visible" library="AppiumLibrary">
<arg>${element}</arg>
<doc>Waits until element specified with `locator` is visible.</doc>
<status status="PASS" starttime="20230414 17:32:34.308" endtime="20230414 17:32:34.946"/>
</kw>
<kw name="Input Text" library="AppiumLibrary">
<arg>${element}</arg>
<arg>${text}</arg>
<doc>Types the given `text` into text field identified by `locator`.</doc>
<msg timestamp="20230414 17:32:35.067" level="INFO">Typing text 'Samsung mobile' into text field 'com.amazon.mShop.android.shopping:id/rs_search_src_text'</msg>
<status status="PASS" starttime="20230414 17:32:35.004" endtime="20230414 17:32:35.897"/>
</kw>
<status status="PASS" starttime="20230414 17:32:34.242" endtime="20230414 17:32:35.964"/>
</kw>
<kw name="Press Keycode" library="AppiumLibrary">
<arg>66</arg>
<doc>Sends a press of keycode to the device.</doc>
<status status="PASS" starttime="20230414 17:32:36.023" endtime="20230414 17:32:36.722"/>
</kw>
<kw name="Log" library="BuiltIn">
<arg>Tapnuto</arg>
<doc>Logs the given message with the given level.</doc>
<msg timestamp="20230414 17:32:36.841" level="INFO">Tapnuto</msg>
<status status="PASS" starttime="20230414 17:32:36.782" endtime="20230414 17:32:36.841"/>
</kw>
<status status="PASS" starttime="20230414 17:32:31.487" endtime="20230414 17:32:36.901"/>
</kw>
<status status="PASS" starttime="20230414 17:32:31.427" endtime="20230414 17:32:36.960"/>
</kw>
<kw name="Click to Filter" library="search_result">
<kw name="Click to Element" library="common">
<arg>${SEARCH_RESULT_FILTER}</arg>
<doc>Support keyword. Keyword combine two basic keyword to one.</doc>
<kw name="Wait Until Element Is Visible" library="AppiumLibrary">
<arg>${element_andr}</arg>
<arg>${wait_time}</arg>
<doc>Waits until element specified with `locator` is visible.</doc>
<status status="PASS" starttime="20230414 17:32:37.176" endtime="20230414 17:32:40.919"/>
</kw>
<kw name="Click Element" library="AppiumLibrary">
<arg>${element_andr}</arg>
<doc>Click element identified by `locator`.</doc>
<msg timestamp="20230414 17:32:41.038" level="INFO">Clicking element 'xpath=//android.widget.ToggleButton[@resource-id='s-all-filters']'.</msg>
<status status="PASS" starttime="20230414 17:32:40.978" endtime="20230414 17:32:41.354"/>
</kw>
<status status="PASS" starttime="20230414 17:32:37.107" endtime="20230414 17:32:41.413"/>
</kw>
<status status="PASS" starttime="20230414 17:32:37.040" endtime="20230414 17:32:41.472"/>
</kw>
<kw name="Filter Use filter and show Results" library="modal_filter_search">
<kw name="Filter Click to Cell Phones" library="modal_filter_search">
<kw name="Click to Element" library="common">
<arg>${MODAL_FILTER_SEARCH_CELL_PHONES}</arg>
<doc>Support keyword. Keyword combine two basic keyword to one.</doc>
<kw name="Wait Until Element Is Visible" library="AppiumLibrary">
<arg>${element_andr}</arg>
<arg>${wait_time}</arg>
<doc>Waits until element specified with `locator` is visible.</doc>
<status status="PASS" starttime="20230414 17:32:41.720" endtime="20230414 17:32:44.199"/>
</kw>
<kw name="Click Element" library="AppiumLibrary">
<arg>${element_andr}</arg>
<doc>Click element identified by `locator`.</doc>
<msg timestamp="20230414 17:32:44.322" level="INFO">Clicking element 'xpath=//android.view.View[@content-desc="Cell Phones &amp; Accessories"]'.</msg>
<status status="PASS" starttime="20230414 17:32:44.261" endtime="20230414 17:32:45.022"/>
</kw>
<status status="PASS" starttime="20230414 17:32:41.661" endtime="20230414 17:32:45.085"/>
</kw>
<status status="PASS" starttime="20230414 17:32:41.599" endtime="20230414 17:32:45.146"/>
</kw>
<kw name="Filter Show Results" library="modal_filter_search">
<kw name="Run Keyword And Return Status" library="BuiltIn">
<var>${was_clicked}</var>
<arg>Click to Element</arg>
<arg>${MODAL_FILTER_SHOW_RESULTS}</arg>
<doc>Runs the given keyword with given arguments and returns the status as a Boolean value.</doc>
<kw name="Click to Element" library="common">
<arg>${MODAL_FILTER_SHOW_RESULTS}</arg>
<doc>Support keyword. Keyword combine two basic keyword to one.</doc>
<kw name="Wait Until Element Is Visible" library="AppiumLibrary">
<arg>${element_andr}</arg>
<arg>${wait_time}</arg>
<doc>Waits until element specified with `locator` is visible.</doc>
<status status="PASS" starttime="20230414 17:32:45.383" endtime="20230414 17:32:48.534"/>
</kw>
<kw name="Click Element" library="AppiumLibrary">
<arg>${element_andr}</arg>
<doc>Click element identified by `locator`.</doc>
<msg timestamp="20230414 17:32:48.655" level="INFO">Clicking element 'xpath=//android.widget.TextView[contains(@text,"Show")]'.</msg>
<status status="PASS" starttime="20230414 17:32:48.593" endtime="20230414 17:32:49.323"/>
</kw>
<status status="PASS" starttime="20230414 17:32:45.324" endtime="20230414 17:32:49.384"/>
</kw>
<msg timestamp="20230414 17:32:49.442" level="INFO">${was_clicked} = True</msg>
<status status="PASS" starttime="20230414 17:32:45.265" endtime="20230414 17:32:49.442"/>
</kw>
<if>
<branch type="IF" condition="${was_clicked}==${FALSE}">
<kw name="Get Webelements" library="AppiumLibrary">
<var>@{elements}</var>
<arg>${SEARCH_RESULT_ANDROID_VIEW}</arg>
<doc>Returns list of [http://selenium-python.readthedocs.io/api.html#module-selenium.webdriver.remote.webelement|WebElement] objects matching ``locator``.</doc>
<status status="NOT RUN" starttime="20230414 17:32:49.558" endtime="20230414 17:32:49.615"/>
</kw>
<for flavor="IN">
<var>${i}</var>
<value>@{elements}</value>
<iter>
<var name="${i}"/>
<kw name="Get Element Attribute" library="AppiumLibrary">
<var>${element_atr}</var>
<arg>${i}</arg>
<arg>contentDescription</arg>
<doc>Get element attribute using given attribute: name, value,...</doc>
<status status="NOT RUN" starttime="20230414 17:32:49.793" endtime="20230414 17:32:49.850"/>
</kw>
<kw name="Set Variable If" library="BuiltIn">
<var>${element_atr}</var>
<arg>"""${element_atr}""" == """None"""</arg>
<arg>${EMPTY}</arg>
<arg>${element_atr}</arg>
<doc>Sets variable based on the given condition.</doc>
<status status="NOT RUN" starttime="20230414 17:32:49.908" endtime="20230414 17:32:49.966"/>
[...]
                                    &lt;/android.view.View&gt;
                                  &lt;/android.view.View&gt;
                                &lt;/android.widget.ListView&gt;
                              &lt;/android.view.View&gt;
                            &lt;/android.view.View&gt;
                          &lt;/android.view.View&gt;
                        &lt;/android.view.View&gt;
                      &lt;/android.view.View&gt;
                    &lt;/android.webkit.WebView&gt;
                  &lt;/android.webkit.WebView&gt;
                &lt;/android.widget.RelativeLayout&gt;
              &lt;/android.widget.RelativeLayout&gt;
            &lt;/android.widget.FrameLayout&gt;
          &lt;/android.widget.FrameLayout&gt;
          &lt;android.widget.LinearLayout index="5" package="com.amazon.mShop.android.shopping" class="android.widget.LinearLayout" text="" resource-id="com.amazon.mShop.android.shopping:id/bottom_overlay_bar_container" checkable="false" checked="false" clickable="false" enabled="true" focusable="false" focused="false" long-clickable="false" password="false" scrollable="false" selected="false" bounds="[0,1668][1080,1794]" displayed="true"&gt;
            &lt;android.widget.RelativeLayout index="0" package="com.amazon.mShop.android.shopping" class="android.widget.RelativeLayout" text="" checkable="false" checked="false" clickable="false" enabled="true" focusable="true" focused="false" long-clickable="false" password="false" scrollable="false" selected="false" bounds="[0,1668][1080,1794]" displayed="true" /&gt;
          &lt;/android.widget.LinearLayout&gt;
          &lt;android.widget.LinearLayout index="6" package="com.amazon.mShop.android.shopping" class="android.widget.LinearLayout" text="" resource-id="com.amazon.mShop.android.shopping:id/bottom_fixed_bar_container" checkable="false" checked="false" clickable="false" enabled="true" focusable="false" focused="false" long-clickable="false" password="false" scrollable="false" selected="false" bounds="[0,1668][1080,1794]" displayed="true"&gt;
            &lt;android.view.ViewGroup index="0" package="com.amazon.mShop.android.shopping" class="android.view.ViewGroup" text="" checkable="false" checked="false" clickable="false" enabled="true" focusable="false" focused="false" long-clickable="false" password="false" scrollable="false" selected="false" bounds="[0,1668][1080,1794]" displayed="true"&gt;
              &lt;android.widget.HorizontalScrollView index="0" package="com.amazon.mShop.android.shopping" class="android.widget.HorizontalScrollView" text="" resource-id="com.amazon.mShop.android.shopping:id/bottom_tab_nav_bar" checkable="false" checked="false" clickable="false" enabled="true" focusable="true" focused="false" long-clickable="false" password="false" scrollable="false" selected="false" bounds="[0,1668][1080,1794]" displayed="true"&gt;
                &lt;android.widget.LinearLayout index="0" package="com.amazon.mShop.android.shopping" class="android.widget.LinearLayout" text="" checkable="false" checked="false" clickable="false" enabled="true" focusable="false" focused="false" long-clickable="false" password="false" scrollable="false" selected="false" bounds="[0,1668][1080,1794]" displayed="true"&gt;
                  &lt;androidx.appcompat.app.ActionBar.Tab index="0" package="com.amazon.mShop.android.shopping" class="androidx.appcompat.app.ActionBar$Tab" text="" checkable="false" checked="false" clickable="true" enabled="true" focusable="true" focused="false" long-clickable="false" password="false" scrollable="false" selected="true" bounds="[0,1668][267,1794]" displayed="true"&gt;
                    &lt;android.widget.ImageView index="0" package="com.amazon.mShop.android.shopping" class="android.widget.ImageView" text="" content-desc="Home Tab 1 of 4" resource-id="com.amazon.mShop.android.shopping:id/bottom_tab_button_icon" checkable="false" checked="false" clickable="false" enabled="true" focusable="false" focused="false" long-clickable="false" password="false" scrollable="false" selected="true" bounds="[73,1670][189,1794]" displayed="true" /&gt;
                  &lt;/androidx.appcompat.app.ActionBar.Tab&gt;
                  &lt;androidx.appcompat.app.ActionBar.Tab index="1" package="com.amazon.mShop.android.shopping" class="androidx.appcompat.app.ActionBar$Tab" text="" checkable="false" checked="false" clickable="true" enabled="true" focusable="true" focused="false" long-clickable="false" password="false" scrollable="false" selected="false" bounds="[267,1668][539,1794]" displayed="true"&gt;
                    &lt;android.widget.FrameLayout index="0" package="com.amazon.mShop.android.shopping" class="android.widget.FrameLayout" text="" content-desc="Your Amazon.com Tab 2 of 4" checkable="false" checked="false" clickable="false" enabled="true" focusable="false" focused="false" long-clickable="false" password="false" scrollable="false" selected="false" bounds="[345,1670][461,1794]" displayed="true"&gt;
                      &lt;android.widget.ImageView index="0" package="com.amazon.mShop.android.shopping" class="android.widget.ImageView" text="" resource-id="com.amazon.mShop.android.shopping:id/bottom_tab_button_icon" checkable="false" checked="false" clickable="false" enabled="true" focusable="false" focused="false" long-clickable="false" password="false" scrollable="false" selected="false" bounds="[345,1670][461,1794]" displayed="true" /&gt;
                    &lt;/android.widget.FrameLayout&gt;
                  &lt;/androidx.appcompat.app.ActionBar.Tab&gt;
                  &lt;androidx.appcompat.app.ActionBar.Tab index="2" package="com.amazon.mShop.android.shopping" class="androidx.appcompat.app.ActionBar$Tab" text="" checkable="false" checked="false" clickable="true" enabled="true" focusable="true" focused="false" long-clickable="false" password="false" scrollable="false" selected="false" bounds="[539,1668][812,1794]" displayed="true"&gt;
                    &lt;android.widget.FrameLayout index="0" package="com.amazon.mShop.android.shopping" class="android.widget.FrameLayout" text="" content-desc="Cart 0 item Tab 3 of 4" checkable="false" checked="false" clickable="false" enabled="true" focusable="false" focused="false" long-clickable="false" password="false" scrollable="false" selected="false" bounds="[617,1670][733,1794]" displayed="true"&gt;
                      &lt;android.widget.ImageView index="0" package="com.amazon.mShop.android.shopping" class="android.widget.ImageView" text="" resource-id="com.amazon.mShop.android.shopping:id/bottom_tab_button_icon" checkable="false" checked="false" clickable="false" enabled="true" focusable="false" focused="false" long-clickable="false" password="false" scrollable="false" selected="false" bounds="[617,1670][733,1794]" displayed="true" /&gt;
                      &lt;android.widget.TextView index="1" package="com.amazon.mShop.android.shopping" class="android.widget.TextView" text="0" resource-id="com.amazon.mShop.android.shopping:id/cart_count" checkable="false" checked="false" clickable="false" enabled="true" focusable="false" focused="false" long-clickable="false" password="false" scrollable="false" selected="false" bounds="[668,1694][691,1743]" displayed="true" /&gt;
                    &lt;/android.widget.FrameLayout&gt;
                  &lt;/androidx.appcompat.app.ActionBar.Tab&gt;
                  &lt;androidx.appcompat.app.ActionBar.Tab index="3" package="com.amazon.mShop.android.shopping" class="androidx.appcompat.app.ActionBar$Tab" text="" checkable="false" checked="false" clickable="true" enabled="true" focusable="true" focused="false" long-clickable="false" password="false" scrollable="false" selected="false" bounds="[812,1668][1080,1794]" displayed="true"&gt;
                    &lt;android.widget.ImageView index="0" package="com.amazon.mShop.android.shopping" class="android.widget.ImageView" text="" content-desc="Menu. Contains your orders, your account, shop by department, programs and features, settings, and customer service Tab 4 of 4" resource-id="com.amazon.mShop.android.shopping:id/bottom_tab_button_icon" checkable="false" checked="false" clickable="false" enabled="true" focusable="false" focused="false" long-clickable="false" password="false" scrollable="false" selected="false" bounds="[890,1670][1006,1794]" displayed="true" /&gt;
                  &lt;/androidx.appcompat.app.ActionBar.Tab&gt;
                &lt;/android.widget.LinearLayout&gt;
              &lt;/android.widget.HorizontalScrollView&gt;
            &lt;/android.view.ViewGroup&gt;
          &lt;/android.widget.LinearLayout&gt;
        &lt;/android.view.ViewGroup&gt;
      &lt;/android.widget.FrameLayout&gt;
    &lt;/android.widget.LinearLayout&gt;
  &lt;/android.widget.FrameLayout&gt;
&lt;/hierarchy&gt;</msg>
<status status="PASS" starttime="20230414 17:33:32.763" endtime="20230414 17:33:32.824"/>
</kw>
<kw name="Run Keyword And Return Status" library="BuiltIn">
<var>${element_find}</var>
<arg>Get Webelements</arg>
<arg>${id_elements}</arg>
<doc>Runs the given keyword with given arguments and returns the status as a Boolean value.</doc>
<kw name="Get Webelements" library="AppiumLibrary">
<arg>${id_elements}</arg>
<doc>Returns list of [http://selenium-python.readthedocs.io/api.html#module-selenium.webdriver.remote.webelement|WebElement] objects matching ``locator``.</doc>
<status status="PASS" starttime="20230414 17:33:32.942" endtime="20230414 17:33:33.122"/>
</kw>
<msg timestamp="20230414 17:33:33.183" level="INFO">${element_find} = True</msg>
<status status="PASS" starttime="20230414 17:33:32.882" endtime="20230414 17:33:33.183"/>
</kw>
<if>
<branch type="IF" condition="${element_find}==${TRUE}">
<kw name="Set Test Variable" library="BuiltIn">
<arg>${element_is_ok}</arg>
<arg>${TRUE}</arg>
<doc>Makes a variable available everywhere within the scope of the current test.</doc>
<msg timestamp="20230414 17:33:33.374" level="INFO">${element_is_ok} = True</msg>
<status status="PASS" starttime="20230414 17:33:33.312" endtime="20230414 17:33:33.374"/>
</kw>
<status status="PASS" starttime="20230414 17:33:33.243" endtime="20230414 17:33:33.436"/>
</branch>
<branch type="ELSE">
<kw name="Set Test Variable" library="BuiltIn">
<arg>${element_is_ok}</arg>
<arg>${FALSE}</arg>
<doc>Makes a variable available everywhere within the scope of the current test.</doc>
<status status="NOT RUN" starttime="20230414 17:33:33.567" endtime="20230414 17:33:33.639"/>
</kw>
<status status="NOT RUN" starttime="20230414 17:33:33.499" endtime="20230414 17:33:33.700"/>
</branch>
<status status="PASS" starttime="20230414 17:33:33.243" endtime="20230414 17:33:33.760"/>
</if>
<if>
<branch type="IF" condition="${element_is_ok}==${TRUE}">
<break>
<status status="PASS" starttime="20230414 17:33:33.833" endtime="20230414 17:33:33.892"/>
</break>
<status status="PASS" starttime="20230414 17:33:33.760" endtime="20230414 17:33:33.956"/>
</branch>
<status status="PASS" starttime="20230414 17:33:33.760" endtime="20230414 17:33:34.015"/>
</if>
<kw name="Swipe Down 50" library="common">
<status status="NOT RUN" starttime="20230414 17:33:34.015" endtime="20230414 17:33:34.077"/>
</kw>
<kw name="Evaluate" library="BuiltIn">
<var>${m_counter}</var>
<arg>${m_counter}+1</arg>
<doc>Evaluates the given expression in Python and returns the result.</doc>
<status status="NOT RUN" starttime="20230414 17:33:34.137" endtime="20230414 17:33:34.198"/>
</kw>
<if>
<branch type="IF" condition="${m_counter}&lt;${how_wanna_scroll_down}">
<kw name="Log" library="BuiltIn">
<arg>End Loop</arg>
<doc>Logs the given message with the given level.</doc>
<status status="NOT RUN" starttime="20230414 17:33:34.318" endtime="20230414 17:33:34.378"/>
</kw>
<status status="NOT RUN" starttime="20230414 17:33:34.258" endtime="20230414 17:33:34.437"/>
</branch>
<branch type="ELSE">
<kw name="Fail" library="BuiltIn">
<arg>Element Wasnt Found</arg>
<doc>Fails the test with the given message and optionally alters its tags.</doc>
<status status="NOT RUN" starttime="20230414 17:33:34.558" endtime="20230414 17:33:34.619"/>
</kw>
<status status="NOT RUN" starttime="20230414 17:33:34.498" endtime="20230414 17:33:34.685"/>
</branch>
<status status="NOT RUN" starttime="20230414 17:33:34.258" endtime="20230414 17:33:34.746"/>
</if>
<status status="PASS" starttime="20230414 17:33:30.313" endtime="20230414 17:33:34.746"/>
</iter>
<status status="PASS" starttime="20230414 17:33:16.539" endtime="20230414 17:33:34.806"/>
</while>
<status status="PASS" starttime="20230414 17:33:16.363" endtime="20230414 17:33:34.866"/>
</kw>
<status status="PASS" starttime="20230414 17:33:16.303" endtime="20230414 17:33:34.926"/>
</kw>
<tag>3</tag>
<status status="PASS" starttime="20230414 17:32:51.338" endtime="20230414 17:33:34.987"/>
</test>
<test id="s1-t5" name="TC5 :: Login" line="47">
<kw name="Connect to Emulator" library="common">
<doc>Basic connections to android emulator</doc>
<kw name="Set Appium Timeout" library="AppiumLibrary">
<arg>10 seconds</arg>
<doc>Sets the timeout in seconds used by various keywords.</doc>
<status status="PASS" starttime="20230414 17:33:35.170" endtime="20230414 17:33:35.238"/>
</kw>
<kw name="Open Application" library="AppiumLibrary">
<arg>${APPIUM_SERVER}</arg>
<arg>platformName=${PLATFORM}</arg>
<arg>app=${APP_LOCATION}${APK_NAME}</arg>
<arg>appPackage=${PACKAGE_NAME}</arg>
<arg>appActivity=${APP_MAIN_ACTIVITY}</arg>
<arg>fullReset=${FULL_RESET_ON}</arg>
<arg>noReset=${RESET_OFF}</arg>
<arg>newCommandTimeout=${NEW_COMMAND_TIMEOUT}</arg>
<arg>platformVersion=${platformVersion}</arg>
<arg>deviceName=${deviceName}</arg>
<arg>automationName=${automationName}</arg>
<arg>unicodeKeyboard=${unicodeKeyboard}</arg>
<arg>resetKeyboard=${resetKeyboard}</arg>
<arg>udid=${udid}</arg>
<doc>Opens a new application to given Appium server.
Capabilities of appium server, Android and iOS,
Please check https://github.com/appium/appium/blob/master/docs/en/writing-running-appium/server-args.md
| *Option*            | *Man.* | *Description*     |
| remote_url          | Yes    | Appium server url |
| alias               | no     | alias             |</doc>
<status status="PASS" starttime="20230414 17:33:35.298" endtime="20230414 17:33:44.613"/>
</kw>
<status status="PASS" starttime="20230414 17:33:35.111" endtime="20230414 17:33:44.672"/>
</kw>
<kw name="Set user" library="common">
<arg>login_user</arg>
<doc>We set up user for test. After we try to find him in database and delete it.</doc>
<kw name="Import Resource" library="BuiltIn">
<arg>${ROOT_USERS}${/}${user_name}.resource</arg>
<doc>Imports a resource file with the given path.</doc>
<status status="PASS" starttime="20230414 17:33:44.795" endtime="20230414 17:33:44.856"/>
</kw>
<status status="PASS" starttime="20230414 17:33:44.735" endtime="20230414 17:33:44.919"/>
</kw>
<kw name="Click To Login" library="login">
<kw name="Click to Element" library="common">
<arg>${LOGIN_LOGIN_BUTTON}</arg>
<doc>Support keyword. Keyword combine two basic keyword to one.</doc>
<kw name="Wait Until Element Is Visible" library="AppiumLibrary">
<arg>${element_andr}</arg>
<arg>${wait_time}</arg>
<doc>Waits until element specified with `locator` is visible.</doc>
<status status="PASS" starttime="20230414 17:33:45.103" endtime="20230414 17:33:46.932"/>
</kw>
<kw name="Click Element" library="AppiumLibrary">
<arg>${element_andr}</arg>
<doc>Click element identified by `locator`.</doc>
<msg timestamp="20230414 17:33:47.060" level="INFO">Clicking element 'com.amazon.mShop.android.shopping:id/sign_in_button'.</msg>
<status status="PASS" starttime="20230414 17:33:46.998" endtime="20230414 17:33:47.916"/>
</kw>
<status status="PASS" starttime="20230414 17:33:45.044" endtime="20230414 17:33:47.975"/>
</kw>
<status status="PASS" starttime="20230414 17:33:44.983" endtime="20230414 17:33:48.125"/>
</kw>
<kw name="Sign Up User" library="sign_up">
<kw name="Sign Up Enter Email" library="sign_up">
<kw name="Input text to Element" library="common">
<arg>${SIGNUP_EMAIL}</arg>
<arg>${USER_EMAIL}</arg>
<kw name="Wait Until Element Is Visible" library="AppiumLibrary">
<arg>${element}</arg>
<doc>Waits until element specified with `locator` is visible.</doc>
<status status="PASS" starttime="20230414 17:33:48.572" endtime="20230414 17:33:49.825"/>
</kw>
<kw name="Input Text" library="AppiumLibrary">
<arg>${element}</arg>
<arg>${text}</arg>
<doc>Types the given `text` into text field identified by `locator`.</doc>
<msg timestamp="20230414 17:33:49.952" level="INFO">Typing text 'automation.test.tesena.101@gmail.com' into text field 'xpath=//android.widget.EditText[@resource-id='ap_email_login']'</msg>
<status status="PASS" starttime="20230414 17:33:49.885" endtime="20230414 17:33:50.072"/>
</kw>
<status status="PASS" starttime="20230414 17:33:48.497" endtime="20230414 17:33:50.275"/>
</kw>
<status status="PASS" starttime="20230414 17:33:48.360" endtime="20230414 17:33:50.337"/>
</kw>
<kw name="Sign Up Click To Continue" library="sign_up">
<kw name="Click to Element" library="common">
<arg>${SIGNUP_CONTINUE_BUTTON}</arg>
<doc>Support keyword. Keyword combine two basic keyword to one.</doc>
<kw name="Wait Until Element Is Visible" library="AppiumLibrary">
<arg>${element_andr}</arg>
<arg>${wait_time}</arg>
<doc>Waits until element specified with `locator` is visible.</doc>
<status status="PASS" starttime="20230414 17:33:50.524" endtime="20230414 17:33:50.735"/>
</kw>
<kw name="Click Element" library="AppiumLibrary">
<arg>${element_andr}</arg>
<doc>Click element identified by `locator`.</doc>
<msg timestamp="20230414 17:33:50.860" level="INFO">Clicking element 'xpath=//android.widget.Button[@resource-id='continue']'.</msg>
<status status="PASS" starttime="20230414 17:33:50.794" endtime="20230414 17:33:50.940"/>
</kw>
<status status="PASS" starttime="20230414 17:33:50.461" endtime="20230414 17:33:51.004"/>
</kw>
<status status="PASS" starttime="20230414 17:33:50.398" endtime="20230414 17:33:51.064"/>
</kw>
<kw name="Sign Up Enter Password" library="sign_up">
<kw name="Input text to Element" library="common">
<arg>${SIGNUP_PASSWORD}</arg>
<arg>${USER_PASSWORD}</arg>
<msg timestamp="20230414 17:33:51.245" level="FAIL">Variable '${USER_PASSWORD}' not found.</msg>
<status status="FAIL" starttime="20230414 17:33:51.185" endtime="20230414 17:33:51.245"/>
</kw>
<status status="FAIL" starttime="20230414 17:33:51.126" endtime="20230414 17:33:51.305"/>
</kw>
<kw name="Sign Up Click To Sign Up Button" library="sign_up">
<status status="NOT RUN" starttime="20230414 17:33:51.365" endtime="20230414 17:33:51.435"/>
</kw>
<kw name="Sleep" library="BuiltIn">
<arg>10</arg>
<doc>Pauses the test executed for the given time.</doc>
<status status="NOT RUN" starttime="20230414 17:33:51.505" endtime="20230414 17:33:51.600"/>
</kw>
<kw name="Sign Up Click To Not Now" library="sign_up">
<doc>Sometimes Page with pin code and telefon number wasnt loaded, so i must create statement.</doc>
<status status="NOT RUN" starttime="20230414 17:33:51.659" endtime="20230414 17:33:51.719"/>
</kw>
<status status="FAIL" starttime="20230414 17:33:48.243" endtime="20230414 17:33:51.779"/>
</kw>
<kw name="Dashboard - Check Loaded" library="dashboard">
<status status="NOT RUN" starttime="20230414 17:33:51.839" endtime="20230414 17:33:51.898"/>
</kw>
<status status="FAIL" starttime="20230414 17:33:35.046" endtime="20230414 17:33:51.958">Variable '${USER_PASSWORD}' not found.</status>
</test>
<doc>Common TC</doc>
<status status="FAIL" starttime="20230414 17:30:38.041" endtime="20230414 17:33:52.017"/>
</suite>
<statistics>
<total>
<stat pass="4" fail="1" skip="0">All Tests</stat>
</total>
<tag>
<stat pass="1" fail="0" skip="0">0</stat>
<stat pass="1" fail="0" skip="0">1</stat>
<stat pass="1" fail="0" skip="0">2</stat>
<stat pass="1" fail="0" skip="0">3</stat>
</tag>
<suite>
<stat pass="4" fail="1" skip="0" id="s1" name="Test">Test</stat>
</suite>
</statistics>
<errors>
</errors>
</robot>
