<?xml version="1.0" encoding="UTF-8"?>
<robot generator="Robot 5.0.1 (Python 3.10.6 on linux)" generated="20230317 15:12:52.177" rpa="false" schemaversion="3">
<suite id="s1" name="Test" source="/home/procesor/Dokumenty/GitHub/RobotFrameWorkAmazon/RobotFramework/test/test.robot">
<kw name="Init" library="__init" type="SETUP">
<doc>Most important file in folder. There you set up path, platform, language etc.
Every resource or robot file must be here under Import resource.</doc>
<kw name="Set Global Variable" library="BuiltIn">
<arg>${ROOT}</arg>
<arg>/home/procesor/Dokumenty/GitHub/RobotFrameWorkAmazon/RobotFramework</arg>
<doc>Makes a variable available globally in all tests and suites.</doc>
<msg timestamp="20230317 15:12:52.659" level="INFO">${ROOT} = /home/procesor/Dokumenty/GitHub/RobotFrameWorkAmazon/RobotFramework</msg>
<status status="PASS" starttime="20230317 15:12:52.625" endtime="20230317 15:12:52.660"/>
</kw>
<kw name="Set Global Variable" library="BuiltIn">
<arg>${ROOT_KEYWORDS_MOBILE}</arg>
<arg>${ROOT}${/}resource${/}page_object_model${/}keywords</arg>
<doc>Makes a variable available globally in all tests and suites.</doc>
<msg timestamp="20230317 15:12:52.736" level="INFO">${ROOT_KEYWORDS_MOBILE} = /home/procesor/Dokumenty/GitHub/RobotFrameWorkAmazon/RobotFramework/resource/page_object_model/keywords</msg>
<status status="PASS" starttime="20230317 15:12:52.695" endtime="20230317 15:12:52.737"/>
</kw>
<kw name="Set Global Variable" library="BuiltIn">
<arg>${ROOT_USERS}</arg>
<arg>${ROOT}${/}resource${/}test_data${/}users</arg>
<doc>Makes a variable available globally in all tests and suites.</doc>
<msg timestamp="20230317 15:12:52.814" level="INFO">${ROOT_USERS} = /home/procesor/Dokumenty/GitHub/RobotFrameWorkAmazon/RobotFramework/resource/test_data/users</msg>
<status status="PASS" starttime="20230317 15:12:52.774" endtime="20230317 15:12:52.815"/>
</kw>
<kw name="Set Global Variable" library="BuiltIn">
<arg>${ROOT_VARIABLES_MOBILE}</arg>
<arg>${ROOT}${/}resource${/}page_object_model${/}variables</arg>
<doc>Makes a variable available globally in all tests and suites.</doc>
<msg timestamp="20230317 15:12:52.896" level="INFO">${ROOT_VARIABLES_MOBILE} = /home/procesor/Dokumenty/GitHub/RobotFrameWorkAmazon/RobotFramework/resource/page_object_model/variables</msg>
<status status="PASS" starttime="20230317 15:12:52.857" endtime="20230317 15:12:52.896"/>
</kw>
<kw name="Set Global Variable" library="BuiltIn">
<arg>${APK_NAME}</arg>
<arg>amazon-shopping.apk</arg>
<doc>Makes a variable available globally in all tests and suites.</doc>
<msg timestamp="20230317 15:12:53.002" level="INFO">${APK_NAME} = amazon-shopping.apk</msg>
<status status="PASS" starttime="20230317 15:12:52.963" endtime="20230317 15:12:53.002"/>
</kw>
<kw name="Set Global Variable" library="BuiltIn">
<arg>${APP_LOCATION}</arg>
<arg>${ROOT}${/}resource${/}test_data${/}application${/}</arg>
<doc>Makes a variable available globally in all tests and suites.</doc>
<msg timestamp="20230317 15:12:53.069" level="INFO">${APP_LOCATION} = /home/procesor/Dokumenty/GitHub/RobotFrameWorkAmazon/RobotFramework/resource/test_data/application/</msg>
<status status="PASS" starttime="20230317 15:12:53.035" endtime="20230317 15:12:53.069"/>
</kw>
<kw name="Import Resource" library="BuiltIn">
<arg>${ROOT_KEYWORDS_MOBILE}${/}common.robot</arg>
<doc>Imports a resource file with the given path.</doc>
<status status="PASS" starttime="20230317 15:12:53.099" endtime="20230317 15:12:53.150"/>
</kw>
<kw name="Import Resource" library="BuiltIn">
<arg>${ROOT_KEYWORDS_MOBILE}${/}page${/}login.robot</arg>
<doc>Imports a resource file with the given path.</doc>
<status status="PASS" starttime="20230317 15:12:53.184" endtime="20230317 15:12:53.218"/>
</kw>
<kw name="Import Resource" library="BuiltIn">
<arg>${ROOT_KEYWORDS_MOBILE}${/}page${/}dashboard.robot</arg>
<doc>Imports a resource file with the given path.</doc>
<status status="PASS" starttime="20230317 15:12:53.251" endtime="20230317 15:12:53.283"/>
</kw>
<kw name="Import Resource" library="BuiltIn">
<arg>${ROOT_KEYWORDS_MOBILE}${/}page${/}search_result.robot</arg>
<doc>Imports a resource file with the given path.</doc>
<status status="PASS" starttime="20230317 15:12:53.314" endtime="20230317 15:12:53.354"/>
</kw>
<kw name="Import Resource" library="BuiltIn">
<arg>${ROOT_KEYWORDS_MOBILE}${/}page${/}cart.robot</arg>
<doc>Imports a resource file with the given path.</doc>
<status status="PASS" starttime="20230317 15:12:53.389" endtime="20230317 15:12:53.424"/>
</kw>
<kw name="Import Resource" library="BuiltIn">
<arg>${ROOT_KEYWORDS_MOBILE}${/}page${/}video.robot</arg>
<doc>Imports a resource file with the given path.</doc>
<status status="PASS" starttime="20230317 15:12:53.458" endtime="20230317 15:12:53.497"/>
</kw>
<kw name="Import Resource" library="BuiltIn">
<arg>${ROOT_KEYWORDS_MOBILE}${/}page${/}sign_up.robot</arg>
<doc>Imports a resource file with the given path.</doc>
<status status="PASS" starttime="20230317 15:12:53.532" endtime="20230317 15:12:53.564"/>
</kw>
<kw name="Import Resource" library="BuiltIn">
<arg>${ROOT_KEYWORDS_MOBILE}${/}components${/}search_bar.robot</arg>
<doc>Imports a resource file with the given path.</doc>
<status status="PASS" starttime="20230317 15:12:53.596" endtime="20230317 15:12:53.631"/>
</kw>
<kw name="Import Resource" library="BuiltIn">
<arg>${ROOT_KEYWORDS_MOBILE}${/}components${/}menu.robot</arg>
<doc>Imports a resource file with the given path.</doc>
<status status="PASS" starttime="20230317 15:12:53.662" endtime="20230317 15:12:53.704"/>
</kw>
<kw name="Import Resource" library="BuiltIn">
<arg>${ROOT_KEYWORDS_MOBILE}${/}components${/}modal_cart.robot</arg>
<doc>Imports a resource file with the given path.</doc>
<status status="PASS" starttime="20230317 15:12:53.749" endtime="20230317 15:12:53.785"/>
</kw>
<kw name="Import Resource" library="BuiltIn">
<arg>${ROOT_KEYWORDS_MOBILE}${/}components${/}modal_filter_search.robot</arg>
<doc>Imports a resource file with the given path.</doc>
<status status="PASS" starttime="20230317 15:12:53.814" endtime="20230317 15:12:53.854"/>
</kw>
<kw name="Import Resource" library="BuiltIn">
<arg>${ROOT_VARIABLES_MOBILE}${/}common.resource</arg>
<doc>Imports a resource file with the given path.</doc>
<status status="PASS" starttime="20230317 15:12:53.884" endtime="20230317 15:12:53.919"/>
</kw>
<kw name="Import Resource" library="BuiltIn">
<arg>${ROOT_VARIABLES_MOBILE}${/}page${/}login.resource</arg>
<doc>Imports a resource file with the given path.</doc>
<status status="PASS" starttime="20230317 15:12:53.951" endtime="20230317 15:12:53.985"/>
</kw>
<kw name="Import Resource" library="BuiltIn">
<arg>${ROOT_VARIABLES_MOBILE}${/}page${/}dashboard.resource</arg>
<doc>Imports a resource file with the given path.</doc>
<status status="PASS" starttime="20230317 15:12:54.018" endtime="20230317 15:12:54.050"/>
</kw>
<kw name="Import Resource" library="BuiltIn">
<arg>${ROOT_VARIABLES_MOBILE}${/}page${/}search_result.resource</arg>
<doc>Imports a resource file with the given path.</doc>
<status status="PASS" starttime="20230317 15:12:54.082" endtime="20230317 15:12:54.116"/>
</kw>
<kw name="Import Resource" library="BuiltIn">
<arg>${ROOT_VARIABLES_MOBILE}${/}page${/}cart.resource</arg>
<doc>Imports a resource file with the given path.</doc>
<status status="PASS" starttime="20230317 15:12:54.146" endtime="20230317 15:12:54.181"/>
</kw>
<kw name="Import Resource" library="BuiltIn">
<arg>${ROOT_VARIABLES_MOBILE}${/}page${/}video.resource</arg>
<doc>Imports a resource file with the given path.</doc>
<status status="PASS" starttime="20230317 15:12:54.214" endtime="20230317 15:12:54.250"/>
</kw>
<kw name="Import Resource" library="BuiltIn">
<arg>${ROOT_VARIABLES_MOBILE}${/}page${/}sign_up.resource</arg>
<doc>Imports a resource file with the given path.</doc>
<status status="PASS" starttime="20230317 15:12:54.284" endtime="20230317 15:12:54.319"/>
</kw>
<kw name="Import Resource" library="BuiltIn">
<arg>${ROOT_VARIABLES_MOBILE}${/}components${/}search_bar.resource</arg>
<doc>Imports a resource file with the given path.</doc>
<status status="PASS" starttime="20230317 15:12:54.353" endtime="20230317 15:12:54.389"/>
</kw>
<kw name="Import Resource" library="BuiltIn">
<arg>${ROOT_VARIABLES_MOBILE}${/}components${/}menu.resource</arg>
<doc>Imports a resource file with the given path.</doc>
<status status="PASS" starttime="20230317 15:12:54.424" endtime="20230317 15:12:54.458"/>
</kw>
<kw name="Import Resource" library="BuiltIn">
<arg>${ROOT_VARIABLES_MOBILE}${/}components${/}modal_cart.resource</arg>
<doc>Imports a resource file with the given path.</doc>
<status status="PASS" starttime="20230317 15:12:54.490" endtime="20230317 15:12:54.524"/>
</kw>
<kw name="Import Resource" library="BuiltIn">
<arg>${ROOT_VARIABLES_MOBILE}${/}components${/}modal_filter_search.resource</arg>
<doc>Imports a resource file with the given path.</doc>
<status status="PASS" starttime="20230317 15:12:54.553" endtime="20230317 15:12:54.585"/>
</kw>
<status status="PASS" starttime="20230317 15:12:52.587" endtime="20230317 15:12:54.618"/>
</kw>
<test id="s1-t1" name="TC1 :: Find Product" line="7">
<kw name="Connect to Emulator 2" library="common">
<kw name="Set Appium Timeout" library="AppiumLibrary">
<arg>10 seconds</arg>
<doc>Sets the timeout in seconds used by various keywords.</doc>
<status status="PASS" starttime="20230317 15:12:54.715" endtime="20230317 15:12:54.749"/>
</kw>
<kw name="Open Application" library="AppiumLibrary">
<arg>${APPIUM_SERVER}</arg>
<arg>platformName=${PLATFORM}</arg>
<arg>app=${APP_LOCATION}${APK_NAME}</arg>
<arg>appPackage=${PACKAGE_NAME}</arg>
<arg>appActivity=${APP_MAIN_ACTIVITY}</arg>
<arg>newCommandTimeout=${NEW_COMMAND_TIMEOUT}</arg>
<arg>skipDeviceInitialization=${skipDeviceInitialization}</arg>
<arg>skipServerInstallation=${skipServerInstallation}</arg>
<arg>noReset=${RESET_ON}</arg>
<doc>Opens a new application to given Appium server.
Capabilities of appium server, Android and iOS,
Please check https://github.com/appium/appium/blob/master/docs/en/writing-running-appium/server-args.md
| *Option*            | *Man.* | *Description*     |
| remote_url          | Yes    | Appium server url |
| alias               | no     | alias             |</doc>
<status status="PASS" starttime="20230317 15:12:54.783" endtime="20230317 15:12:59.962"/>
</kw>
<kw name="Reset Application" library="AppiumLibrary">
<doc>Reset application. Open Application can be reset while Appium session is kept alive.</doc>
<status status="PASS" starttime="20230317 15:12:59.994" endtime="20230317 15:13:01.521"/>
</kw>
<status status="PASS" starttime="20230317 15:12:54.683" endtime="20230317 15:13:01.553"/>
</kw>
<kw name="Set user" library="common">
<arg>common_user</arg>
<doc>We set up user for test. After we try to find him in database and delete it.</doc>
<kw name="Import Resource" library="BuiltIn">
<arg>${ROOT_USERS}${/}${user_name}.resource</arg>
<doc>Imports a resource file with the given path.</doc>
<status status="PASS" starttime="20230317 15:13:01.615" endtime="20230317 15:13:01.646"/>
</kw>
<status status="PASS" starttime="20230317 15:13:01.584" endtime="20230317 15:13:01.676"/>
</kw>
<kw name="Skip Login" library="login">
<kw name="Click to Element" library="common">
<arg>${LOGIN_SKIP_LOGIN_BUTTON}</arg>
<doc>Support keyword. Keyword combine two basic keyword to one.</doc>
<kw name="Wait Until Element Is Visible" library="AppiumLibrary">
<arg>${element_andr}</arg>
<arg>${wait_time}</arg>
<doc>Waits until element specified with `locator` is visible.</doc>
<status status="PASS" starttime="20230317 15:13:01.773" endtime="20230317 15:13:02.909"/>
</kw>
<kw name="Click Element" library="AppiumLibrary">
<arg>${element_andr}</arg>
<doc>Click element identified by `locator`.</doc>
<msg timestamp="20230317 15:13:02.973" level="INFO">Clicking element 'com.amazon.mShop.android.shopping:id/skip_sign_in_button'.</msg>
<status status="PASS" starttime="20230317 15:13:02.940" endtime="20230317 15:13:03.034"/>
</kw>
<status status="PASS" starttime="20230317 15:13:01.740" endtime="20230317 15:13:03.066"/>
</kw>
<status status="PASS" starttime="20230317 15:13:01.709" endtime="20230317 15:13:03.095"/>
</kw>
<kw name="Dashboard - Find My Product" library="dashboard">
<kw name="Find Product" library="search_bar">
<arg>${USER_WHICH_PRODUCT_WE_WANT}</arg>
<kw name="Click to Element" library="common">
<arg>${SEARCH_BAR_HINT_VIEW}</arg>
<doc>Support keyword. Keyword combine two basic keyword to one.</doc>
<kw name="Wait Until Element Is Visible" library="AppiumLibrary">
<arg>${element_andr}</arg>
<arg>${wait_time}</arg>
<doc>Waits until element specified with `locator` is visible.</doc>
<status status="PASS" starttime="20230317 15:13:03.224" endtime="20230317 15:13:04.923"/>
</kw>
<kw name="Click Element" library="AppiumLibrary">
<arg>${element_andr}</arg>
<doc>Click element identified by `locator`.</doc>
<msg timestamp="20230317 15:13:04.996" level="INFO">Clicking element 'com.amazon.mShop.android.shopping:id/chrome_search_hint_view'.</msg>
<status status="PASS" starttime="20230317 15:13:04.955" endtime="20230317 15:13:06.245"/>
</kw>
<status status="PASS" starttime="20230317 15:13:03.191" endtime="20230317 15:13:06.296"/>
</kw>
<kw name="Input text to Element" library="common">
<arg>${SEARCH_BAR_INPUT}</arg>
<arg>${product}</arg>
<kw name="Wait Until Element Is Visible" library="AppiumLibrary">
<arg>${element}</arg>
<doc>Waits until element specified with `locator` is visible.</doc>
<status status="PASS" starttime="20230317 15:13:06.371" endtime="20230317 15:13:06.484"/>
</kw>
<kw name="Input Text" library="AppiumLibrary">
<arg>${element}</arg>
<arg>${text}</arg>
<doc>Types the given `text` into text field identified by `locator`.</doc>
<msg timestamp="20230317 15:13:06.553" level="INFO">Typing text 'Samsung' into text field 'com.amazon.mShop.android.shopping:id/rs_search_src_text'</msg>
<status status="PASS" starttime="20230317 15:13:06.518" endtime="20230317 15:13:06.626"/>
</kw>
<status status="PASS" starttime="20230317 15:13:06.336" endtime="20230317 15:13:06.659"/>
</kw>
<kw name="Press Keycode" library="AppiumLibrary">
<arg>66</arg>
<doc>Sends a press of keycode to the device.</doc>
<status status="PASS" starttime="20230317 15:13:06.691" endtime="20230317 15:13:07.488"/>
</kw>
<kw name="Log" library="BuiltIn">
<arg>Tapnuto</arg>
<doc>Logs the given message with the given level.</doc>
<msg timestamp="20230317 15:13:07.545" level="INFO">Tapnuto</msg>
<status status="PASS" starttime="20230317 15:13:07.518" endtime="20230317 15:13:07.545"/>
</kw>
<status status="PASS" starttime="20230317 15:13:03.161" endtime="20230317 15:13:07.575"/>
</kw>
<status status="PASS" starttime="20230317 15:13:03.130" endtime="20230317 15:13:07.609"/>
</kw>
<doc>done</doc>
<status status="PASS" starttime="20230317 15:12:54.650" endtime="20230317 15:13:07.641"/>
</test>
<test id="s1-t2" name="TC2 ::Adding goods to the shopping cart" line="15">
<kw name="Connect to Emulator" library="common">
<doc>Basic connections to android emulator</doc>
<kw name="Set Appium Timeout" library="AppiumLibrary">
<arg>10 seconds</arg>
<doc>Sets the timeout in seconds used by various keywords.</doc>
<status status="PASS" starttime="20230317 15:13:07.745" endtime="20230317 15:13:07.781"/>
</kw>
<kw name="Open Application" library="AppiumLibrary">
<arg>${APPIUM_SERVER}</arg>
<arg>platformName=${PLATFORM}</arg>
<arg>app=${APP_LOCATION}${APK_NAME}</arg>
<arg>appPackage=${PACKAGE_NAME}</arg>
<arg>appActivity=${APP_MAIN_ACTIVITY}</arg>
<arg>fullReset=${FULL_RESET_ON}</arg>
<arg>noReset=${RESET_OFF}</arg>
<arg>newCommandTimeout=${NEW_COMMAND_TIMEOUT}</arg>
<arg>platformVersion=${platformVersion}</arg>
<arg>deviceName=${deviceName}</arg>
<arg>automationName=${automationName}</arg>
<arg>unicodeKeyboard=${unicodeKeyboard}</arg>
<arg>resetKeyboard=${resetKeyboard}</arg>
<arg>udid=${udid}</arg>
<doc>Opens a new application to given Appium server.
Capabilities of appium server, Android and iOS,
Please check https://github.com/appium/appium/blob/master/docs/en/writing-running-appium/server-args.md
| *Option*            | *Man.* | *Description*     |
| remote_url          | Yes    | Appium server url |
| alias               | no     | alias             |</doc>
<status status="PASS" starttime="20230317 15:13:07.819" endtime="20230317 15:13:19.498"/>
</kw>
<status status="PASS" starttime="20230317 15:13:07.707" endtime="20230317 15:13:19.536"/>
</kw>
<kw name="Set user" library="common">
<arg>common_user</arg>
<doc>We set up user for test. After we try to find him in database and delete it.</doc>
<kw name="Import Resource" library="BuiltIn">
<arg>${ROOT_USERS}${/}${user_name}.resource</arg>
<doc>Imports a resource file with the given path.</doc>
<status status="PASS" starttime="20230317 15:13:19.603" endtime="20230317 15:13:19.633"/>
</kw>
<status status="PASS" starttime="20230317 15:13:19.569" endtime="20230317 15:13:19.669"/>
</kw>
<kw name="Skip Login" library="login">
<kw name="Click to Element" library="common">
<arg>${LOGIN_SKIP_LOGIN_BUTTON}</arg>
<doc>Support keyword. Keyword combine two basic keyword to one.</doc>
<kw name="Wait Until Element Is Visible" library="AppiumLibrary">
<arg>${element_andr}</arg>
<arg>${wait_time}</arg>
<doc>Waits until element specified with `locator` is visible.</doc>
<status status="PASS" starttime="20230317 15:13:19.766" endtime="20230317 15:13:21.246"/>
</kw>
<kw name="Click Element" library="AppiumLibrary">
<arg>${element_andr}</arg>
<doc>Click element identified by `locator`.</doc>
<msg timestamp="20230317 15:13:21.306" level="INFO">Clicking element 'com.amazon.mShop.android.shopping:id/skip_sign_in_button'.</msg>
<status status="PASS" starttime="20230317 15:13:21.275" endtime="20230317 15:13:21.381"/>
</kw>
<status status="PASS" starttime="20230317 15:13:19.735" endtime="20230317 15:13:21.413"/>
</kw>
<status status="PASS" starttime="20230317 15:13:19.703" endtime="20230317 15:13:21.446"/>
</kw>
<kw name="Dashboard - Find My Product" library="dashboard">
<kw name="Find Product" library="search_bar">
<arg>${USER_WHICH_PRODUCT_WE_WANT}</arg>
<kw name="Click to Element" library="common">
<arg>${SEARCH_BAR_HINT_VIEW}</arg>
<doc>Support keyword. Keyword combine two basic keyword to one.</doc>
<kw name="Wait Until Element Is Visible" library="AppiumLibrary">
<arg>${element_andr}</arg>
<arg>${wait_time}</arg>
<doc>Waits until element specified with `locator` is visible.</doc>
<status status="PASS" starttime="20230317 15:13:21.566" endtime="20230317 15:13:23.425"/>
</kw>
<kw name="Click Element" library="AppiumLibrary">
<arg>${element_andr}</arg>
<doc>Click element identified by `locator`.</doc>
<msg timestamp="20230317 15:13:23.494" level="INFO">Clicking element 'com.amazon.mShop.android.shopping:id/chrome_search_hint_view'.</msg>
<status status="PASS" starttime="20230317 15:13:23.461" endtime="20230317 15:13:24.862"/>
</kw>
<status status="PASS" starttime="20230317 15:13:21.536" endtime="20230317 15:13:24.895"/>
</kw>
<kw name="Input text to Element" library="common">
<arg>${SEARCH_BAR_INPUT}</arg>
<arg>${product}</arg>
<kw name="Wait Until Element Is Visible" library="AppiumLibrary">
<arg>${element}</arg>
<doc>Waits until element specified with `locator` is visible.</doc>
<status status="PASS" starttime="20230317 15:13:24.958" endtime="20230317 15:13:25.016"/>
</kw>
<kw name="Input Text" library="AppiumLibrary">
<arg>${element}</arg>
<arg>${text}</arg>
<doc>Types the given `text` into text field identified by `locator`.</doc>
<msg timestamp="20230317 15:13:25.082" level="INFO">Typing text 'Samsung' into text field 'com.amazon.mShop.android.shopping:id/rs_search_src_text'</msg>
<status status="PASS" starttime="20230317 15:13:25.047" endtime="20230317 15:13:25.726"/>
</kw>
<status status="PASS" starttime="20230317 15:13:24.927" endtime="20230317 15:13:25.762"/>
</kw>
<kw name="Press Keycode" library="AppiumLibrary">
<arg>66</arg>
<doc>Sends a press of keycode to the device.</doc>
<status status="PASS" starttime="20230317 15:13:25.794" endtime="20230317 15:13:26.678"/>
</kw>
<kw name="Log" library="BuiltIn">
<arg>Tapnuto</arg>
<doc>Logs the given message with the given level.</doc>
<msg timestamp="20230317 15:13:26.744" level="INFO">Tapnuto</msg>
<status status="PASS" starttime="20230317 15:13:26.713" endtime="20230317 15:13:26.744"/>
</kw>
<status status="PASS" starttime="20230317 15:13:21.504" endtime="20230317 15:13:26.777"/>
</kw>
<status status="PASS" starttime="20230317 15:13:21.473" endtime="20230317 15:13:26.816"/>
</kw>
<kw name="Sleep" library="BuiltIn">
<arg>3</arg>
<doc>Pauses the test executed for the given time.</doc>
<msg timestamp="20230317 15:13:29.874" level="INFO">Slept 3 seconds</msg>
<status status="PASS" starttime="20230317 15:13:26.845" endtime="20230317 15:13:29.875"/>
</kw>
<kw name="Dashboard - Find My Product" library="dashboard">
<kw name="Find Product" library="search_bar">
<arg>${USER_WHICH_PRODUCT_WE_WANT}</arg>
<kw name="Click to Element" library="common">
<arg>${SEARCH_BAR_HINT_VIEW}</arg>
<doc>Support keyword. Keyword combine two basic keyword to one.</doc>
<kw name="Wait Until Element Is Visible" library="AppiumLibrary">
<arg>${element_andr}</arg>
<arg>${wait_time}</arg>
<doc>Waits until element specified with `locator` is visible.</doc>
<status status="PASS" starttime="20230317 15:13:30.003" endtime="20230317 15:13:31.417"/>
</kw>
<kw name="Click Element" library="AppiumLibrary">
<arg>${element_andr}</arg>
<doc>Click element identified by `locator`.</doc>
<msg timestamp="20230317 15:13:31.493" level="INFO">Clicking element 'com.amazon.mShop.android.shopping:id/chrome_search_hint_view'.</msg>
<status status="PASS" starttime="20230317 15:13:31.458" endtime="20230317 15:13:33.215"/>
</kw>
<status status="PASS" starttime="20230317 15:13:29.972" endtime="20230317 15:13:33.250"/>
</kw>
<kw name="Input text to Element" library="common">
<arg>${SEARCH_BAR_INPUT}</arg>
<arg>${product}</arg>
<kw name="Wait Until Element Is Visible" library="AppiumLibrary">
<arg>${element}</arg>
<doc>Waits until element specified with `locator` is visible.</doc>
<status status="PASS" starttime="20230317 15:13:33.315" endtime="20230317 15:13:33.370"/>
</kw>
<kw name="Input Text" library="AppiumLibrary">
<arg>${element}</arg>
<arg>${text}</arg>
<doc>Types the given `text` into text field identified by `locator`.</doc>
<msg timestamp="20230317 15:13:33.435" level="INFO">Typing text 'Samsung' into text field 'com.amazon.mShop.android.shopping:id/rs_search_src_text'</msg>
<status status="PASS" starttime="20230317 15:13:33.400" endtime="20230317 15:13:34.003"/>
</kw>
<status status="PASS" starttime="20230317 15:13:33.284" endtime="20230317 15:13:34.037"/>
</kw>
<kw name="Press Keycode" library="AppiumLibrary">
<arg>66</arg>
<doc>Sends a press of keycode to the device.</doc>
<status status="PASS" starttime="20230317 15:13:34.070" endtime="20230317 15:13:34.834"/>
</kw>
<kw name="Log" library="BuiltIn">
<arg>Tapnuto</arg>
<doc>Logs the given message with the given level.</doc>
<msg timestamp="20230317 15:13:34.902" level="INFO">Tapnuto</msg>
<status status="PASS" starttime="20230317 15:13:34.867" endtime="20230317 15:13:34.902"/>
</kw>
<status status="PASS" starttime="20230317 15:13:29.937" endtime="20230317 15:13:34.935"/>
</kw>
<status status="PASS" starttime="20230317 15:13:29.903" endtime="20230317 15:13:34.969"/>
</kw>
<kw name="Find Product in Search result" library="search_result">
<kw name="Sleep" library="BuiltIn">
<arg>5</arg>
<doc>Pauses the test executed for the given time.</doc>
<msg timestamp="20230317 15:13:40.070" level="INFO">Slept 5 seconds</msg>
<status status="PASS" starttime="20230317 15:13:35.039" endtime="20230317 15:13:40.070"/>
</kw>
<kw name="Swipe Down 50" library="common">
<kw name="Swipe By Percent" library="AppiumLibrary">
<arg>50</arg>
<arg>50</arg>
<arg>50</arg>
<arg>0</arg>
<doc>Swipe from one percent of the screen to another percent, for an optional duration.
Normal swipe fails to scale for different screen resolutions, this can be avoided using percent.</doc>
<status status="PASS" starttime="20230317 15:13:40.136" endtime="20230317 15:13:41.465"/>
</kw>
<status status="PASS" starttime="20230317 15:13:40.100" endtime="20230317 15:13:41.497"/>
</kw>
<kw name="Get Webelements" library="AppiumLibrary">
<var>@{elements}</var>
<arg>${id_elements}</arg>
<doc>Returns list of [http://selenium-python.readthedocs.io/api.html#module-selenium.webdriver.remote.webelement|WebElement] objects matching ``locator``.</doc>
<msg timestamp="20230317 15:13:41.706" level="INFO">@{elements} = [ &lt;appium.webdriver.webelement.WebElement (session="7a77c553-095e-431d-b59b-cd0eb0fecefe", element="00000000-0000-03eb-0000-129e0000019b")&gt; | &lt;appium.webdriver.webelement.WebElement (session="7a77c553...</msg>
<status status="PASS" starttime="20230317 15:13:41.531" endtime="20230317 15:13:41.706"/>
</kw>
<for flavor="IN">
<var>${i}</var>
<value>@{elements}</value>
<iter>
<var name="${i}">&lt;appium.webdriver.webelement.WebElement (session="7a77c553-095e-431d-b59b-cd0eb0fecefe", element="00000000-0000-03eb-0000-129e0000019b")&gt;</var>
<kw name="Get Element Attribute" library="AppiumLibrary">
<var>${element_atr}</var>
<arg>${i}</arg>
<arg>contentDescription</arg>
<doc>Get element attribute using given attribute: name, value,...</doc>
<msg timestamp="20230317 15:13:42.078" level="INFO">Element '&lt;appium.webdriver.webelement.WebElement (session="7a77c553-095e-431d-b59b-cd0eb0fecefe", element="00000000-0000-03eb-0000-129e0000019b")&gt;' attribute 'contentDescription' value 'None' </msg>
<msg timestamp="20230317 15:13:42.079" level="INFO">${element_atr} = None</msg>
<status status="PASS" starttime="20230317 15:13:41.804" endtime="20230317 15:13:42.079"/>
</kw>
<kw name="Set Variable If" library="BuiltIn">
<var>${element_atr}</var>
<arg>"""${element_atr}""" == """None"""</arg>
<arg>${EMPTY}</arg>
<arg>${element_atr}</arg>
<doc>Sets variable based on the given condition.</doc>
<msg timestamp="20230317 15:13:42.139" level="INFO">${element_atr} = </msg>
<status status="PASS" starttime="20230317 15:13:42.111" endtime="20230317 15:13:42.139"/>
</kw>
<kw name="Set Variable If" library="BuiltIn">
<var>${element_atr}</var>
<arg>"""${element_atr}""" == """NoneType"""</arg>
<arg>${EMPTY}</arg>
<arg>${element_atr}</arg>
<doc>Sets variable based on the given condition.</doc>
<msg timestamp="20230317 15:13:42.211" level="INFO">${element_atr} = </msg>
<status status="PASS" starttime="20230317 15:13:42.173" endtime="20230317 15:13:42.211"/>
</kw>
<if>
<branch type="IF" condition="&quot;&quot;&quot;${element_atr}&quot;&quot;&quot; != &quot;&quot;&quot;&quot;&quot;&quot;">
<kw name="Run Keyword And Return Status" library="BuiltIn">
<var>${element_is_ok}</var>
<arg>Element Text Must Contain</arg>
<arg>${element_atr}</arg>
<arg>${content_which_must_have}</arg>
<doc>Runs the given keyword with given arguments and returns the status as a Boolean value.</doc>
<status status="NOT RUN" starttime="20230317 15:13:42.269" endtime="20230317 15:13:42.297"/>
</kw>
<if>
<branch type="IF" condition="${element_is_ok} == ${TRUE}">
<kw name="Click to Element" library="common">
<arg>${i}</arg>
<doc>Support keyword. Keyword combine two basic keyword to one.</doc>
<status status="NOT RUN" starttime="20230317 15:13:42.355" endtime="20230317 15:13:42.385"/>
</kw>
<status status="NOT RUN" starttime="20230317 15:13:42.326" endtime="20230317 15:13:42.416"/>
</branch>
<status status="NOT RUN" starttime="20230317 15:13:42.326" endtime="20230317 15:13:42.444"/>
</if>
<kw name="Exit For Loop If" library="BuiltIn">
<arg>${element_is_ok} == ${TRUE}</arg>
<doc>Stops executing the enclosing FOR loop if the ``condition`` is true.</doc>
<status status="NOT RUN" starttime="20230317 15:13:42.444" endtime="20230317 15:13:42.473"/>
</kw>
<status status="NOT RUN" starttime="20230317 15:13:42.240" endtime="20230317 15:13:42.502"/>
</branch>
<status status="PASS" starttime="20230317 15:13:42.240" endtime="20230317 15:13:42.530"/>
</if>
<status status="PASS" starttime="20230317 15:13:41.774" endtime="20230317 15:13:42.530"/>
</iter>
<iter>
<var name="${i}">&lt;appium.webdriver.webelement.WebElement (session="7a77c553-095e-431d-b59b-cd0eb0fecefe", element="00000000-0000-03eb-0000-130a0000019b")&gt;</var>
<kw name="Get Element Attribute" library="AppiumLibrary">
<var>${element_atr}</var>
<arg>${i}</arg>
<arg>contentDescription</arg>
<doc>Get element attribute using given attribute: name, value,...</doc>
<msg timestamp="20230317 15:13:42.645" level="INFO">Element '&lt;appium.webdriver.webelement.WebElement (session="7a77c553-095e-431d-b59b-cd0eb0fecefe", element="00000000-0000-03eb-0000-130a0000019b")&gt;' attribute 'contentDescription' value 'None' </msg>
<msg timestamp="20230317 15:13:42.646" level="INFO">${element_atr} = None</msg>
<status status="PASS" starttime="20230317 15:13:42.602" endtime="20230317 15:13:42.646"/>
</kw>
<kw name="Set Variable If" library="BuiltIn">
<var>${element_atr}</var>
<arg>"""${element_atr}""" == """None"""</arg>
<arg>${EMPTY}</arg>
<arg>${element_atr}</arg>
<doc>Sets variable based on the given condition.</doc>
<msg timestamp="20230317 15:13:42.707" level="INFO">${element_atr} = </msg>
<status status="PASS" starttime="20230317 15:13:42.676" endtime="20230317 15:13:42.707"/>
</kw>
<kw name="Set Variable If" library="BuiltIn">
<var>${element_atr}</var>
<arg>"""${element_atr}""" == """NoneType"""</arg>
<arg>${EMPTY}</arg>
<arg>${element_atr}</arg>
<doc>Sets variable based on the given condition.</doc>
<msg timestamp="20230317 15:13:42.773" level="INFO">${element_atr} = </msg>
<status status="PASS" starttime="20230317 15:13:42.740" endtime="20230317 15:13:42.773"/>
</kw>
<if>
<branch type="IF" condition="&quot;&quot;&quot;${element_atr}&quot;&quot;&quot; != &quot;&quot;&quot;&quot;&quot;&quot;">
<kw name="Run Keyword And Return Status" library="BuiltIn">
<var>${element_is_ok}</var>
<arg>Element Text Must Contain</arg>
<arg>${element_atr}</arg>
<arg>${content_which_must_have}</arg>
<doc>Runs the given keyword with given arguments and returns the status as a Boolean value.</doc>
<status status="NOT RUN" starttime="20230317 15:13:42.842" endtime="20230317 15:13:42.873"/>
</kw>
<if>
<branch type="IF" condition="${element_is_ok} == ${TRUE}">
<kw name="Click to Element" library="common">
<arg>${i}</arg>
<doc>Support keyword. Keyword combine two basic keyword to one.</doc>
<status status="NOT RUN" starttime="20230317 15:13:42.931" endtime="20230317 15:13:42.960"/>
</kw>
<status status="NOT RUN" starttime="20230317 15:13:42.902" endtime="20230317 15:13:42.992"/>
</branch>
<status status="NOT RUN" starttime="20230317 15:13:42.902" endtime="20230317 15:13:43.024"/>
</if>
<kw name="Exit For Loop If" library="BuiltIn">
<arg>${element_is_ok} == ${TRUE}</arg>
<doc>Stops executing the enclosing FOR loop if the ``condition`` is true.</doc>
<status status="NOT RUN" starttime="20230317 15:13:43.024" endtime="20230317 15:13:43.053"/>
</kw>
<status status="NOT RUN" starttime="20230317 15:13:42.812" endtime="20230317 15:13:43.085"/>
</branch>
<status status="PASS" starttime="20230317 15:13:42.811" endtime="20230317 15:13:43.120"/>
</if>
<status status="PASS" starttime="20230317 15:13:42.572" endtime="20230317 15:13:43.120"/>
</iter>
<iter>
<var name="${i}">&lt;appium.webdriver.webelement.WebElement (session="7a77c553-095e-431d-b59b-cd0eb0fecefe", element="00000000-0000-03eb-0000-13090000019b")&gt;</var>
<kw name="Get Element Attribute" library="AppiumLibrary">
<var>${element_atr}</var>
<arg>${i}</arg>
<arg>contentDescription</arg>
<doc>Get element attribute using given attribute: name, value,...</doc>
<msg timestamp="20230317 15:13:43.553" level="INFO">Element '&lt;appium.webdriver.webelement.WebElement (session="7a77c553-095e-431d-b59b-cd0eb0fecefe", element="00000000-0000-03eb-0000-13090000019b")&gt;' attribute 'contentDescription' value 'None' </msg>
<msg timestamp="20230317 15:13:43.554" level="INFO">${element_atr} = None</msg>
<status status="PASS" starttime="20230317 15:13:43.186" endtime="20230317 15:13:43.554"/>
</kw>
<kw name="Set Variable If" library="BuiltIn">
<var>${element_atr}</var>
<arg>"""${element_atr}""" == """None"""</arg>
<arg>${EMPTY}</arg>
<arg>${element_atr}</arg>
<doc>Sets variable based on the given condition.</doc>
<msg timestamp="20230317 15:13:43.621" level="INFO">${element_atr} = </msg>
<status status="PASS" starttime="20230317 15:13:43.588" endtime="20230317 15:13:43.621"/>
</kw>
<kw name="Set Variable If" library="BuiltIn">
<var>${element_atr}</var>
<arg>"""${element_atr}""" == """NoneType"""</arg>
<arg>${EMPTY}</arg>
<arg>${element_atr}</arg>
<doc>Sets variable based on the given condition.</doc>
<msg timestamp="20230317 15:13:43.680" level="INFO">${element_atr} = </msg>
<status status="PASS" starttime="20230317 15:13:43.650" endtime="20230317 15:13:43.680"/>
</kw>
<if>
<branch type="IF" condition="&quot;&quot;&quot;${element_atr}&quot;&quot;&quot; != &quot;&quot;&quot;&quot;&quot;&quot;">
<kw name="Run Keyword And Return Status" library="BuiltIn">
<var>${element_is_ok}</var>
<arg>Element Text Must Contain</arg>
<arg>${element_atr}</arg>
<arg>${content_which_must_have}</arg>
<doc>Runs the given keyword with given arguments and returns the status as a Boolean value.</doc>
<status status="NOT RUN" starttime="20230317 15:13:43.744" endtime="20230317 15:13:43.774"/>
</kw>
<if>
<branch type="IF" condition="${element_is_ok} == ${TRUE}">
<kw name="Click to Element" library="common">
<arg>${i}</arg>
<doc>Support keyword. Keyword combine two basic keyword to one.</doc>
<status status="NOT RUN" starttime="20230317 15:13:43.834" endtime="20230317 15:13:43.863"/>
</kw>
<status status="NOT RUN" starttime="20230317 15:13:43.804" endtime="20230317 15:13:43.894"/>
</branch>
<status status="NOT RUN" starttime="20230317 15:13:43.804" endtime="20230317 15:13:43.929"/>
</if>
<kw name="Exit For Loop If" library="BuiltIn">
<arg>${element_is_ok} == ${TRUE}</arg>
<doc>Stops executing the enclosing FOR loop if the ``condition`` is true.</doc>
<status status="NOT RUN" starttime="20230317 15:13:43.929" endtime="20230317 15:13:43.961"/>
</kw>
<status status="NOT RUN" starttime="20230317 15:13:43.710" endtime="20230317 15:13:43.992"/>
</branch>
<status status="PASS" starttime="20230317 15:13:43.710" endtime="20230317 15:13:44.022"/>
</if>
<status status="PASS" starttime="20230317 15:13:43.152" endtime="20230317 15:13:44.022"/>
</iter>
<iter>
<var name="${i}">&lt;appium.webdriver.webelement.WebElement (session="7a77c553-095e-431d-b59b-cd0eb0fecefe", element="00000000-0000-03eb-0000-13050000019b")&gt;</var>
<kw name="Get Element Attribute" library="AppiumLibrary">
<var>${element_atr}</var>
<arg>${i}</arg>
<arg>contentDescription</arg>
<doc>Get element attribute using given attribute: name, value,...</doc>
<msg timestamp="20230317 15:13:44.132" level="INFO">Element '&lt;appium.webdriver.webelement.WebElement (session="7a77c553-095e-431d-b59b-cd0eb0fecefe", element="00000000-0000-03eb-0000-13050000019b")&gt;' attribute 'contentDescription' value 'None' </msg>
<msg timestamp="20230317 15:13:44.132" level="INFO">${element_atr} = None</msg>
<status status="PASS" starttime="20230317 15:13:44.086" endtime="20230317 15:13:44.132"/>
</kw>
<kw name="Set Variable If" library="BuiltIn">
<var>${element_atr}</var>
<arg>"""${element_atr}""" == """None"""</arg>
<arg>${EMPTY}</arg>
<arg>${element_atr}</arg>
<doc>Sets variable based on the given condition.</doc>
<msg timestamp="20230317 15:13:44.194" level="INFO">${element_atr} = </msg>
<status status="PASS" starttime="20230317 15:13:44.165" endtime="20230317 15:13:44.194"/>
</kw>
<kw name="Set Variable If" library="BuiltIn">
<var>${element_atr}</var>
<arg>"""${element_atr}""" == """NoneType"""</arg>
<arg>${EMPTY}</arg>
<arg>${element_atr}</arg>
<doc>Sets variable based on the given condition.</doc>
<msg timestamp="20230317 15:13:44.257" level="INFO">${element_atr} = </msg>
<status status="PASS" starttime="20230317 15:13:44.227" endtime="20230317 15:13:44.257"/>
</kw>
<if>
<branch type="IF" condition="&quot;&quot;&quot;${element_atr}&quot;&quot;&quot; != &quot;&quot;&quot;&quot;&quot;&quot;">
<kw name="Run Keyword And Return Status" library="BuiltIn">
<var>${element_is_ok}</var>
<arg>Element Text Must Contain</arg>
<arg>${element_atr}</arg>
<arg>${content_which_must_have}</arg>
<doc>Runs the given keyword with given arguments and returns the status as a Boolean value.</doc>
<status status="NOT RUN" starttime="20230317 15:13:44.318" endtime="20230317 15:13:44.347"/>
</kw>
<if>
<branch type="IF" condition="${element_is_ok} == ${TRUE}">
<kw name="Click to Element" library="common">
<arg>${i}</arg>
<doc>Support keyword. Keyword combine two basic keyword to one.</doc>
<status status="NOT RUN" starttime="20230317 15:13:44.412" endtime="20230317 15:13:44.443"/>
</kw>
<status status="NOT RUN" starttime="20230317 15:13:44.382" endtime="20230317 15:13:44.471"/>
</branch>
<status status="NOT RUN" starttime="20230317 15:13:44.382" endtime="20230317 15:13:44.506"/>
</if>
<kw name="Exit For Loop If" library="BuiltIn">
<arg>${element_is_ok} == ${TRUE}</arg>
<doc>Stops executing the enclosing FOR loop if the ``condition`` is true.</doc>
<status status="NOT RUN" starttime="20230317 15:13:44.506" endtime="20230317 15:13:44.536"/>
</kw>
<status status="NOT RUN" starttime="20230317 15:13:44.286" endtime="20230317 15:13:44.565"/>
</branch>
<status status="PASS" starttime="20230317 15:13:44.286" endtime="20230317 15:13:44.597"/>
</if>
<status status="PASS" starttime="20230317 15:13:44.051" endtime="20230317 15:13:44.597"/>
</iter>
<iter>
<var name="${i}">&lt;appium.webdriver.webelement.WebElement (session="7a77c553-095e-431d-b59b-cd0eb0fecefe", element="00000000-0000-03eb-0000-13060000019b")&gt;</var>
<kw name="Get Element Attribute" library="AppiumLibrary">
<var>${element_atr}</var>
<arg>${i}</arg>
<arg>contentDescription</arg>
<doc>Get element attribute using given attribute: name, value,...</doc>
<msg timestamp="20230317 15:13:44.707" level="INFO">Element '&lt;appium.webdriver.webelement.WebElement (session="7a77c553-095e-431d-b59b-cd0eb0fecefe", element="00000000-0000-03eb-0000-13060000019b")&gt;' attribute 'contentDescription' value 'None' </msg>
<msg timestamp="20230317 15:13:44.708" level="INFO">${element_atr} = None</msg>
<status status="PASS" starttime="20230317 15:13:44.656" endtime="20230317 15:13:44.708"/>
</kw>
<kw name="Set Variable If" library="BuiltIn">
<var>${element_atr}</var>
<arg>"""${element_atr}""" == """None"""</arg>
<arg>${EMPTY}</arg>
<arg>${element_atr}</arg>
<doc>Sets variable based on the given condition.</doc>
<msg timestamp="20230317 15:13:44.769" level="INFO">${element_atr} = </msg>
<status status="PASS" starttime="20230317 15:13:44.739" endtime="20230317 15:13:44.769"/>
</kw>
<kw name="Set Variable If" library="BuiltIn">
<var>${element_atr}</var>
<arg>"""${element_atr}""" == """NoneType"""</arg>
<arg>${EMPTY}</arg>
<arg>${element_atr}</arg>
<doc>Sets variable based on the given condition.</doc>
<msg timestamp="20230317 15:13:44.830" level="INFO">${element_atr} = </msg>
<status status="PASS" starttime="20230317 15:13:44.801" endtime="20230317 15:13:44.830"/>
</kw>
<if>
<branch type="IF" condition="&quot;&quot;&quot;${element_atr}&quot;&quot;&quot; != &quot;&quot;&quot;&quot;&quot;&quot;">
<kw name="Run Keyword And Return Status" library="BuiltIn">
<var>${element_is_ok}</var>
<arg>Element Text Must Contain</arg>
<arg>${element_atr}</arg>
<arg>${content_which_must_have}</arg>
<doc>Runs the given keyword with given arguments and returns the status as a Boolean value.</doc>
<status status="NOT RUN" starttime="20230317 15:13:44.897" endtime="20230317 15:13:44.934"/>
</kw>
<if>
<branch type="IF" condition="${element_is_ok} == ${TRUE}">
<kw name="Click to Element" library="common">
<arg>${i}</arg>
<doc>Support keyword. Keyword combine two basic keyword to one.</doc>
<status status="NOT RUN" starttime="20230317 15:13:45.004" endtime="20230317 15:13:45.038"/>
</kw>
<status status="NOT RUN" starttime="20230317 15:13:44.966" endtime="20230317 15:13:45.073"/>
</branch>
<status status="NOT RUN" starttime="20230317 15:13:44.966" endtime="20230317 15:13:45.110"/>
</if>
<kw name="Exit For Loop If" library="BuiltIn">
<arg>${element_is_ok} == ${TRUE}</arg>
<doc>Stops executing the enclosing FOR loop if the ``condition`` is true.</doc>
<status status="NOT RUN" starttime="20230317 15:13:45.110" endtime="20230317 15:13:45.145"/>
</kw>
<status status="NOT RUN" starttime="20230317 15:13:44.865" endtime="20230317 15:13:45.182"/>
</branch>
<status status="PASS" starttime="20230317 15:13:44.865" endtime="20230317 15:13:45.217"/>
</if>
<status status="PASS" starttime="20230317 15:13:44.627" endtime="20230317 15:13:45.217"/>
</iter>
<iter>
<var name="${i}">&lt;appium.webdriver.webelement.WebElement (session="7a77c553-095e-431d-b59b-cd0eb0fecefe", element="00000000-0000-03eb-0000-13010000019b")&gt;</var>
<kw name="Get Element Attribute" library="AppiumLibrary">
<var>${element_atr}</var>
<arg>${i}</arg>
<arg>contentDescription</arg>
<doc>Get element attribute using given attribute: name, value,...</doc>
<msg timestamp="20230317 15:13:45.343" level="INFO">Element '&lt;appium.webdriver.webelement.WebElement (session="7a77c553-095e-431d-b59b-cd0eb0fecefe", element="00000000-0000-03eb-0000-13010000019b")&gt;' attribute 'contentDescription' value 'Sponsored Ad - SAMSUNG Galaxy S23 Cell Phone, Factory Unlocked Android Smartphone, 256GB Storage, 50MP Camera, Night Mode,...' </msg>
<msg timestamp="20230317 15:13:45.343" level="INFO">${element_atr} = Sponsored Ad - SAMSUNG Galaxy S23 Cell Phone, Factory Unlocked Android Smartphone, 256GB Storage, 50MP Camera, Night Mode,...</msg>
<status status="PASS" starttime="20230317 15:13:45.293" endtime="20230317 15:13:45.343"/>
</kw>
<kw name="Set Variable If" library="BuiltIn">
<var>${element_atr}</var>
<arg>"""${element_atr}""" == """None"""</arg>
<arg>${EMPTY}</arg>
<arg>${element_atr}</arg>
<doc>Sets variable based on the given condition.</doc>
<msg timestamp="20230317 15:13:45.416" level="INFO">${element_atr} = Sponsored Ad - SAMSUNG Galaxy S23 Cell Phone, Factory Unlocked Android Smartphone, 256GB Storage, 50MP Camera, Night Mode,...</msg>
<status status="PASS" starttime="20230317 15:13:45.379" endtime="20230317 15:13:45.416"/>
</kw>
<kw name="Set Variable If" library="BuiltIn">
<var>${element_atr}</var>
<arg>"""${element_atr}""" == """NoneType"""</arg>
<arg>${EMPTY}</arg>
<arg>${element_atr}</arg>
<doc>Sets variable based on the given condition.</doc>
<msg timestamp="20230317 15:13:45.485" level="INFO">${element_atr} = Sponsored Ad - SAMSUNG Galaxy S23 Cell Phone, Factory Unlocked Android Smartphone, 256GB Storage, 50MP Camera, Night Mode,...</msg>
<status status="PASS" starttime="20230317 15:13:45.450" endtime="20230317 15:13:45.485"/>
</kw>
<if>
<branch type="IF" condition="&quot;&quot;&quot;${element_atr}&quot;&quot;&quot; != &quot;&quot;&quot;&quot;&quot;&quot;">
<kw name="Run Keyword And Return Status" library="BuiltIn">
<var>${element_is_ok}</var>
<arg>Element Text Must Contain</arg>
<arg>${element_atr}</arg>
<arg>${content_which_must_have}</arg>
<doc>Runs the given keyword with given arguments and returns the status as a Boolean value.</doc>
<kw name="Element Text Must Contain" library="common">
<arg>${element_atr}</arg>
<arg>${content_which_must_have}</arg>
<doc>Check that element text is contain valid text
For right works u need specific element ID</doc>
<kw name="Convert To Lower Case" library="String">
<var>${element_text_lower_case}</var>
<arg>${element_text}</arg>
<doc>Converts string to lower case.</doc>
<msg timestamp="20230317 15:13:45.668" level="INFO">${element_text_lower_case} = sponsored ad - samsung galaxy s23 cell phone, factory unlocked android smartphone, 256gb storage, 50mp camera, night mode,...</msg>
<status status="PASS" starttime="20230317 15:13:45.633" endtime="20230317 15:13:45.668"/>
</kw>
<kw name="Convert To Lower Case" library="String">
<var>${text_lower_case}</var>
<arg>${text}</arg>
<doc>Converts string to lower case.</doc>
<msg timestamp="20230317 15:13:45.741" level="INFO">${text_lower_case} = samsung</msg>
<status status="PASS" starttime="20230317 15:13:45.705" endtime="20230317 15:13:45.741"/>
</kw>
<kw name="Set Test Variable" library="BuiltIn">
<arg>${clear_element_text}</arg>
<arg>${element_text_lower_case.replace("\n", " ").replace(" ", "")}</arg>
<doc>Makes a variable available everywhere within the scope of the current test.</doc>
<msg timestamp="20230317 15:13:45.814" level="INFO">${clear_element_text} = sponsoredad-samsunggalaxys23cellphone,factoryunlockedandroidsmartphone,256gbstorage,50mpcamera,nightmode,...</msg>
<status status="PASS" starttime="20230317 15:13:45.776" endtime="20230317 15:13:45.815"/>
</kw>
<kw name="Set Test Variable" library="BuiltIn">
<arg>${clear_your_text}</arg>
<arg>${text_lower_case.replace("\\n", " ").replace("\n", " ").replace(" ", "")}</arg>
<doc>Makes a variable available everywhere within the scope of the current test.</doc>
<msg timestamp="20230317 15:13:45.884" level="INFO">${clear_your_text} = samsung</msg>
<status status="PASS" starttime="20230317 15:13:45.848" endtime="20230317 15:13:45.884"/>
</kw>
<kw name="Should Contain" library="BuiltIn">
<arg>${clear_element_text}</arg>
<arg>${clear_your_text}</arg>
<doc>Fails if ``container`` does not contain ``item`` one or more times.</doc>
<status status="PASS" starttime="20230317 15:13:45.924" endtime="20230317 15:13:45.960"/>
</kw>
<status status="PASS" starttime="20230317 15:13:45.595" endtime="20230317 15:13:45.994"/>
</kw>
<msg timestamp="20230317 15:13:46.027" level="INFO">${element_is_ok} = True</msg>
<status status="PASS" starttime="20230317 15:13:45.557" endtime="20230317 15:13:46.027"/>
</kw>
<if>
<branch type="IF" condition="${element_is_ok} == ${TRUE}">
<kw name="Click to Element" library="common">
<arg>${i}</arg>
<doc>Support keyword. Keyword combine two basic keyword to one.</doc>
<kw name="Wait Until Element Is Visible" library="AppiumLibrary">
<arg>${element_andr}</arg>
<arg>${wait_time}</arg>
<doc>Waits until element specified with `locator` is visible.</doc>
<status status="PASS" starttime="20230317 15:13:46.129" endtime="20230317 15:13:46.177"/>
</kw>
<kw name="Click Element" library="AppiumLibrary">
<arg>${element_andr}</arg>
<doc>Click element identified by `locator`.</doc>
<msg timestamp="20230317 15:13:46.251" level="INFO">Clicking element '&lt;appium.webdriver.webelement.WebElement (session="7a77c553-095e-431d-b59b-cd0eb0fecefe", element="00000000-0000-03eb-0000-13010000019b")&gt;'.</msg>
<status status="PASS" starttime="20230317 15:13:46.212" endtime="20230317 15:13:46.295"/>
</kw>
<status status="PASS" starttime="20230317 15:13:46.095" endtime="20230317 15:13:46.332"/>
</kw>
<status status="PASS" starttime="20230317 15:13:46.061" endtime="20230317 15:13:46.370"/>
</branch>
<status status="PASS" starttime="20230317 15:13:46.061" endtime="20230317 15:13:46.405"/>
</if>
<kw name="Exit For Loop If" library="BuiltIn">
<arg>${element_is_ok} == ${TRUE}</arg>
<doc>Stops executing the enclosing FOR loop if the ``condition`` is true.</doc>
<msg timestamp="20230317 15:13:46.444" level="INFO">Exiting for loop altogether.</msg>
<status status="PASS" starttime="20230317 15:13:46.405" endtime="20230317 15:13:46.446"/>
</kw>
<status status="PASS" starttime="20230317 15:13:45.520" endtime="20230317 15:13:46.481"/>
</branch>
<status status="PASS" starttime="20230317 15:13:45.520" endtime="20230317 15:13:46.516"/>
</if>
<status status="PASS" starttime="20230317 15:13:45.255" endtime="20230317 15:13:46.516"/>
</iter>
<status status="PASS" starttime="20230317 15:13:41.736" endtime="20230317 15:13:46.554"/>
</for>
<if>
<branch type="IF" condition="${element_is_ok} == ${FALSE}">
<kw name="Fail" library="BuiltIn">
<doc>Fails the test with the given message and optionally alters its tags.</doc>
<status status="NOT RUN" starttime="20230317 15:13:46.627" endtime="20230317 15:13:46.663"/>
</kw>
<status status="NOT RUN" starttime="20230317 15:13:46.589" endtime="20230317 15:13:46.699"/>
</branch>
<status status="PASS" starttime="20230317 15:13:46.588" endtime="20230317 15:13:46.737"/>
</if>
<status status="PASS" starttime="20230317 15:13:35.004" endtime="20230317 15:13:46.737"/>
</kw>
<kw name="Add to Cart" library="cart">
<kw name="Sleep" library="BuiltIn">
<arg>2</arg>
<doc>Pauses the test executed for the given time.</doc>
<msg timestamp="20230317 15:13:48.850" level="INFO">Slept 2 seconds</msg>
<status status="PASS" starttime="20230317 15:13:46.813" endtime="20230317 15:13:48.850"/>
</kw>
<kw name="Swipe down Find Element" library="common">
<arg>${CART_BUTTON_ADD_TO_CART}</arg>
<arg>${CART_TEXT}</arg>
<kw name="Set Variable" library="BuiltIn">
<var>${m_counter}</var>
<arg>0</arg>
<doc>Returns the given values which can then be assigned to a variables.</doc>
<msg timestamp="20230317 15:13:48.952" level="INFO">${m_counter} = 0</msg>
<status status="PASS" starttime="20230317 15:13:48.918" endtime="20230317 15:13:48.952"/>
</kw>
<while condition="${m_counter}&lt;${how_wanna_scroll_down}">
<iter>
<kw name="Sleep" library="BuiltIn">
<arg>5</arg>
<doc>Pauses the test executed for the given time.</doc>
<msg timestamp="20230317 15:13:54.097" level="INFO">Slept 5 seconds</msg>
<status status="PASS" starttime="20230317 15:13:49.061" endtime="20230317 15:13:54.097"/>
</kw>
<kw name="Run Keyword And Return Status" library="BuiltIn">
<var>${element_find}</var>
<arg>Get Webelements</arg>
<arg>${id_elements}</arg>
<doc>Runs the given keyword with given arguments and returns the status as a Boolean value.</doc>
<kw name="Get Webelements" library="AppiumLibrary">
<arg>${id_elements}</arg>
<doc>Returns list of [http://selenium-python.readthedocs.io/api.html#module-selenium.webdriver.remote.webelement|WebElement] objects matching ``locator``.</doc>
<kw name="Capture Page Screenshot" library="AppiumLibrary">
<doc>Takes a screenshot of the current page and embeds it into the log.</doc>
<msg timestamp="20230317 15:13:54.855" level="INFO" html="true">&lt;/td&gt;&lt;/tr&gt;&lt;tr&gt;&lt;td colspan="3"&gt;&lt;a href="appium-screenshot-1.png"&gt;&lt;img src="appium-screenshot-1.png" width="800px"&gt;&lt;/a&gt;</msg>
<status status="PASS" starttime="20230317 15:13:54.266" endtime="20230317 15:13:54.855"/>
</kw>
<msg timestamp="20230317 15:13:54.892" level="FAIL">ValueError: Element locator 'class=android.widget.Button' did not match any elements.</msg>
<status status="FAIL" starttime="20230317 15:13:54.166" endtime="20230317 15:13:54.893"/>
</kw>
<msg timestamp="20230317 15:13:54.929" level="INFO">${element_find} = False</msg>
<status status="PASS" starttime="20230317 15:13:54.134" endtime="20230317 15:13:54.929"/>
</kw>
<if>
<branch type="IF" condition="${element_find}==${TRUE}">
<kw name="Get Webelements" library="AppiumLibrary">
<var>@{elements}</var>
<arg>${id_elements}</arg>
<doc>Returns list of [http://selenium-python.readthedocs.io/api.html#module-selenium.webdriver.remote.webelement|WebElement] objects matching ``locator``.</doc>
<status status="NOT RUN" starttime="20230317 15:13:54.998" endtime="20230317 15:13:55.030"/>
</kw>
<for flavor="IN">
<var>${i}</var>
<value>@{elements}</value>
<iter>
<var name="${i}"/>
<kw name="Get Text" library="AppiumLibrary">
<var>${element_text}</var>
<arg>${i}</arg>
<doc>Get element text (for hybrid and mobile browser use `xpath` locator, others might cause problem)</doc>
<status status="NOT RUN" starttime="20230317 15:13:55.135" endtime="20230317 15:13:55.168"/>
</kw>
<kw name="Run Keyword And Return Status" library="BuiltIn">
<var>${element_is_ok}</var>
<arg>Should Be Equal As Strings</arg>
<arg>${element_text}</arg>
<arg>${text_should_contain}</arg>
<doc>Runs the given keyword with given arguments and returns the status as a Boolean value.</doc>
<status status="NOT RUN" starttime="20230317 15:13:55.202" endtime="20230317 15:13:55.236"/>
</kw>
<if>
<branch type="IF" condition="${element_is_ok}==${TRUE}">
<kw name="Click to Element" library="common">
<arg>${i}</arg>
<doc>Support keyword. Keyword combine two basic keyword to one.</doc>
<status status="NOT RUN" starttime="20230317 15:13:55.301" endtime="20230317 15:13:55.336"/>
</kw>
<break>
<status status="NOT RUN" starttime="20230317 15:13:55.368" endtime="20230317 15:13:55.400"/>
</break>
<status status="NOT RUN" starttime="20230317 15:13:55.268" endtime="20230317 15:13:55.436"/>
</branch>
<status status="NOT RUN" starttime="20230317 15:13:55.268" endtime="20230317 15:13:55.472"/>
</if>
<status status="NOT RUN" starttime="20230317 15:13:55.101" endtime="20230317 15:13:55.472"/>
</iter>
<status status="NOT RUN" starttime="20230317 15:13:55.064" endtime="20230317 15:13:55.506"/>
</for>
<status status="NOT RUN" starttime="20230317 15:13:54.963" endtime="20230317 15:13:55.540"/>
</branch>
<branch type="ELSE">
<kw name="Set Test Variable" library="BuiltIn">
<arg>${element_is_ok}</arg>
<arg>${FALSE}</arg>
<doc>Makes a variable available everywhere within the scope of the current test.</doc>
<msg timestamp="20230317 15:13:55.650" level="INFO">${element_is_ok} = False</msg>
<status status="PASS" starttime="20230317 15:13:55.611" endtime="20230317 15:13:55.650"/>
</kw>
<status status="PASS" starttime="20230317 15:13:55.574" endtime="20230317 15:13:55.685"/>
</branch>
<status status="PASS" starttime="20230317 15:13:54.963" endtime="20230317 15:13:55.719"/>
</if>
<if>
<branch type="IF" condition="${element_is_ok}==${TRUE}">
<break>
<status status="NOT RUN" starttime="20230317 15:13:55.752" endtime="20230317 15:13:55.784"/>
</break>
<status status="NOT RUN" starttime="20230317 15:13:55.719" endtime="20230317 15:13:55.819"/>
</branch>
<status status="PASS" starttime="20230317 15:13:55.719" endtime="20230317 15:13:55.856"/>
</if>
<kw name="Swipe Down 50" library="common">
<kw name="Swipe By Percent" library="AppiumLibrary">
<arg>50</arg>
<arg>50</arg>
<arg>50</arg>
<arg>0</arg>
<doc>Swipe from one percent of the screen to another percent, for an optional duration.
Normal swipe fails to scale for different screen resolutions, this can be avoided using percent.</doc>
<status status="PASS" starttime="20230317 15:13:55.891" endtime="20230317 15:13:57.437"/>
</kw>
<status status="PASS" starttime="20230317 15:13:55.857" endtime="20230317 15:13:57.472"/>
</kw>
<kw name="Evaluate" library="BuiltIn">
<var>${m_counter}</var>
<arg>${m_counter}+1</arg>
<doc>Evaluates the given expression in Python and returns the result.</doc>
<msg timestamp="20230317 15:13:57.537" level="INFO">${m_counter} = 1</msg>
<status status="PASS" starttime="20230317 15:13:57.504" endtime="20230317 15:13:57.537"/>
</kw>
<if>
<branch type="IF" condition="${m_counter}&lt;${how_wanna_scroll_down}">
<kw name="Log" library="BuiltIn">
<arg>End Loop</arg>
<doc>Logs the given message with the given level.</doc>
<msg timestamp="20230317 15:13:57.640" level="INFO">End Loop</msg>
<status status="PASS" starttime="20230317 15:13:57.606" endtime="20230317 15:13:57.640"/>
</kw>
<status status="PASS" starttime="20230317 15:13:57.573" endtime="20230317 15:13:57.675"/>
</branch>
<branch type="ELSE">
<kw name="Fail" library="BuiltIn">
<arg>Element Wasn Found</arg>
<doc>Fails the test with the given message and optionally alters its tags.</doc>
<status status="NOT RUN" starttime="20230317 15:13:57.735" endtime="20230317 15:13:57.765"/>
</kw>
<status status="NOT RUN" starttime="20230317 15:13:57.704" endtime="20230317 15:13:57.798"/>
</branch>
<status status="PASS" starttime="20230317 15:13:57.573" endtime="20230317 15:13:57.825"/>
</if>
<status status="PASS" starttime="20230317 15:13:49.028" endtime="20230317 15:13:57.825"/>
</iter>
<iter>
<kw name="Sleep" library="BuiltIn">
<arg>5</arg>
<doc>Pauses the test executed for the given time.</doc>
<msg timestamp="20230317 15:14:02.918" level="INFO">Slept 5 seconds</msg>
<status status="PASS" starttime="20230317 15:13:57.886" endtime="20230317 15:14:02.918"/>
</kw>
<kw name="Run Keyword And Return Status" library="BuiltIn">
<var>${element_find}</var>
<arg>Get Webelements</arg>
<arg>${id_elements}</arg>
<doc>Runs the given keyword with given arguments and returns the status as a Boolean value.</doc>
<kw name="Get Webelements" library="AppiumLibrary">
<arg>${id_elements}</arg>
<doc>Returns list of [http://selenium-python.readthedocs.io/api.html#module-selenium.webdriver.remote.webelement|WebElement] objects matching ``locator``.</doc>
<kw name="Capture Page Screenshot" library="AppiumLibrary">
<doc>Takes a screenshot of the current page and embeds it into the log.</doc>
<msg timestamp="20230317 15:14:03.393" level="INFO" html="true">&lt;/td&gt;&lt;/tr&gt;&lt;tr&gt;&lt;td colspan="3"&gt;&lt;a href="appium-screenshot-2.png"&gt;&lt;img src="appium-screenshot-2.png" width="800px"&gt;&lt;/a&gt;</msg>
<status status="PASS" starttime="20230317 15:14:03.084" endtime="20230317 15:14:03.393"/>
</kw>
<msg timestamp="20230317 15:14:03.422" level="FAIL">ValueError: Element locator 'class=android.widget.Button' did not match any elements.</msg>
<status status="FAIL" starttime="20230317 15:14:02.983" endtime="20230317 15:14:03.422"/>
</kw>
<msg timestamp="20230317 15:14:03.452" level="INFO">${element_find} = False</msg>
<status status="PASS" starttime="20230317 15:14:02.952" endtime="20230317 15:14:03.452"/>
</kw>
<if>
<branch type="IF" condition="${element_find}==${TRUE}">
<kw name="Get Webelements" library="AppiumLibrary">
<var>@{elements}</var>
<arg>${id_elements}</arg>
<doc>Returns list of [http://selenium-python.readthedocs.io/api.html#module-selenium.webdriver.remote.webelement|WebElement] objects matching ``locator``.</doc>
<status status="NOT RUN" starttime="20230317 15:14:03.513" endtime="20230317 15:14:03.542"/>
</kw>
<for flavor="IN">
<var>${i}</var>
<value>@{elements}</value>
<iter>
<var name="${i}"/>
<kw name="Get Text" library="AppiumLibrary">
<var>${element_text}</var>
<arg>${i}</arg>
<doc>Get element text (for hybrid and mobile browser use `xpath` locator, others might cause problem)</doc>
<status status="NOT RUN" starttime="20230317 15:14:03.637" endtime="20230317 15:14:03.667"/>
</kw>
<kw name="Run Keyword And Return Status" library="BuiltIn">
<var>${element_is_ok}</var>
<arg>Should Be Equal As Strings</arg>
<arg>${element_text}</arg>
<arg>${text_should_contain}</arg>
<doc>Runs the given keyword with given arguments and returns the status as a Boolean value.</doc>
<status status="NOT RUN" starttime="20230317 15:14:03.697" endtime="20230317 15:14:03.725"/>
</kw>
<if>
<branch type="IF" condition="${element_is_ok}==${TRUE}">
<kw name="Click to Element" library="common">
<arg>${i}</arg>
<doc>Support keyword. Keyword combine two basic keyword to one.</doc>
<status status="NOT RUN" starttime="20230317 15:14:03.787" endtime="20230317 15:14:03.817"/>
</kw>
<break>
<status status="NOT RUN" starttime="20230317 15:14:03.845" endtime="20230317 15:14:03.875"/>
</break>
<status status="NOT RUN" starttime="20230317 15:14:03.754" endtime="20230317 15:14:03.906"/>
</branch>
<status status="NOT RUN" starttime="20230317 15:14:03.754" endtime="20230317 15:14:03.940"/>
</if>
<status status="NOT RUN" starttime="20230317 15:14:03.606" endtime="20230317 15:14:03.940"/>
</iter>
<status status="NOT RUN" starttime="20230317 15:14:03.573" endtime="20230317 15:14:03.969"/>
</for>
<status status="NOT RUN" starttime="20230317 15:14:03.481" endtime="20230317 15:14:04.009"/>
</branch>
<branch type="ELSE">
<kw name="Set Test Variable" library="BuiltIn">
<arg>${element_is_ok}</arg>
<arg>${FALSE}</arg>
<doc>Makes a variable available everywhere within the scope of the current test.</doc>
<msg timestamp="20230317 15:14:04.103" level="INFO">${element_is_ok} = False</msg>
<status status="PASS" starttime="20230317 15:14:04.070" endtime="20230317 15:14:04.104"/>
</kw>
<status status="PASS" starttime="20230317 15:14:04.040" endtime="20230317 15:14:04.137"/>
</branch>
<status status="PASS" starttime="20230317 15:14:03.481" endtime="20230317 15:14:04.167"/>
</if>
<if>
<branch type="IF" condition="${element_is_ok}==${TRUE}">
<break>
<status status="NOT RUN" starttime="20230317 15:14:04.197" endtime="20230317 15:14:04.226"/>
</break>
<status status="NOT RUN" starttime="20230317 15:14:04.168" endtime="20230317 15:14:04.257"/>
</branch>
<status status="PASS" starttime="20230317 15:14:04.167" endtime="20230317 15:14:04.286"/>
</if>
<kw name="Swipe Down 50" library="common">
<kw name="Swipe By Percent" library="AppiumLibrary">
<arg>50</arg>
<arg>50</arg>
<arg>50</arg>
<arg>0</arg>
<doc>Swipe from one percent of the screen to another percent, for an optional duration.
Normal swipe fails to scale for different screen resolutions, this can be avoided using percent.</doc>
<status status="PASS" starttime="20230317 15:14:04.318" endtime="20230317 15:14:05.780"/>
</kw>
<status status="PASS" starttime="20230317 15:14:04.286" endtime="20230317 15:14:05.809"/>
</kw>
<kw name="Evaluate" library="BuiltIn">
<var>${m_counter}</var>
<arg>${m_counter}+1</arg>
<doc>Evaluates the given expression in Python and returns the result.</doc>
<msg timestamp="20230317 15:14:05.871" level="INFO">${m_counter} = 2</msg>
<status status="PASS" starttime="20230317 15:14:05.841" endtime="20230317 15:14:05.871"/>
</kw>
<if>
<branch type="IF" condition="${m_counter}&lt;${how_wanna_scroll_down}">
<kw name="Log" library="BuiltIn">
<arg>End Loop</arg>
<doc>Logs the given message with the given level.</doc>
<msg timestamp="20230317 15:14:05.958" level="INFO">End Loop</msg>
<status status="PASS" starttime="20230317 15:14:05.929" endtime="20230317 15:14:05.958"/>
</kw>
<status status="PASS" starttime="20230317 15:14:05.899" endtime="20230317 15:14:05.993"/>
</branch>
<branch type="ELSE">
<kw name="Fail" library="BuiltIn">
<arg>Element Wasn Found</arg>
<doc>Fails the test with the given message and optionally alters its tags.</doc>
<status status="NOT RUN" starttime="20230317 15:14:06.054" endtime="20230317 15:14:06.082"/>
</kw>
<status status="NOT RUN" starttime="20230317 15:14:06.023" endtime="20230317 15:14:06.114"/>
</branch>
<status status="PASS" starttime="20230317 15:14:05.899" endtime="20230317 15:14:06.145"/>
</if>
<status status="PASS" starttime="20230317 15:13:57.856" endtime="20230317 15:14:06.145"/>
</iter>
<iter>
<kw name="Sleep" library="BuiltIn">
<arg>5</arg>
<doc>Pauses the test executed for the given time.</doc>
<msg timestamp="20230317 15:14:11.232" level="INFO">Slept 5 seconds</msg>
<status status="PASS" starttime="20230317 15:14:06.202" endtime="20230317 15:14:11.232"/>
</kw>
<kw name="Run Keyword And Return Status" library="BuiltIn">
<var>${element_find}</var>
<arg>Get Webelements</arg>
<arg>${id_elements}</arg>
<doc>Runs the given keyword with given arguments and returns the status as a Boolean value.</doc>
<kw name="Get Webelements" library="AppiumLibrary">
<arg>${id_elements}</arg>
<doc>Returns list of [http://selenium-python.readthedocs.io/api.html#module-selenium.webdriver.remote.webelement|WebElement] objects matching ``locator``.</doc>
<status status="PASS" starttime="20230317 15:14:11.302" endtime="20230317 15:14:11.421"/>
</kw>
<msg timestamp="20230317 15:14:11.453" level="INFO">${element_find} = True</msg>
<status status="PASS" starttime="20230317 15:14:11.272" endtime="20230317 15:14:11.453"/>
</kw>
<if>
<branch type="IF" condition="${element_find}==${TRUE}">
<kw name="Get Webelements" library="AppiumLibrary">
<var>@{elements}</var>
<arg>${id_elements}</arg>
<doc>Returns list of [http://selenium-python.readthedocs.io/api.html#module-selenium.webdriver.remote.webelement|WebElement] objects matching ``locator``.</doc>
<msg timestamp="20230317 15:14:11.591" level="INFO">@{elements} = [ &lt;appium.webdriver.webelement.WebElement (session="7a77c553-095e-431d-b59b-cd0eb0fecefe", element="00000000-0000-03eb-0000-2367000001af")&gt; | &lt;appium.webdriver.webelement.WebElement (session="7a77c553...</msg>
<status status="PASS" starttime="20230317 15:14:11.510" endtime="20230317 15:14:11.591"/>
</kw>
<for flavor="IN">
<var>${i}</var>
<value>@{elements}</value>
<iter>
<var name="${i}">&lt;appium.webdriver.webelement.WebElement (session="7a77c553-095e-431d-b59b-cd0eb0fecefe", element="00000000-0000-03eb-0000-2367000001af")&gt;</var>
<kw name="Get Text" library="AppiumLibrary">
<var>${element_text}</var>
<arg>${i}</arg>
<doc>Get element text (for hybrid and mobile browser use `xpath` locator, others might cause problem)</doc>
<msg timestamp="20230317 15:14:11.722" level="INFO">Element '&lt;appium.webdriver.webelement.WebElement (session="7a77c553-095e-431d-b59b-cd0eb0fecefe", element="00000000-0000-03eb-0000-2367000001af")&gt;' text is 'Add to Cart' </msg>
<msg timestamp="20230317 15:14:11.723" level="INFO">${element_text} = Add to Cart</msg>
<status status="PASS" starttime="20230317 15:14:11.681" endtime="20230317 15:14:11.723"/>
</kw>
<kw name="Run Keyword And Return Status" library="BuiltIn">
<var>${element_is_ok}</var>
<arg>Should Be Equal As Strings</arg>
<arg>${element_text}</arg>
<arg>${text_should_contain}</arg>
<doc>Runs the given keyword with given arguments and returns the status as a Boolean value.</doc>
<kw name="Should Be Equal As Strings" library="BuiltIn">
<arg>${element_text}</arg>
<arg>${text_should_contain}</arg>
<doc>Fails if objects are unequal after converting them to strings.</doc>
<status status="PASS" starttime="20230317 15:14:11.789" endtime="20230317 15:14:11.821"/>
</kw>
<msg timestamp="20230317 15:14:11.851" level="INFO">${element_is_ok} = True</msg>
<status status="PASS" starttime="20230317 15:14:11.756" endtime="20230317 15:14:11.851"/>
</kw>
<if>
<branch type="IF" condition="${element_is_ok}==${TRUE}">
<kw name="Click to Element" library="common">
<arg>${i}</arg>
<doc>Support keyword. Keyword combine two basic keyword to one.</doc>
<kw name="Wait Until Element Is Visible" library="AppiumLibrary">
<arg>${element_andr}</arg>
<arg>${wait_time}</arg>
<doc>Waits until element specified with `locator` is visible.</doc>
<status status="PASS" starttime="20230317 15:14:11.943" endtime="20230317 15:14:11.987"/>
</kw>
<kw name="Click Element" library="AppiumLibrary">
<arg>${element_andr}</arg>
<doc>Click element identified by `locator`.</doc>
<msg timestamp="20230317 15:14:12.070" level="INFO">Clicking element '&lt;appium.webdriver.webelement.WebElement (session="7a77c553-095e-431d-b59b-cd0eb0fecefe", element="00000000-0000-03eb-0000-2367000001af")&gt;'.</msg>
<status status="PASS" starttime="20230317 15:14:12.019" endtime="20230317 15:14:12.112"/>
</kw>
<status status="PASS" starttime="20230317 15:14:11.909" endtime="20230317 15:14:12.143"/>
</kw>
<break>
<status status="PASS" starttime="20230317 15:14:12.173" endtime="20230317 15:14:12.202"/>
</break>
<status status="PASS" starttime="20230317 15:14:11.880" endtime="20230317 15:14:12.231"/>
</branch>
<status status="PASS" starttime="20230317 15:14:11.880" endtime="20230317 15:14:12.259"/>
</if>
<status status="PASS" starttime="20230317 15:14:11.648" endtime="20230317 15:14:12.259"/>
</iter>
<status status="PASS" starttime="20230317 15:14:11.620" endtime="20230317 15:14:12.290"/>
</for>
<status status="PASS" starttime="20230317 15:14:11.482" endtime="20230317 15:14:12.320"/>
</branch>
<branch type="ELSE">
<kw name="Set Test Variable" library="BuiltIn">
<arg>${element_is_ok}</arg>
<arg>${FALSE}</arg>
<doc>Makes a variable available everywhere within the scope of the current test.</doc>
<status status="NOT RUN" starttime="20230317 15:14:12.382" endtime="20230317 15:14:12.414"/>
</kw>
<status status="NOT RUN" starttime="20230317 15:14:12.350" endtime="20230317 15:14:12.447"/>
</branch>
<status status="PASS" starttime="20230317 15:14:11.482" endtime="20230317 15:14:12.477"/>
</if>
<if>
<branch type="IF" condition="${element_is_ok}==${TRUE}">
<break>
<status status="PASS" starttime="20230317 15:14:12.507" endtime="20230317 15:14:12.541"/>
</break>
<status status="PASS" starttime="20230317 15:14:12.477" endtime="20230317 15:14:12.573"/>
</branch>
<status status="PASS" starttime="20230317 15:14:12.477" endtime="20230317 15:14:12.602"/>
</if>
<kw name="Swipe Down 50" library="common">
<status status="NOT RUN" starttime="20230317 15:14:12.602" endtime="20230317 15:14:12.631"/>
</kw>
<kw name="Evaluate" library="BuiltIn">
<var>${m_counter}</var>
<arg>${m_counter}+1</arg>
<doc>Evaluates the given expression in Python and returns the result.</doc>
<status status="NOT RUN" starttime="20230317 15:14:12.662" endtime="20230317 15:14:12.690"/>
</kw>
<if>
<branch type="IF" condition="${m_counter}&lt;${how_wanna_scroll_down}">
<kw name="Log" library="BuiltIn">
<arg>End Loop</arg>
<doc>Logs the given message with the given level.</doc>
<status status="NOT RUN" starttime="20230317 15:14:12.754" endtime="20230317 15:14:12.782"/>
</kw>
<status status="NOT RUN" starttime="20230317 15:14:12.719" endtime="20230317 15:14:12.817"/>
</branch>
<branch type="ELSE">
<kw name="Fail" library="BuiltIn">
<arg>Element Wasn Found</arg>
<doc>Fails the test with the given message and optionally alters its tags.</doc>
<status status="NOT RUN" starttime="20230317 15:14:12.881" endtime="20230317 15:14:12.913"/>
</kw>
<status status="NOT RUN" starttime="20230317 15:14:12.849" endtime="20230317 15:14:12.948"/>
</branch>
<status status="NOT RUN" starttime="20230317 15:14:12.719" endtime="20230317 15:14:12.981"/>
</if>
<status status="PASS" starttime="20230317 15:14:06.174" endtime="20230317 15:14:12.982"/>
</iter>
<status status="PASS" starttime="20230317 15:13:48.987" endtime="20230317 15:14:13.019"/>
</while>
<status status="PASS" starttime="20230317 15:13:48.884" endtime="20230317 15:14:13.050"/>
</kw>
<status status="PASS" starttime="20230317 15:13:46.774" endtime="20230317 15:14:13.084"/>
</kw>
<doc>done</doc>
<status status="PASS" starttime="20230317 15:13:07.674" endtime="20230317 15:14:13.114"/>
</test>
<test id="s1-t3" name="TC3 :: Filter" line="27">
<kw name="Connect to Emulator" library="common">
<doc>Basic connections to android emulator</doc>
<kw name="Set Appium Timeout" library="AppiumLibrary">
<arg>10 seconds</arg>
<doc>Sets the timeout in seconds used by various keywords.</doc>
<status status="PASS" starttime="20230317 15:14:13.208" endtime="20230317 15:14:13.237"/>
</kw>
<kw name="Open Application" library="AppiumLibrary">
<arg>${APPIUM_SERVER}</arg>
<arg>platformName=${PLATFORM}</arg>
<arg>app=${APP_LOCATION}${APK_NAME}</arg>
<arg>appPackage=${PACKAGE_NAME}</arg>
<arg>appActivity=${APP_MAIN_ACTIVITY}</arg>
<arg>fullReset=${FULL_RESET_ON}</arg>
<arg>noReset=${RESET_OFF}</arg>
<arg>newCommandTimeout=${NEW_COMMAND_TIMEOUT}</arg>
<arg>platformVersion=${platformVersion}</arg>
<arg>deviceName=${deviceName}</arg>
<arg>automationName=${automationName}</arg>
<arg>unicodeKeyboard=${unicodeKeyboard}</arg>
<arg>resetKeyboard=${resetKeyboard}</arg>
<arg>udid=${udid}</arg>
<doc>Opens a new application to given Appium server.
Capabilities of appium server, Android and iOS,
Please check https://github.com/appium/appium/blob/master/docs/en/writing-running-appium/server-args.md
| *Option*            | *Man.* | *Description*     |
| remote_url          | Yes    | Appium server url |
| alias               | no     | alias             |</doc>
<status status="PASS" starttime="20230317 15:14:13.266" endtime="20230317 15:14:23.785"/>
</kw>
<status status="PASS" starttime="20230317 15:14:13.178" endtime="20230317 15:14:23.817"/>
</kw>
<kw name="Set user" library="common">
<arg>filter_user</arg>
<doc>We set up user for test. After we try to find him in database and delete it.</doc>
<kw name="Import Resource" library="BuiltIn">
<arg>${ROOT_USERS}${/}${user_name}.resource</arg>
<doc>Imports a resource file with the given path.</doc>
<status status="PASS" starttime="20230317 15:14:23.877" endtime="20230317 15:14:23.906"/>
</kw>
<status status="PASS" starttime="20230317 15:14:23.846" endtime="20230317 15:14:23.934"/>
</kw>
<kw name="Skip Login" library="login">
<kw name="Click to Element" library="common">
<arg>${LOGIN_SKIP_LOGIN_BUTTON}</arg>
<doc>Support keyword. Keyword combine two basic keyword to one.</doc>
<kw name="Wait Until Element Is Visible" library="AppiumLibrary">
<arg>${element_andr}</arg>
<arg>${wait_time}</arg>
<doc>Waits until element specified with `locator` is visible.</doc>
<status status="PASS" starttime="20230317 15:14:24.019" endtime="20230317 15:14:25.322"/>
</kw>
<kw name="Click Element" library="AppiumLibrary">
<arg>${element_andr}</arg>
<doc>Click element identified by `locator`.</doc>
<msg timestamp="20230317 15:14:25.385" level="INFO">Clicking element 'com.amazon.mShop.android.shopping:id/skip_sign_in_button'.</msg>
<status status="PASS" starttime="20230317 15:14:25.353" endtime="20230317 15:14:25.441"/>
</kw>
<status status="PASS" starttime="20230317 15:14:23.989" endtime="20230317 15:14:25.471"/>
</kw>
<status status="PASS" starttime="20230317 15:14:23.961" endtime="20230317 15:14:25.505"/>
</kw>
<kw name="Dashboard - Find My Product" library="dashboard">
<kw name="Find Product" library="search_bar">
<arg>${USER_WHICH_PRODUCT_WE_WANT}</arg>
<kw name="Click to Element" library="common">
<arg>${SEARCH_BAR_HINT_VIEW}</arg>
<doc>Support keyword. Keyword combine two basic keyword to one.</doc>
<kw name="Wait Until Element Is Visible" library="AppiumLibrary">
<arg>${element_andr}</arg>
<arg>${wait_time}</arg>
<doc>Waits until element specified with `locator` is visible.</doc>
<status status="PASS" starttime="20230317 15:14:25.639" endtime="20230317 15:14:28.181"/>
</kw>
<kw name="Click Element" library="AppiumLibrary">
<arg>${element_andr}</arg>
<doc>Click element identified by `locator`.</doc>
<msg timestamp="20230317 15:14:28.243" level="INFO">Clicking element 'com.amazon.mShop.android.shopping:id/chrome_search_hint_view'.</msg>
<status status="PASS" starttime="20230317 15:14:28.211" endtime="20230317 15:14:29.544"/>
</kw>
<status status="PASS" starttime="20230317 15:14:25.602" endtime="20230317 15:14:29.574"/>
</kw>
<kw name="Input text to Element" library="common">
<arg>${SEARCH_BAR_INPUT}</arg>
<arg>${product}</arg>
<kw name="Wait Until Element Is Visible" library="AppiumLibrary">
<arg>${element}</arg>
<doc>Waits until element specified with `locator` is visible.</doc>
<status status="PASS" starttime="20230317 15:14:29.637" endtime="20230317 15:14:29.691"/>
</kw>
<kw name="Input Text" library="AppiumLibrary">
<arg>${element}</arg>
<arg>${text}</arg>
<doc>Types the given `text` into text field identified by `locator`.</doc>
<msg timestamp="20230317 15:14:29.757" level="INFO">Typing text 'Samsung mobile' into text field 'com.amazon.mShop.android.shopping:id/rs_search_src_text'</msg>
<status status="PASS" starttime="20230317 15:14:29.724" endtime="20230317 15:14:29.803"/>
</kw>
<status status="PASS" starttime="20230317 15:14:29.606" endtime="20230317 15:14:29.836"/>
</kw>
<kw name="Press Keycode" library="AppiumLibrary">
<arg>66</arg>
<doc>Sends a press of keycode to the device.</doc>
<status status="PASS" starttime="20230317 15:14:29.867" endtime="20230317 15:14:30.684"/>
</kw>
<kw name="Log" library="BuiltIn">
<arg>Tapnuto</arg>
<doc>Logs the given message with the given level.</doc>
<msg timestamp="20230317 15:14:30.744" level="INFO">Tapnuto</msg>
<status status="PASS" starttime="20230317 15:14:30.714" endtime="20230317 15:14:30.744"/>
</kw>
<status status="PASS" starttime="20230317 15:14:25.566" endtime="20230317 15:14:30.773"/>
</kw>
<status status="PASS" starttime="20230317 15:14:25.535" endtime="20230317 15:14:30.804"/>
</kw>
<kw name="Sleep" library="BuiltIn">
<arg>3</arg>
<doc>Pauses the test executed for the given time.</doc>
<msg timestamp="20230317 15:14:33.867" level="INFO">Slept 3 seconds</msg>
<status status="PASS" starttime="20230317 15:14:30.834" endtime="20230317 15:14:33.868"/>
</kw>
<kw name="Dashboard - Find My Product" library="dashboard">
<kw name="Find Product" library="search_bar">
<arg>${USER_WHICH_PRODUCT_WE_WANT}</arg>
<kw name="Click to Element" library="common">
<arg>${SEARCH_BAR_HINT_VIEW}</arg>
<doc>Support keyword. Keyword combine two basic keyword to one.</doc>
<kw name="Wait Until Element Is Visible" library="AppiumLibrary">
<arg>${element_andr}</arg>
<arg>${wait_time}</arg>
<doc>Waits until element specified with `locator` is visible.</doc>
<status status="PASS" starttime="20230317 15:14:33.993" endtime="20230317 15:14:35.841"/>
</kw>
<kw name="Click Element" library="AppiumLibrary">
<arg>${element_andr}</arg>
<doc>Click element identified by `locator`.</doc>
<msg timestamp="20230317 15:14:35.914" level="INFO">Clicking element 'com.amazon.mShop.android.shopping:id/chrome_search_hint_view'.</msg>
<status status="PASS" starttime="20230317 15:14:35.878" endtime="20230317 15:14:36.977"/>
</kw>
<status status="PASS" starttime="20230317 15:14:33.962" endtime="20230317 15:14:37.010"/>
</kw>
<kw name="Input text to Element" library="common">
<arg>${SEARCH_BAR_INPUT}</arg>
<arg>${product}</arg>
<kw name="Wait Until Element Is Visible" library="AppiumLibrary">
<arg>${element}</arg>
<doc>Waits until element specified with `locator` is visible.</doc>
<status status="PASS" starttime="20230317 15:14:37.073" endtime="20230317 15:14:37.134"/>
</kw>
<kw name="Input Text" library="AppiumLibrary">
<arg>${element}</arg>
<arg>${text}</arg>
<doc>Types the given `text` into text field identified by `locator`.</doc>
<msg timestamp="20230317 15:14:37.202" level="INFO">Typing text 'Samsung mobile' into text field 'com.amazon.mShop.android.shopping:id/rs_search_src_text'</msg>
<status status="PASS" starttime="20230317 15:14:37.165" endtime="20230317 15:14:37.765"/>
</kw>
<status status="PASS" starttime="20230317 15:14:37.038" endtime="20230317 15:14:37.796"/>
</kw>
<kw name="Press Keycode" library="AppiumLibrary">
<arg>66</arg>
<doc>Sends a press of keycode to the device.</doc>
<status status="PASS" starttime="20230317 15:14:37.829" endtime="20230317 15:14:38.596"/>
</kw>
<kw name="Log" library="BuiltIn">
<arg>Tapnuto</arg>
<doc>Logs the given message with the given level.</doc>
<msg timestamp="20230317 15:14:38.667" level="INFO">Tapnuto</msg>
<status status="PASS" starttime="20230317 15:14:38.632" endtime="20230317 15:14:38.667"/>
</kw>
<status status="PASS" starttime="20230317 15:14:33.932" endtime="20230317 15:14:38.700"/>
</kw>
<status status="PASS" starttime="20230317 15:14:33.898" endtime="20230317 15:14:38.735"/>
</kw>
<kw name="Click to Filter" library="search_result">
<kw name="Click to Element" library="common">
<arg>${SEARCH_RESULT_FILTER}</arg>
<doc>Support keyword. Keyword combine two basic keyword to one.</doc>
<kw name="Wait Until Element Is Visible" library="AppiumLibrary">
<arg>${element_andr}</arg>
<arg>${wait_time}</arg>
<doc>Waits until element specified with `locator` is visible.</doc>
<status status="PASS" starttime="20230317 15:14:38.838" endtime="20230317 15:14:42.583"/>
</kw>
<kw name="Click Element" library="AppiumLibrary">
<arg>${element_andr}</arg>
<doc>Click element identified by `locator`.</doc>
<msg timestamp="20230317 15:14:42.653" level="INFO">Clicking element 'xpath=//android.widget.ToggleButton[@resource-id='s-all-filters']'.</msg>
<status status="PASS" starttime="20230317 15:14:42.618" endtime="20230317 15:14:42.794"/>
</kw>
<status status="PASS" starttime="20230317 15:14:38.804" endtime="20230317 15:14:42.825"/>
</kw>
<status status="PASS" starttime="20230317 15:14:38.772" endtime="20230317 15:14:42.855"/>
</kw>
<kw name="Filter Use filter and show Results" library="modal_filter_search">
<kw name="Filter Click to Cell Phones" library="modal_filter_search">
<kw name="Click to Element" library="common">
<arg>${MODAL_FILTER_SEARCH_CELL_PHONES}</arg>
<doc>Support keyword. Keyword combine two basic keyword to one.</doc>
<kw name="Wait Until Element Is Visible" library="AppiumLibrary">
<arg>${element_andr}</arg>
<arg>${wait_time}</arg>
[...]
<doc>Fails if objects are unequal after converting them to strings.</doc>
<msg timestamp="20230317 15:16:10.546" level="INFO">Argument types are:
&lt;class 'NoneType'&gt;
&lt;class 'str'&gt;</msg>
<msg timestamp="20230317 15:16:10.547" level="FAIL">None != See more: Popular movies – Free with ads</msg>
<status status="FAIL" starttime="20230317 15:16:10.507" endtime="20230317 15:16:10.547"/>
</kw>
<msg timestamp="20230317 15:16:10.582" level="INFO">${element_is_ok} = False</msg>
<status status="PASS" starttime="20230317 15:16:10.469" endtime="20230317 15:16:10.583"/>
</kw>
<if>
<branch type="IF" condition="${element_is_ok}==${TRUE}">
<kw name="Click to Element" library="common">
<arg>${i}</arg>
<doc>Support keyword. Keyword combine two basic keyword to one.</doc>
<status status="NOT RUN" starttime="20230317 15:16:10.653" endtime="20230317 15:16:10.688"/>
</kw>
<break>
<status status="NOT RUN" starttime="20230317 15:16:10.722" endtime="20230317 15:16:10.755"/>
</break>
<status status="NOT RUN" starttime="20230317 15:16:10.619" endtime="20230317 15:16:10.788"/>
</branch>
<status status="PASS" starttime="20230317 15:16:10.619" endtime="20230317 15:16:10.824"/>
</if>
<status status="PASS" starttime="20230317 15:16:10.350" endtime="20230317 15:16:10.824"/>
</iter>
<iter>
<var name="${i}">&lt;appium.webdriver.webelement.WebElement (session="474ffc8c-5d29-47c8-8c61-873912cff5e4", element="00000000-0000-0404-0000-02cb00000082")&gt;</var>
<kw name="Get Element Attribute" library="AppiumLibrary">
<var>${element_text}</var>
<arg>${i}</arg>
<arg>contentDescription</arg>
<doc>Get element attribute using given attribute: name, value,...</doc>
<msg timestamp="20230317 15:16:10.945" level="INFO">Element '&lt;appium.webdriver.webelement.WebElement (session="474ffc8c-5d29-47c8-8c61-873912cff5e4", element="00000000-0000-0404-0000-02cb00000082")&gt;' attribute 'contentDescription' value 'None' </msg>
<msg timestamp="20230317 15:16:10.945" level="INFO">${element_text} = None</msg>
<status status="PASS" starttime="20230317 15:16:10.893" endtime="20230317 15:16:10.945"/>
</kw>
<kw name="Run Keyword And Return Status" library="BuiltIn">
<var>${element_is_ok}</var>
<arg>Should Be Equal As Strings</arg>
<arg>${element_text}</arg>
<arg>${text_should_contain}</arg>
<doc>Runs the given keyword with given arguments and returns the status as a Boolean value.</doc>
<kw name="Should Be Equal As Strings" library="BuiltIn">
<arg>${element_text}</arg>
<arg>${text_should_contain}</arg>
<doc>Fails if objects are unequal after converting them to strings.</doc>
<msg timestamp="20230317 15:16:11.050" level="INFO">Argument types are:
&lt;class 'NoneType'&gt;
&lt;class 'str'&gt;</msg>
<msg timestamp="20230317 15:16:11.050" level="FAIL">None != See more: Popular movies – Free with ads</msg>
<status status="FAIL" starttime="20230317 15:16:11.016" endtime="20230317 15:16:11.050"/>
</kw>
<msg timestamp="20230317 15:16:11.084" level="INFO">${element_is_ok} = False</msg>
<status status="PASS" starttime="20230317 15:16:10.980" endtime="20230317 15:16:11.085"/>
</kw>
<if>
<branch type="IF" condition="${element_is_ok}==${TRUE}">
<kw name="Click to Element" library="common">
<arg>${i}</arg>
<doc>Support keyword. Keyword combine two basic keyword to one.</doc>
<status status="NOT RUN" starttime="20230317 15:16:11.152" endtime="20230317 15:16:11.185"/>
</kw>
<break>
<status status="NOT RUN" starttime="20230317 15:16:11.217" endtime="20230317 15:16:11.254"/>
</break>
<status status="NOT RUN" starttime="20230317 15:16:11.119" endtime="20230317 15:16:11.288"/>
</branch>
<status status="PASS" starttime="20230317 15:16:11.118" endtime="20230317 15:16:11.326"/>
</if>
<status status="PASS" starttime="20230317 15:16:10.859" endtime="20230317 15:16:11.326"/>
</iter>
<iter>
<var name="${i}">&lt;appium.webdriver.webelement.WebElement (session="474ffc8c-5d29-47c8-8c61-873912cff5e4", element="00000000-0000-0404-0000-02c700000082")&gt;</var>
<kw name="Get Element Attribute" library="AppiumLibrary">
<var>${element_text}</var>
<arg>${i}</arg>
<arg>contentDescription</arg>
<doc>Get element attribute using given attribute: name, value,...</doc>
<msg timestamp="20230317 15:16:11.444" level="INFO">Element '&lt;appium.webdriver.webelement.WebElement (session="474ffc8c-5d29-47c8-8c61-873912cff5e4", element="00000000-0000-0404-0000-02c700000082")&gt;' attribute 'contentDescription' value 'None' </msg>
<msg timestamp="20230317 15:16:11.444" level="INFO">${element_text} = None</msg>
<status status="PASS" starttime="20230317 15:16:11.403" endtime="20230317 15:16:11.444"/>
</kw>
<kw name="Run Keyword And Return Status" library="BuiltIn">
<var>${element_is_ok}</var>
<arg>Should Be Equal As Strings</arg>
<arg>${element_text}</arg>
<arg>${text_should_contain}</arg>
<doc>Runs the given keyword with given arguments and returns the status as a Boolean value.</doc>
<kw name="Should Be Equal As Strings" library="BuiltIn">
<arg>${element_text}</arg>
<arg>${text_should_contain}</arg>
<doc>Fails if objects are unequal after converting them to strings.</doc>
<msg timestamp="20230317 15:16:11.548" level="INFO">Argument types are:
&lt;class 'NoneType'&gt;
&lt;class 'str'&gt;</msg>
<msg timestamp="20230317 15:16:11.549" level="FAIL">None != See more: Popular movies – Free with ads</msg>
<status status="FAIL" starttime="20230317 15:16:11.513" endtime="20230317 15:16:11.549"/>
</kw>
<msg timestamp="20230317 15:16:11.584" level="INFO">${element_is_ok} = False</msg>
<status status="PASS" starttime="20230317 15:16:11.481" endtime="20230317 15:16:11.584"/>
</kw>
<if>
<branch type="IF" condition="${element_is_ok}==${TRUE}">
<kw name="Click to Element" library="common">
<arg>${i}</arg>
<doc>Support keyword. Keyword combine two basic keyword to one.</doc>
<status status="NOT RUN" starttime="20230317 15:16:11.656" endtime="20230317 15:16:11.690"/>
</kw>
<break>
<status status="NOT RUN" starttime="20230317 15:16:11.727" endtime="20230317 15:16:11.764"/>
</break>
<status status="NOT RUN" starttime="20230317 15:16:11.619" endtime="20230317 15:16:11.801"/>
</branch>
<status status="PASS" starttime="20230317 15:16:11.619" endtime="20230317 15:16:11.838"/>
</if>
<status status="PASS" starttime="20230317 15:16:11.366" endtime="20230317 15:16:11.838"/>
</iter>
<iter>
<var name="${i}">&lt;appium.webdriver.webelement.WebElement (session="474ffc8c-5d29-47c8-8c61-873912cff5e4", element="00000000-0000-0404-0000-025c00000082")&gt;</var>
<kw name="Get Element Attribute" library="AppiumLibrary">
<var>${element_text}</var>
<arg>${i}</arg>
<arg>contentDescription</arg>
<doc>Get element attribute using given attribute: name, value,...</doc>
<msg timestamp="20230317 15:16:11.953" level="INFO">Element '&lt;appium.webdriver.webelement.WebElement (session="474ffc8c-5d29-47c8-8c61-873912cff5e4", element="00000000-0000-0404-0000-025c00000082")&gt;' attribute 'contentDescription' value 'None' </msg>
<msg timestamp="20230317 15:16:11.954" level="INFO">${element_text} = None</msg>
<status status="PASS" starttime="20230317 15:16:11.909" endtime="20230317 15:16:11.954"/>
</kw>
<kw name="Run Keyword And Return Status" library="BuiltIn">
<var>${element_is_ok}</var>
<arg>Should Be Equal As Strings</arg>
<arg>${element_text}</arg>
<arg>${text_should_contain}</arg>
<doc>Runs the given keyword with given arguments and returns the status as a Boolean value.</doc>
<kw name="Should Be Equal As Strings" library="BuiltIn">
<arg>${element_text}</arg>
<arg>${text_should_contain}</arg>
<doc>Fails if objects are unequal after converting them to strings.</doc>
<msg timestamp="20230317 15:16:12.061" level="INFO">Argument types are:
&lt;class 'NoneType'&gt;
&lt;class 'str'&gt;</msg>
<msg timestamp="20230317 15:16:12.062" level="FAIL">None != See more: Popular movies – Free with ads</msg>
<status status="FAIL" starttime="20230317 15:16:12.025" endtime="20230317 15:16:12.062"/>
</kw>
<msg timestamp="20230317 15:16:12.103" level="INFO">${element_is_ok} = False</msg>
<status status="PASS" starttime="20230317 15:16:11.987" endtime="20230317 15:16:12.103"/>
</kw>
<if>
<branch type="IF" condition="${element_is_ok}==${TRUE}">
<kw name="Click to Element" library="common">
<arg>${i}</arg>
<doc>Support keyword. Keyword combine two basic keyword to one.</doc>
<status status="NOT RUN" starttime="20230317 15:16:12.175" endtime="20230317 15:16:12.211"/>
</kw>
<break>
<status status="NOT RUN" starttime="20230317 15:16:12.249" endtime="20230317 15:16:12.285"/>
</break>
<status status="NOT RUN" starttime="20230317 15:16:12.139" endtime="20230317 15:16:12.322"/>
</branch>
<status status="PASS" starttime="20230317 15:16:12.139" endtime="20230317 15:16:12.356"/>
</if>
<status status="PASS" starttime="20230317 15:16:11.871" endtime="20230317 15:16:12.356"/>
</iter>
<iter>
<var name="${i}">&lt;appium.webdriver.webelement.WebElement (session="474ffc8c-5d29-47c8-8c61-873912cff5e4", element="00000000-0000-0404-0000-031600000082")&gt;</var>
<kw name="Get Element Attribute" library="AppiumLibrary">
<var>${element_text}</var>
<arg>${i}</arg>
<arg>contentDescription</arg>
<doc>Get element attribute using given attribute: name, value,...</doc>
<msg timestamp="20230317 15:16:12.478" level="INFO">Element '&lt;appium.webdriver.webelement.WebElement (session="474ffc8c-5d29-47c8-8c61-873912cff5e4", element="00000000-0000-0404-0000-031600000082")&gt;' attribute 'contentDescription' value 'None' </msg>
<msg timestamp="20230317 15:16:12.478" level="INFO">${element_text} = None</msg>
<status status="PASS" starttime="20230317 15:16:12.424" endtime="20230317 15:16:12.479"/>
</kw>
<kw name="Run Keyword And Return Status" library="BuiltIn">
<var>${element_is_ok}</var>
<arg>Should Be Equal As Strings</arg>
<arg>${element_text}</arg>
<arg>${text_should_contain}</arg>
<doc>Runs the given keyword with given arguments and returns the status as a Boolean value.</doc>
<kw name="Should Be Equal As Strings" library="BuiltIn">
<arg>${element_text}</arg>
<arg>${text_should_contain}</arg>
<doc>Fails if objects are unequal after converting them to strings.</doc>
<msg timestamp="20230317 15:16:12.587" level="INFO">Argument types are:
&lt;class 'NoneType'&gt;
&lt;class 'str'&gt;</msg>
<msg timestamp="20230317 15:16:12.587" level="FAIL">None != See more: Popular movies – Free with ads</msg>
<status status="FAIL" starttime="20230317 15:16:12.550" endtime="20230317 15:16:12.588"/>
</kw>
<msg timestamp="20230317 15:16:12.623" level="INFO">${element_is_ok} = False</msg>
<status status="PASS" starttime="20230317 15:16:12.514" endtime="20230317 15:16:12.623"/>
</kw>
<if>
<branch type="IF" condition="${element_is_ok}==${TRUE}">
<kw name="Click to Element" library="common">
<arg>${i}</arg>
<doc>Support keyword. Keyword combine two basic keyword to one.</doc>
<status status="NOT RUN" starttime="20230317 15:16:12.698" endtime="20230317 15:16:12.740"/>
</kw>
<break>
<status status="NOT RUN" starttime="20230317 15:16:12.773" endtime="20230317 15:16:12.810"/>
</break>
<status status="NOT RUN" starttime="20230317 15:16:12.660" endtime="20230317 15:16:12.849"/>
</branch>
<status status="PASS" starttime="20230317 15:16:12.660" endtime="20230317 15:16:12.887"/>
</if>
<status status="PASS" starttime="20230317 15:16:12.390" endtime="20230317 15:16:12.887"/>
</iter>
<iter>
<var name="${i}">&lt;appium.webdriver.webelement.WebElement (session="474ffc8c-5d29-47c8-8c61-873912cff5e4", element="00000000-0000-0404-0000-031900000082")&gt;</var>
<kw name="Get Element Attribute" library="AppiumLibrary">
<var>${element_text}</var>
<arg>${i}</arg>
<arg>contentDescription</arg>
<doc>Get element attribute using given attribute: name, value,...</doc>
<msg timestamp="20230317 15:16:13.022" level="INFO">Element '&lt;appium.webdriver.webelement.WebElement (session="474ffc8c-5d29-47c8-8c61-873912cff5e4", element="00000000-0000-0404-0000-031900000082")&gt;' attribute 'contentDescription' value 'None' </msg>
<msg timestamp="20230317 15:16:13.022" level="INFO">${element_text} = None</msg>
<status status="PASS" starttime="20230317 15:16:12.961" endtime="20230317 15:16:13.022"/>
</kw>
<kw name="Run Keyword And Return Status" library="BuiltIn">
<var>${element_is_ok}</var>
<arg>Should Be Equal As Strings</arg>
<arg>${element_text}</arg>
<arg>${text_should_contain}</arg>
<doc>Runs the given keyword with given arguments and returns the status as a Boolean value.</doc>
<kw name="Should Be Equal As Strings" library="BuiltIn">
<arg>${element_text}</arg>
<arg>${text_should_contain}</arg>
<doc>Fails if objects are unequal after converting them to strings.</doc>
<msg timestamp="20230317 15:16:13.134" level="INFO">Argument types are:
&lt;class 'NoneType'&gt;
&lt;class 'str'&gt;</msg>
<msg timestamp="20230317 15:16:13.134" level="FAIL">None != See more: Popular movies – Free with ads</msg>
<status status="FAIL" starttime="20230317 15:16:13.099" endtime="20230317 15:16:13.134"/>
</kw>
<msg timestamp="20230317 15:16:13.171" level="INFO">${element_is_ok} = False</msg>
<status status="PASS" starttime="20230317 15:16:13.058" endtime="20230317 15:16:13.171"/>
</kw>
<if>
<branch type="IF" condition="${element_is_ok}==${TRUE}">
<kw name="Click to Element" library="common">
<arg>${i}</arg>
<doc>Support keyword. Keyword combine two basic keyword to one.</doc>
<status status="NOT RUN" starttime="20230317 15:16:13.247" endtime="20230317 15:16:13.284"/>
</kw>
<break>
<status status="NOT RUN" starttime="20230317 15:16:13.321" endtime="20230317 15:16:13.356"/>
</break>
<status status="NOT RUN" starttime="20230317 15:16:13.211" endtime="20230317 15:16:13.393"/>
</branch>
<status status="PASS" starttime="20230317 15:16:13.211" endtime="20230317 15:16:13.427"/>
</if>
<status status="PASS" starttime="20230317 15:16:12.924" endtime="20230317 15:16:13.428"/>
</iter>
<iter>
<var name="${i}">&lt;appium.webdriver.webelement.WebElement (session="474ffc8c-5d29-47c8-8c61-873912cff5e4", element="00000000-0000-0404-0000-031a00000082")&gt;</var>
<kw name="Get Element Attribute" library="AppiumLibrary">
<var>${element_text}</var>
<arg>${i}</arg>
<arg>contentDescription</arg>
<doc>Get element attribute using given attribute: name, value,...</doc>
<msg timestamp="20230317 15:16:13.564" level="INFO">Element '&lt;appium.webdriver.webelement.WebElement (session="474ffc8c-5d29-47c8-8c61-873912cff5e4", element="00000000-0000-0404-0000-031a00000082")&gt;' attribute 'contentDescription' value 'See more: Popular movies – Free with ads' </msg>
<msg timestamp="20230317 15:16:13.564" level="INFO">${element_text} = See more: Popular movies – Free with ads</msg>
<status status="PASS" starttime="20230317 15:16:13.503" endtime="20230317 15:16:13.564"/>
</kw>
<kw name="Run Keyword And Return Status" library="BuiltIn">
<var>${element_is_ok}</var>
<arg>Should Be Equal As Strings</arg>
<arg>${element_text}</arg>
<arg>${text_should_contain}</arg>
<doc>Runs the given keyword with given arguments and returns the status as a Boolean value.</doc>
<kw name="Should Be Equal As Strings" library="BuiltIn">
<arg>${element_text}</arg>
<arg>${text_should_contain}</arg>
<doc>Fails if objects are unequal after converting them to strings.</doc>
<status status="PASS" starttime="20230317 15:16:13.639" endtime="20230317 15:16:13.680"/>
</kw>
<msg timestamp="20230317 15:16:13.715" level="INFO">${element_is_ok} = True</msg>
<status status="PASS" starttime="20230317 15:16:13.601" endtime="20230317 15:16:13.715"/>
</kw>
<if>
<branch type="IF" condition="${element_is_ok}==${TRUE}">
<kw name="Click to Element" library="common">
<arg>${i}</arg>
<doc>Support keyword. Keyword combine two basic keyword to one.</doc>
<kw name="Wait Until Element Is Visible" library="AppiumLibrary">
<arg>${element_andr}</arg>
<arg>${wait_time}</arg>
<doc>Waits until element specified with `locator` is visible.</doc>
<status status="PASS" starttime="20230317 15:16:13.824" endtime="20230317 15:16:13.875"/>
</kw>
<kw name="Click Element" library="AppiumLibrary">
<arg>${element_andr}</arg>
<doc>Click element identified by `locator`.</doc>
<msg timestamp="20230317 15:16:13.948" level="INFO">Clicking element '&lt;appium.webdriver.webelement.WebElement (session="474ffc8c-5d29-47c8-8c61-873912cff5e4", element="00000000-0000-0404-0000-031a00000082")&gt;'.</msg>
<status status="PASS" starttime="20230317 15:16:13.908" endtime="20230317 15:16:14.015"/>
</kw>
<status status="PASS" starttime="20230317 15:16:13.788" endtime="20230317 15:16:14.051"/>
</kw>
<break>
<status status="PASS" starttime="20230317 15:16:14.087" endtime="20230317 15:16:14.121"/>
</break>
<status status="PASS" starttime="20230317 15:16:13.750" endtime="20230317 15:16:14.153"/>
</branch>
<status status="PASS" starttime="20230317 15:16:13.750" endtime="20230317 15:16:14.186"/>
</if>
<status status="PASS" starttime="20230317 15:16:13.469" endtime="20230317 15:16:14.186"/>
</iter>
<status status="PASS" starttime="20230317 15:15:51.965" endtime="20230317 15:16:14.220"/>
</for>
<status status="PASS" starttime="20230317 15:15:51.729" endtime="20230317 15:16:14.253"/>
</branch>
<branch type="ELSE">
<kw name="Set Test Variable" library="BuiltIn">
<arg>${element_is_ok}</arg>
<arg>${FALSE}</arg>
<doc>Makes a variable available everywhere within the scope of the current test.</doc>
<status status="NOT RUN" starttime="20230317 15:16:14.329" endtime="20230317 15:16:14.368"/>
</kw>
<status status="NOT RUN" starttime="20230317 15:16:14.292" endtime="20230317 15:16:14.404"/>
</branch>
<status status="PASS" starttime="20230317 15:15:51.729" endtime="20230317 15:16:14.436"/>
</if>
<if>
<branch type="IF" condition="${element_is_ok}==${TRUE}">
<break>
<status status="PASS" starttime="20230317 15:16:14.468" endtime="20230317 15:16:14.506"/>
</break>
<status status="PASS" starttime="20230317 15:16:14.437" endtime="20230317 15:16:14.540"/>
</branch>
<status status="PASS" starttime="20230317 15:16:14.437" endtime="20230317 15:16:14.577"/>
</if>
<kw name="Swipe Down 50" library="common">
<status status="NOT RUN" starttime="20230317 15:16:14.577" endtime="20230317 15:16:14.611"/>
</kw>
<kw name="Evaluate" library="BuiltIn">
<var>${m_counter}</var>
<arg>${m_counter}+1</arg>
<doc>Evaluates the given expression in Python and returns the result.</doc>
<status status="NOT RUN" starttime="20230317 15:16:14.646" endtime="20230317 15:16:14.681"/>
</kw>
<if>
<branch type="IF" condition="${m_counter}&lt;${how_wanna_scroll_down}">
<kw name="Log" library="BuiltIn">
<arg>End Loop</arg>
<doc>Logs the given message with the given level.</doc>
<status status="NOT RUN" starttime="20230317 15:16:14.753" endtime="20230317 15:16:14.788"/>
</kw>
<status status="NOT RUN" starttime="20230317 15:16:14.715" endtime="20230317 15:16:14.822"/>
</branch>
<branch type="ELSE">
<kw name="Fail" library="BuiltIn">
<arg>Element Wasn Found</arg>
<doc>Fails the test with the given message and optionally alters its tags.</doc>
<status status="NOT RUN" starttime="20230317 15:16:14.892" endtime="20230317 15:16:14.928"/>
</kw>
<status status="NOT RUN" starttime="20230317 15:16:14.857" endtime="20230317 15:16:14.962"/>
</branch>
<status status="NOT RUN" starttime="20230317 15:16:14.715" endtime="20230317 15:16:14.996"/>
</if>
<status status="PASS" starttime="20230317 15:15:46.090" endtime="20230317 15:16:14.996"/>
</iter>
<status status="PASS" starttime="20230317 15:15:10.051" endtime="20230317 15:16:15.030"/>
</while>
<status status="PASS" starttime="20230317 15:15:09.941" endtime="20230317 15:16:15.063"/>
</kw>
<status status="PASS" starttime="20230317 15:15:09.907" endtime="20230317 15:16:15.097"/>
</kw>
<status status="PASS" starttime="20230317 15:14:49.300" endtime="20230317 15:16:15.133"/>
</test>
<doc>Common TC</doc>
<status status="PASS" starttime="20230317 15:12:52.291" endtime="20230317 15:16:15.167"/>
</suite>
<statistics>
<total>
<stat pass="4" fail="0" skip="0">All Tests</stat>
</total>
<tag>
<stat pass="1" fail="0" skip="0">2</stat>
</tag>
<suite>
<stat pass="4" fail="0" skip="0" id="s1" name="Test">Test</stat>
</suite>
</statistics>
<errors>
</errors>
</robot>
